     1                                  %include "../include/define.s"
     1                              <1>     BOOT_LOAD       equ     0x7C00
     2                              <1>     BOOT_END        equ     (BOOT_LOAD + BOOT_SIZE)
     3                              <1> 
     4                              <1>     BOOT_SIZE       equ     (1024 * 8)
     5                              <1>     SECT_SIZE       equ     (512)
     6                              <1>     BOOT_SECT       equ     (BOOT_SIZE / SECT_SIZE)
     7                              <1> 
     8                              <1>     E820_RECORD_SIZE    equ     20
     9                              <1> 
    10                              <1>     KERNEL_LOAD     equ     0x0010_1000
    11                              <1>     KERNEL_SIZE     equ     (1024 * 8)      ; カーネルサイズ
    12                              <1>     KERNEL_SECT     equ     (KERNEL_SIZE / SECT_SIZE)
     2                                  %include "../include/macro.s"
     1                              <1> %macro  cdecl 1-*.nolist
     2                              <1> 
     3                              <1>     %rep    %0 - 1
     4                              <1>         push    %{-1:-1}
     5                              <1>         %rotate -1
     6                              <1>     %endrep
     7                              <1>     %rotate - 1
     8                              <1> 
     9                              <1>         call    %1
    10                              <1> 
    11                              <1>     %if 1 < %0
    12                              <1>         add     sp, (__BITS__ >> 3) * (%0 - 1)
    13                              <1>     %endif
    14                              <1> 
    15                              <1> %endmacro
    16                              <1> 
    17                              <1> struc drive
    18 00000000 <res 00000002>      <1>         .no     resw    1           ; ドライブ番号
    19 00000002 <res 00000002>      <1>         .cyln   resw    1           ; シリンダ
    20 00000004 <res 00000002>      <1>         .head   resw    1           ; ヘッド
    21 00000006 <res 00000002>      <1>         .sect   resw    1           ; セクタ
    22                              <1> endstruc
     3                                  
     4                                          ORG     KERNEL_LOAD
     5                                  
     6                                  [BITS 32]
     7                                  ;************************************************
     8                                  ;   エントリポイント
     9                                  ;************************************************
    10                                  kernel:
    11                                          ;----------------------------------
    12                                          ; フォントアドレスを取得
    13                                          ;----------------------------------
    14 00000000 BE007E0000                      mov     esi, BOOT_LOAD + SECT_SIZE      ; ESI = 0x7C00 + 512;
    15 00000005 0FB706                          movzx   eax, word [esi + 0]             ; EAX = [ESI + 0]; // セグメント
    16 00000008 0FB75E02                        movzx   ebx, word [esi + 2]             ; EBX = [ESI + 2]; // オフセット
    17 0000000C C1E004                          shl     eax, 4                          ; EAX <<= 4;
    18 0000000F 01D8                            add     eax, ebx                        ; EAX += EBX;
    19 00000011 A3[48010000]                    mov     [FONT_ADR], eax                 ; FONT_ADR[0] = EAX;
    20                                          
    21                                          ;---------------------------------------
    22                                          ; フォントの一覧表示
    23                                          ;---------------------------------------
    24 00000016 6A0D6A3FE8A4020000-             cdecl   draw_font, 63, 13               ; // フォントの一覧表示
    24 0000001F 6683C408           
    25 00000023 6A046A3FE825030000-             cdecl   draw_color_bar, 63, 4           ; // カラーバーの表示
    25 0000002C 6683C408           
    26                                  
    27 00000030 68[39010000]680F01-             cdecl   draw_str, 25, 14, 0x010F, .s0
    27 00000038 00006A0E6A19E8C502-
    27 00000041 00006683C410       
    28                                  
    29 00000047 6A016A046A08E87903-             cdecl   draw_pixel,  8,  4, 0x01
    29 00000050 00006683C40C       
    30 00000056 6A016A056A09E86A03-             cdecl   draw_pixel,  9,  5, 0x01
    30 0000005F 00006683C40C       
    31 00000065 6A026A066A0AE85B03-             cdecl   draw_pixel, 10,  6, 0x02
    31 0000006E 00006683C40C       
    32 00000074 6A026A076A0BE84C03-             cdecl   draw_pixel, 11,  7, 0x02
    32 0000007D 00006683C40C       
    33 00000083 6A036A086A0CE83D03-             cdecl   draw_pixel, 12,  8, 0x03
    33 0000008C 00006683C40C       
    34 00000092 6A036A096A0DE82E03-             cdecl   draw_pixel, 13,  9, 0x03
    34 0000009B 00006683C40C       
    35 000000A1 6A046A0A6A0EE81F03-             cdecl   draw_pixel, 14, 10, 0x04
    35 000000AA 00006683C40C       
    36 000000B0 6A046A0B6A0FE81003-             cdecl   draw_pixel, 15, 11, 0x04
    36 000000B9 00006683C40C       
    37                                          
    38 000000BF 6A036A046A0FE80103-             cdecl   draw_pixel, 15,  4, 0x03
    38 000000C8 00006683C40C       
    39 000000CE 6A036A056A0EE8F202-             cdecl   draw_pixel, 14,  5, 0x03
    39 000000D7 00006683C40C       
    40 000000DD 6A046A066A0DE8E302-             cdecl   draw_pixel, 13,  6, 0x04
    40 000000E6 00006683C40C       
    41 000000EC 6A046A076A0CE8D402-             cdecl   draw_pixel, 12,  7, 0x04
    41 000000F5 00006683C40C       
    42 000000FB 6A016A086A0BE8C502-             cdecl   draw_pixel, 11,  8, 0x01
    42 00000104 00006683C40C       
    43 0000010A 6A016A096A0AE8B602-             cdecl   draw_pixel, 10,  9, 0x01
    43 00000113 00006683C40C       
    44 00000119 6A026A0A6A09E8A702-             cdecl   draw_pixel,  9, 10, 0x02
    44 00000122 00006683C40C       
    45 00000128 6A026A0B6A08E89802-             cdecl   draw_pixel,  8, 11, 0x02
    45 00000131 00006683C40C       
    46                                  
    47                                          ;----------------------------------
    48                                          ; 処理の終了
    49                                          ;----------------------------------
    50 00000137 EBFE                            jmp     $                               ; while(1);     // 無限ループ
    51                                  
    52 00000139 48656C6C6F206B6572-     .s0:    db  "Hello kernel!", 0
    52 00000142 6E656C2100         
    53                                  
    54 00000147 00                      ALIGN 4, db 0
    55 00000148 00000000                FONT_ADR:       dd  0
    56                                  
    57                                  ;************************************************
    58                                  ;   モジュール
    59                                  ;************************************************
    60                                  %include  "../modules/protect/vga.s"
     1                              <1> vga_set_read_plane:
     2                              <1>         ;---------------------------------
     3                              <1>         ; スタックフレームの構築
     4                              <1>         ;---------------------------------
     5                              <1>                                             ;    + 8| プレーン (インデックス)
     6                              <1>                                             ; ------+---------------
     7 0000014C 55                  <1>         push    ebp                         ;    + 4| EIP (戻り番地)
     8 0000014D 89E5                <1>         mov     ebp, esp                    ; EBP+ 0| EBP (元の値)
     9                              <1>                                             ;-------+---------------
    10                              <1> 
    11                              <1>         ;---------------------------------
    12                              <1>         ; レジスタの保存
    13                              <1>         ;---------------------------------
    14 0000014F 50                  <1>         push    eax
    15 00000150 52                  <1>         push    edx
    16                              <1> 
    17                              <1>         ;---------------------------------
    18                              <1>         ; 読み込みプレーンの選択
    19                              <1>         ;---------------------------------
    20 00000151 8A6508              <1>         mov     ah, [ebp + 8]
    21 00000154 80E403              <1>         and     ah, 0x03
    22 00000157 B004                <1>         mov     al, 0x04
    23 00000159 66BACE03            <1>         mov     dx, 0x03CE
    24 0000015D 66EF                <1>         out     dx, ax
    25                              <1> 
    26                              <1>         ;---------------------------------
    27                              <1>         ; レジスタの復帰
    28                              <1>         ;---------------------------------
    29 0000015F 5A                  <1>         pop     edx
    30 00000160 58                  <1>         pop     eax
    31                              <1> 
    32                              <1>         ;---------------------------------
    33                              <1>         ; スタックフレームの破棄
    34                              <1>         ;---------------------------------
    35 00000161 89EC                <1>         mov     esp, ebp
    36 00000163 5D                  <1>         pop     ebp
    37                              <1> 
    38 00000164 C3                  <1>         ret
    39                              <1> 
    40                              <1> vga_set_write_plane:
    41                              <1>         ;---------------------------------
    42                              <1>         ; スタックフレームの構築
    43                              <1>         ;---------------------------------
    44                              <1>                                             ;    + 8| プレーン (ビット指定)
    45                              <1>                                             ; ------+---------------
    46 00000165 55                  <1>         push    ebp                         ;    + 4| EIP (戻り番地)
    47 00000166 89E5                <1>         mov     ebp, esp                    ; EBP+ 0| EBP (元の値)
    48                              <1>                                             ;-------+---------------
    49                              <1> 
    50                              <1>         ;---------------------------------
    51                              <1>         ; レジスタの保存
    52                              <1>         ;---------------------------------
    53 00000168 50                  <1>         push    eax
    54 00000169 52                  <1>         push    edx
    55                              <1> 
    56                              <1>         ;---------------------------------
    57                              <1>         ; 書き込みプレーンの選択
    58                              <1>         ;---------------------------------
    59 0000016A 8A6508              <1>         mov     ah, [ebp + 8]
    60 0000016D 80E40F              <1>         and     ah, 0x0F
    61 00000170 B002                <1>         mov     al, 0x02
    62 00000172 66BAC403            <1>         mov     dx, 0x03C4
    63 00000176 66EF                <1>         out     dx, ax
    64                              <1> 
    65                              <1>         ;---------------------------------
    66                              <1>         ; レジスタの復帰
    67                              <1>         ;---------------------------------
    68 00000178 5A                  <1>         pop     edx
    69 00000179 58                  <1>         pop     eax
    70                              <1> 
    71                              <1>         ;---------------------------------
    72                              <1>         ; スタックフレームの破棄
    73                              <1>         ;---------------------------------
    74 0000017A 89EC                <1>         mov     esp, ebp
    75 0000017C 5D                  <1>         pop     ebp
    76                              <1> 
    77 0000017D C3                  <1>         ret
    78                              <1> 
    79                              <1> vram_font_copy:
    80                              <1>         ;---------------------------------
    81                              <1>         ; スタックフレームの構築
    82                              <1>         ;---------------------------------
    83                              <1>                                             ;    +20| 描画色
    84                              <1>                                             ;    +16| プレーン(ビット指定)
    85                              <1>                                             ;    +12| VRAMアドレス
    86                              <1>                                             ;    + 8| フォントアドレス
    87                              <1>                                             ; ------+---------------
    88 0000017E 55                  <1>         push    ebp                         ;    + 4| EIP (戻り番地)
    89 0000017F 89E5                <1>         mov     ebp, esp                    ; EBP+ 0| EBP (元の値)
    90                              <1>                                             ; ------+---------------
    91                              <1> 
    92                              <1>         ;---------------------------------
    93                              <1>         ; レジスタの保存
    94                              <1>         ;---------------------------------
    95 00000181 50                  <1>         push    eax
    96 00000182 53                  <1>         push    ebx
    97 00000183 51                  <1>         push    ecx
    98 00000184 52                  <1>         push    edx
    99 00000185 56                  <1>         push    esi
   100 00000186 57                  <1>         push    edi
   101                              <1> 
   102                              <1>         ;---------------------------------
   103                              <1>         ; 処理の開始
   104                              <1>         ;---------------------------------
   105 00000187 8B7508              <1>         mov     esi, [ebp + 8]
   106 0000018A 8B7D0C              <1>         mov     edi, [ebp +12]
   107 0000018D 0FB64510            <1>         movzx   eax, byte [ebp +16]
   108 00000191 0FB75D14            <1>         movzx   ebx, word [ebp + 20]
   109                              <1> 
   110 00000195 84C7                <1>         test    bh, al
   111 00000197 0F94C6              <1>         setz    dh
   112 0000019A FECE                <1>         dec     dh
   113                              <1> 
   114 0000019C 84C3                <1>         test    bl, al
   115 0000019E 0F94C2              <1>         setz    dl
   116 000001A1 FECA                <1>         dec     dl
   117                              <1> 
   118                              <1>         ;---------------------------------
   119                              <1>         ; 16ドットフォントのコピー
   120                              <1>         ;---------------------------------
   121 000001A3 FC                  <1>         cld
   122                              <1> 
   123 000001A4 B910000000          <1>         mov     ecx, 16
   124                              <1> .10L:
   125                              <1>         ;---------------------------------
   126                              <1>         ; フォントマスクの作成
   127                              <1>         ;---------------------------------
   128 000001A9 AC                  <1>         lodsb
   129 000001AA 88C4                <1>         mov     ah, al
   130 000001AC F6D4                <1>         not     ah
   131                              <1> 
   132                              <1>         ;---------------------------------
   133                              <1>         ; 前景色
   134                              <1>         ;---------------------------------
   135                              <1> 
   136 000001AE 20D0                <1>         and     al, dl
   137                              <1> 
   138                              <1>         ;---------------------------------
   139                              <1>         ; 背景色
   140                              <1>         ;---------------------------------
   141 000001B0 F7C310000000        <1>         test    ebx, 0x0010
   142 000001B6 7404                <1>         jz      .11F
   143 000001B8 2227                <1>         and     ah, [edi]
   144 000001BA EB02                <1>         jmp     .11E
   145                              <1> .11F:
   146                              <1> 
   147 000001BC 20F4                <1>         and     ah, dh
   148                              <1> .11E:
   149                              <1> 
   150                              <1>         ;---------------------------------
   151                              <1>         ; 前景色と背景色を合成
   152                              <1>         ;---------------------------------
   153 000001BE 08E0                <1>         or      al, ah
   154                              <1> 
   155                              <1>         ;---------------------------------
   156                              <1>         ; 新しい値を出力
   157                              <1>         ;---------------------------------
   158 000001C0 8807                <1>         mov     [edi], al
   159                              <1> 
   160 000001C2 83C750              <1>         add     edi, 80
   161 000001C5 E2E2                <1>         loop    .10L
   162                              <1> .10E:
   163                              <1> 
   164                              <1>         ;---------------------------------
   165                              <1>         ; レジスタの復帰
   166                              <1>         ;---------------------------------
   167 000001C7 5F                  <1>         pop     edi
   168 000001C8 5E                  <1>         pop     esi
   169 000001C9 5A                  <1>         pop     edx
   170 000001CA 59                  <1>         pop     ecx
   171 000001CB 5B                  <1>         pop     ebx
   172 000001CC 58                  <1>         pop     eax
   173                              <1> 
   174                              <1>         ;---------------------------------
   175                              <1>         ; スタックフレームの破棄
   176                              <1>         ;---------------------------------
   177 000001CD 89EC                <1>         mov     esp, ebp
   178 000001CF 5D                  <1>         pop     ebp
   179                              <1> 
   180 000001D0 C3                  <1>         ret
   181                              <1> 
   182                              <1> vram_bit_copy:
   183                              <1>         ;---------------------------------------
   184                              <1>         ; スタックフレームの構築
   185                              <1>         ;---------------------------------------
   186                              <1>                                                 ; EBP+20| 色（背景/前景色）
   187                              <1>                                                 ; EBP+16| プレーン（ビット指定）
   188                              <1>                                                 ; EBP+12| VRAMアドレス
   189                              <1>                                                 ; EBP+ 8| 出力ビットパターン
   190                              <1> 	                                        ; ------+----------------
   191 000001D1 55                  <1>         push    ebp				; EBP+ 4| EIP（戻り番地）
   192 000001D2 89E5                <1>         mov     ebp, esp			; EBP+ 0| EBP（元の値）
   193                              <1> 						; ------+----------------
   194                              <1> 
   195                              <1>         ;---------------------------------------
   196                              <1>         ; レジスタの保存
   197                              <1>         ;---------------------------------------
   198 000001D4 50                  <1>         push    eax
   199 000001D5 53                  <1>         push    ebx
   200 000001D6 57                  <1>         push    edi
   201                              <1> 
   202                              <1>         ;---------------------------------------
   203                              <1>         ; 処理の開始
   204                              <1>         ;---------------------------------------
   205 000001D7 8B7D0C              <1>         mov     edi, [ebp + 12]                 ; EDI = VRAMアドレス;
   206 000001DA 0FB64510            <1>         movzx   eax, byte [ebp + 16]            ; EAX = プレーン(ビット指定);
   207 000001DE 0FB75D14            <1>         movzx   ebx, word [ebp + 20]            ; EBX = 表示色;
   208                              <1> 
   209 000001E2 84C3                <1>         test    bl, al                          ; ZF = (前景色 & プレーン);
   210 000001E4 0F94C3              <1>         setz    bl                              ; BL = ZF ? 0x01 : 0x00;
   211 000001E7 FECB                <1>         dec     bl                              ; BL--; // 0x00 or 0xFF
   212                              <1> 
   213                              <1>         ;---------------------------------------
   214                              <1>         ;  マスクデータの作成
   215                              <1>         ;---------------------------------------
   216 000001E9 8A4508              <1>         mov     al, [ebp + 8]                   ; AL = 出力ビットパターン;
   217 000001EC 88C4                <1>         mov     ah, al                          ; AH ~= AL;     // !出力ビットパターン(ビット反転)
   218 000001EE F6D4                <1>         not     ah
   219                              <1> 
   220                              <1>         ;---------------------------------------
   221                              <1>         ; 現在地の出力を取得
   222                              <1>         ;---------------------------------------
   223 000001F0 2227                <1>         and     ah, [edi]                       ; AH = 現在地 & !出力ビットパターン;
   224 000001F2 20D8                <1>         and     al, bl                          ; AL = 表示色 &  出力ビットパターン;
   225 000001F4 08E0                <1>         or      al, ah                          ; AL |= AH;
   226                              <1> 
   227                              <1>         ;---------------------------------------
   228                              <1>         ; 新しい値を出力
   229                              <1>         ;---------------------------------------
   230 000001F6 8807                <1>         mov     [edi], al                       ; [EDI] = BL;   // プレーンに書き込む
   231                              <1> 
   232                              <1>         ;---------------------------------------
   233                              <1>         ; レジスタの復帰
   234                              <1>         ;---------------------------------------
   235 000001F8 5F                  <1>         pop     edi
   236 000001F9 5B                  <1>         pop     ebx
   237 000001FA 58                  <1>         pop     eax
   238                              <1> 
   239                              <1>         ;---------------------------------------
   240                              <1>         ; スタックフレームの破棄
   241                              <1>         ;---------------------------------------
   242 000001FB 89EC                <1>         mov     esp, ebp
   243 000001FD 5D                  <1>         pop     ebp
   244                              <1> 
   245 000001FE C3                  <1>         ret
    61                                  %include  "../modules/protect/draw_char.s"
     1                              <1> draw_char:
     2                              <1>     ;---------------------------------
     3                              <1>     ;   スタックフレームの構築
     4                              <1>     ;---------------------------------
     5                              <1>                                         ;     +20| 文字
     6                              <1>                                         ;     +16| 描画色
     7                              <1>                                         ;     +12| 行
     8                              <1>                                         ;     + 8| 列
     9                              <1>                                         ;  ------|------
    10 000001FF 55                  <1>     push    ebp                         ;  EBP+ 4| IP(戻り番地)
    11 00000200 89E5                <1>     mov     ebp, esp                    ;  EBP+ 0| BP(元の値)
    12                              <1>                                         ;  ------+------
    13                              <1> 
    14                              <1>     ;---------------------------------
    15                              <1>     ; レジスタの保存
    16                              <1>     ;---------------------------------
    17 00000202 50                  <1>     push    eax
    18 00000203 53                  <1>     push    ebx
    19 00000204 51                  <1>     push    ecx
    20 00000205 52                  <1>     push    edx
    21 00000206 56                  <1>     push    esi
    22 00000207 57                  <1>     push    edi
    23                              <1> 
    24                              <1>     ;---------------------------------------
    25                              <1>     ; テストアンドセット
    26                              <1>     ;---------------------------------------
    27                              <1> %ifdef	USE_TEST_AND_SET
    28                              <1>     cdecl	test_and_set, IN_USE			; TEST_AND_SET(IN_USE); // リソースの空き待ち
    29                              <1> %endif
    30                              <1> 
    31                              <1>     ;---------------------------------------
    32                              <1>     ; コピー元フォントアドレスを設定
    33                              <1>     ;---------------------------------------
    34 00000208 0FB67514            <1>     movzx   esi, byte [ebp + 20]            ; CL  = 文字コード;
    35 0000020C C1E604              <1>     shl     esi, 4							; CL *= 16; // 1文字16バイト
    36 0000020F 0335[48010000]      <1>     add     esi, [FONT_ADR]					; ESI = フォントアドレス;
    37                              <1> 
    38                              <1>     ;---------------------------------------
    39                              <1>     ; コピー先アドレスを取得
    40                              <1>     ; Adr = 0xA0000 + (640 / 8 * 16) * y + x
    41                              <1>     ;---------------------------------------
    42 00000215 8B7D0C              <1>     mov     edi, [ebp + 12]                 ; Y（行）
    43 00000218 C1E708              <1>     shl     edi, 8							; EDI = Y * 256;
    44 0000021B 8DBCBF00000A00      <1>     lea     edi, [edi * 4 + edi + 0xA0000]	; EDI = Y *   4 + Y;
    45 00000222 037D08              <1>     add     edi, [ebp + 8]					; X（列）
    46                              <1> 
    47                              <1>     ;---------------------------------------
    48                              <1>     ; 1文字分のフォントを出力
    49                              <1>     ;---------------------------------------
    50 00000225 0FB75D10            <1>     movzx   ebx, word [ebp + 16]            ; // 表示色
    51                              <1> 
    52 00000229 6A03E81CFFFFFF6683- <1>     cdecl   vga_set_read_plane, 0x03		; // 書き込みプレーン：輝度(I)
    52 00000232 C404                <1>
    53 00000234 6A08E82AFFFFFF6683- <1>     cdecl   vga_set_write_plane, 0x08		; // 読み込みプレーン：輝度(I)
    53 0000023D C404                <1>
    54 0000023F 536A085756E835FFFF- <1>     cdecl   vram_font_copy, esi, edi, 0x08, ebx
    54 00000248 FF6683C410          <1>
    55                              <1> 
    56 0000024D 6A02E8F8FEFFFF6683- <1>     cdecl   vga_set_read_plane, 0x02		; // 書き込みプレーン：赤(R)
    56 00000256 C404                <1>
    57 00000258 6A04E806FFFFFF6683- <1>     cdecl   vga_set_write_plane, 0x04		; // 読み込みプレーン：赤(R)
    57 00000261 C404                <1>
    58 00000263 536A045756E811FFFF- <1>     cdecl   vram_font_copy, esi, edi, 0x04, ebx
    58 0000026C FF6683C410          <1>
    59                              <1> 
    60 00000271 6A01E8D4FEFFFF6683- <1>     cdecl   vga_set_read_plane, 0x01		; // 書き込みプレーン：緑(G)
    60 0000027A C404                <1>
    61 0000027C 6A02E8E2FEFFFF6683- <1>     cdecl   vga_set_write_plane, 0x02		; // 読み込みプレーン：緑(G)
    61 00000285 C404                <1>
    62 00000287 536A025756E8EDFEFF- <1>     cdecl   vram_font_copy, esi, edi, 0x02, ebx
    62 00000290 FF6683C410          <1>
    63                              <1> 
    64 00000295 6A00E8B0FEFFFF6683- <1>     cdecl   vga_set_read_plane, 0x00		; // 書き込みプレーン：青(B)
    64 0000029E C404                <1>
    65 000002A0 6A01E8BEFEFFFF6683- <1>     cdecl   vga_set_write_plane, 0x01		; // 読み込みプレーン：青(B)
    65 000002A9 C404                <1>
    66 000002AB 536A015756E8C9FEFF- <1>     cdecl   vram_font_copy, esi, edi, 0x01, ebx
    66 000002B4 FF6683C410          <1>
    67                              <1> 
    68                              <1> %ifdef	USE_TEST_AND_SET
    69                              <1>     ;---------------------------------------
    70                              <1>     ; テストアンドセット
    71                              <1>     ;---------------------------------------
    72                              <1>     mov		[IN_USE], dword 0				; 変数のクリア
    73                              <1> %endif
    74                              <1> 
    75                              <1>     ;---------------------------------
    76                              <1>     ; レジスタの復帰
    77                              <1>     ;---------------------------------
    78 000002B9 5F                  <1>     pop     edi
    79 000002BA 5E                  <1>     pop     esi
    80 000002BB 5A                  <1>     pop     edx
    81 000002BC 59                  <1>     pop     ecx
    82 000002BD 5B                  <1>     pop     ebx
    83 000002BE 58                  <1>     pop     eax
    84                              <1> 
    85                              <1>     ;---------------------------------
    86                              <1>     ; スタックフレームの破棄
    87                              <1>     ;---------------------------------
    88 000002BF 89EC                <1>     mov     esp, ebp
    89 000002C1 5D                  <1>     pop     ebp
    90                              <1> 
    91 000002C2 C3                  <1>     ret
    92                              <1> 
    93                              <1> %ifdef USE_TEST_AND_SET
    94                              <1> ALIGN 4, db 0
    95                              <1> IN_USE:	dd	0
    96                              <1> %endif
    62                                  %include  "../modules/protect/draw_font.s"
     1                              <1> draw_font:
     2                              <1>         ;----------------------------------
     3                              <1>         ; スタックフレームの構築
     4                              <1>         ;----------------------------------
     5                              <1> 												; EBP+12| Y（行）
     6                              <1> 												; EBP+ 8| X（列）
     7                              <1> 												; ---------------
     8 000002C3 55                  <1>         push    ebp								; EBP+ 4| EIP（戻り番地）
     9 000002C4 89E5                <1>         mov     ebp, esp						; EBP+ 0| EBP（元の値）
    10                              <1> 												; ---------------
    11                              <1> 
    12                              <1>         ;----------------------------------
    13                              <1>         ; レジスタの保存
    14                              <1>         ;----------------------------------
    15 000002C6 50                  <1>         push    eax
    16 000002C7 53                  <1>         push    ebx
    17 000002C8 51                  <1>         push    ecx
    18 000002C9 52                  <1>         push    edx
    19 000002CA 56                  <1>         push    esi
    20 000002CB 57                  <1>         push    edi
    21                              <1> 
    22                              <1>         ;----------------------------------
    23                              <1>         ; 表示位置
    24                              <1>         ;----------------------------------
    25 000002CC 8B7508              <1>         mov     esi, [ebp + 8]					; ESI = X（列）
    26 000002CF 8B7D0C              <1>         mov     edi, [ebp +12]					; EDI = Y（行）
    27                              <1> 
    28                              <1>         ;----------------------------------
    29                              <1>         ; フォント一覧を表示
    30                              <1>         ;----------------------------------
    31 000002D2 B900000000          <1>         mov     ecx, 0							; for (ECX = 0;
    32 000002D7 81F900010000        <1> .10L:   cmp     ecx, 256						;      ECX < 256;
    33 000002DD 731F                <1>         jae     .10E                            ;
    34                              <1> 												;      ECX++)
    35                              <1> 												; {
    36                              <1> 												;   // 桁位置の計算
    37 000002DF 89C8                <1>         mov     eax, ecx						;   EAX  = ECX;
    38 000002E1 83E00F              <1>         and     eax, 0x0F						;   EAX &= 0x0F
    39 000002E4 01F0                <1>         add     eax, esi						;   EAX += X;
    40                              <1>                                                 ;
    41                              <1> 												;   // 行位置の計算
    42 000002E6 89CB                <1>         mov     ebx, ecx						;   EBX  = ECX;
    43 000002E8 C1EB04              <1>         shr     ebx, 4							;   EBX /= 16
    44 000002EB 01FB                <1>         add     ebx, edi						;   EBX += Y;
    45                              <1> 
    46 000002ED 516A075350E808FFFF- <1>         cdecl   draw_char, eax, ebx, 0x07, ecx	;   draw_char();
    46 000002F6 FF6683C410          <1>
    47                              <1> 
    48 000002FB 41                  <1>         inc     ecx								;   // for (... ECX++)
    49 000002FC EBD9                <1>         jmp     .10L                            ;
    50                              <1> .10E:                                           ; }
    51                              <1> 
    52                              <1> 
    53                              <1> 
    54                              <1>         ;----------------------------------
    55                              <1>         ; レジスタの復帰
    56                              <1>         ;----------------------------------
    57 000002FE 5F                  <1>         pop     edi
    58 000002FF 5E                  <1>         pop     esi
    59 00000300 5A                  <1>         pop     edx
    60 00000301 59                  <1>         pop     ecx
    61 00000302 5B                  <1>         pop     ebx
    62 00000303 58                  <1>         pop     eax
    63                              <1> 
    64                              <1>         ;----------------------------------
    65                              <1>         ; スタックフレームの破棄
    66                              <1>         ;----------------------------------
    67 00000304 89EC                <1>         mov     esp, ebp
    68 00000306 5D                  <1>         pop     ebp
    69                              <1> 
    70 00000307 C3                  <1>         ret
    63                                  %include  "../modules/protect/draw_str.s"
     1                              <1> draw_str:
     2                              <1>         ;---------------------------------
     3                              <1>         ; スタックフレームの構築
     4                              <1>         ;---------------------------------
     5                              <1>                                             ;     +20| 文字列のアドレス
     6                              <1>                                             ;     +16| 色
     7                              <1>                                             ;     +12| 行
     8                              <1>                                             ;     + 8| 列
     9                              <1>                                             ; -------+--------------
    10 00000308 55                  <1>         push    ebp                         ;     + 4| EIP (戻り番地)
    11 00000309 89E5                <1>         mov     ebp, esp                    ; EBP + 0| EBP (元の値)
    12                              <1> 
    13                              <1>         ;---------------------------------
    14                              <1>         ; レジスタの保存
    15                              <1>         ;---------------------------------
    16 0000030B 50                  <1> 		push	eax
    17 0000030C 53                  <1> 		push	ebx
    18 0000030D 51                  <1> 		push	ecx
    19 0000030E 52                  <1> 		push	edx
    20 0000030F 56                  <1> 		push	esi
    21                              <1> 
    22                              <1>         ;---------------------------------
    23                              <1>         ; 文字列の表示
    24                              <1>         ;---------------------------------
    25 00000310 8B4D08              <1>         mov     ecx, [ebp + 8]              ; ECX = 列;
    26 00000313 8B550C              <1>         mov     edx, [ebp + 12]             ; EDX = 行;
    27 00000316 0FB75D10            <1>         movzx   ebx, word [ebp + 16]        ; EBX = 表示色;
    28 0000031A 8B7514              <1>         mov     esi, [ebp + 20]             ; ESI = 文字列のアドレス;
    29                              <1> 
    30 0000031D FC                  <1>         cld                                 ; DF = 0;   // アドレス加算
    31                              <1> .10L:                                       ; do
    32                              <1>                                             ; {
    33 0000031E AC                  <1>         lodsb                               ;    AL = *ESI++;
    34 0000031F 3C00                <1>         cmp     al, 0                       ;    if(0 == AL)
    35 00000321 7425                <1>         je      .10E                        ;      break;
    36                              <1> 
    37                              <1>         ;---------------------------------
    38                              <1>         ; 1文字表示
    39                              <1>         ;---------------------------------
    40 00000323 50535251E8D3FEFFFF- <1>         cdecl   draw_char, ecx, edx, ebx, eax   ;   draw_char();
    40 0000032C 6683C410            <1>
    41                              <1> 
    42                              <1>         ; 次の文字の位置を調整
    43 00000330 41                  <1>         inc     ecx                         ;   ECX++;
    44 00000331 83F950              <1>         cmp     ecx, 80                     ;   if(80 <= ECX)
    45 00000334 7C10                <1>         jl      .12E                        ;   {
    46 00000336 B900000000          <1>         mov     ecx, 0                      ;      ECX = 0;
    47 0000033B 42                  <1>         inc     edx                         ;      EDX++;
    48 0000033C 83FA1E              <1>         cmp     edx, 30                     ;      if(30 <= EDX)
    49 0000033F 7C05                <1>         jl      .12E                        ;      {
    50 00000341 BA00000000          <1>         mov     edx, 0                      ;         EDX = 0;
    51                              <1> .12E:                                       ;      }
    52 00000346 EBD6                <1>         jmp     .10L                        ;   }
    53                              <1> .10E:                                       ; } while(1);
    54                              <1>        
    55                              <1>         ;---------------------------------
    56                              <1>         ; レジスタの復帰
    57                              <1>         ;---------------------------------
    58 00000348 5E                  <1> 		pop		esi
    59 00000349 5A                  <1> 		pop		edx
    60 0000034A 59                  <1> 		pop		ecx
    61 0000034B 5B                  <1> 		pop		ebx
    62 0000034C 58                  <1> 		pop		eax
    63                              <1> 
    64                              <1>         ;---------------------------------
    65                              <1>         ; スタックフレームの破棄
    66                              <1>         ;---------------------------------
    67 0000034D 89EC                <1>         mov     esp, ebp
    68 0000034F 5D                  <1>         pop     ebp
    69                              <1> 
    70 00000350 C3                  <1>         ret
    64                                  %include  "../modules/protect/draw_color_bar.s"
     1                              <1> draw_color_bar:
     2                              <1>         ;---------------------------------------
     3                              <1>         ; スタックフレームの構築
     4                              <1>         ;---------------------------------------
     5                              <1>                                                 ; ---------------------
     6                              <1>                                                 ;     +12| Y(行)
     7                              <1>                                                 ;     + 8| X(列)
     8                              <1>                                                 ; -------+-------------
     9 00000351 55                  <1>         push    ebp                             ;     + 4| EIP(戻り番地)
    10 00000352 89E5                <1>         mov     ebp, esp                        ; EBP + 0| EBP(元の値)
    11                              <1>                                                 ; ---------------------
    12                              <1> 
    13                              <1> 		;---------------------------------------
    14                              <1> 		; レジスタの保存
    15                              <1> 		;---------------------------------------
    16 00000354 50                  <1> 		push	eax
    17 00000355 53                  <1> 		push	ebx
    18 00000356 51                  <1> 		push	ecx
    19 00000357 52                  <1> 		push	edx
    20 00000358 56                  <1> 		push	esi
    21 00000359 57                  <1> 		push	edi
    22                              <1> 
    23                              <1>         ;---------------------------------------
    24                              <1>         ; 表示位置
    25                              <1>         ;---------------------------------------
    26 0000035A 8B7508              <1>         mov     esi, [ebp + 8]                      ; ESI = X(列);
    27 0000035D 8B7D0C              <1>         mov     edi, [ebp +12]                      ; EDI = Y(行);
    28                              <1> 
    29                              <1>         ;---------------------------------------
    30                              <1>         ; カラーバーを表示
    31                              <1>         ;---------------------------------------
    32 00000360 B900000000          <1>         mov     ecx, 0                              ; for(ECX = 0;
    33 00000365 83F910              <1> .10L:   cmp     ecx, 16                             ;     ECX < 16;
    34 00000368 732E                <1>         jae     .10E                                ;
    35                              <1>                                                     ;     ECX++)
    36                              <1>                                                     ; {
    37                              <1>                                                     ;    // 桁位置の計算
    38 0000036A 89C8                <1>         mov     eax, ecx                            ;    EAX = ECX;
    39 0000036C 83E001              <1>         and     eax, 0x01                           ;    EAX &= 0x01;
    40 0000036F C1E003              <1>         shl     eax, 3                              ;    EAX *= 8;  // 8文字分乗算
    41 00000372 01F0                <1>         add     eax, esi                            ;    EAX += X;
    42                              <1>                                                     ;
    43                              <1>                                                     ;    // 行位置の計算
    44 00000374 89CB                <1>         mov     ebx, ecx                            ;    EBX = ECX;
    45 00000376 D1EB                <1>         shr     ebx, 1                              ;    EBX /= 2;
    46 00000378 01FB                <1>         add     ebx, edi                            ;    EBX += Y;
    47                              <1>                                                     ;
    48                              <1>                                                     ;    // 表示色の取得
    49 0000037A 89CA                <1>         mov     edx, ecx                            ;    EDX = ECX;
    50 0000037C D1E2                <1>         shl     edx, 1                              ;    EDX /= 2;
    51 0000037E 8B92[AB030000]      <1>         mov     edx, [.t0 + edx]                    ;    EDX += Y;
    52                              <1> 
    53 00000384 68[A2030000]525350- <1>         cdecl   draw_str, eax, ebx, edx, .s0        ;    draw_str();
    53 0000038C E877FFFFFF6683C410  <1>
    54                              <1> 
    55 00000395 41                  <1>         inc     ecx                                 ; // for(... ECX++)
    56 00000396 EBCD                <1>         jmp     .10L                                ;
    57                              <1> .10E:                                               ; }
    58                              <1> 
    59                              <1> 
    60                              <1>         ;---------------------------------------
    61                              <1>         ; レジスタの復帰
    62                              <1>         ;---------------------------------------
    63 00000398 5F                  <1>         pop     edi
    64 00000399 5E                  <1>         pop     esi
    65 0000039A 5A                  <1>         pop     edx
    66 0000039B 59                  <1>         pop     ecx
    67 0000039C 5B                  <1>         pop     ebx
    68 0000039D 58                  <1>         pop     eax
    69                              <1> 
    70                              <1>         ;---------------------------------------
    71                              <1>         ; スタックフレームの破棄
    72                              <1>         ;---------------------------------------
    73 0000039E 89EC                <1>         mov     esp, ebp
    74 000003A0 5D                  <1>         pop     ebp
    75                              <1> 
    76 000003A1 C3                  <1>         ret
    77                              <1> 
    78 000003A2 202020202020202000  <1> .s0:    db  '        ', 0                           ; 8文字分のスペース（表示色だけを変更）
    79                              <1> 
    80 000003AB 00000008            <1> .t0:    dw  0x0000, 0x0800                          ; カラーバーの背景色
    81 000003AF 00010009            <1>         dw  0x0100, 0x0900
    82 000003B3 0002000A            <1>         dw  0x0200, 0x0A00
    83 000003B7 0003000B            <1>         dw  0x0300, 0x0B00
    84 000003BB 0004000C            <1>         dw  0x0400, 0x0C00
    85 000003BF 0005000D            <1>         dw  0x0500, 0x0D00
    86 000003C3 0006000E            <1>         dw  0x0600, 0x0E00
    87 000003C7 0007000F            <1>         dw  0x0700, 0x0F00
    65                                  %include  "../modules/protect/draw_pixel.s"
     1                              <1> draw_pixel:
     2                              <1>         ;---------------------------------------
     3                              <1>         ; スタックフレームの構築
     4                              <1>         ;---------------------------------------
     5                              <1> 												; ------+--------
     6                              <1> 												; EBP+16| 色
     7                              <1> 												; EBP+12| Y
     8                              <1> 												; EBP+ 8| X
     9                              <1> 												; ------+--------
    10 000003CB 55                  <1>         push    ebp								; EBP+ 4| EIP（戻り番地）
    11 000003CC 89E5                <1>         mov     ebp, esp						; EBP+ 0| EBP（元の値）
    12                              <1> 												; ------+--------
    13                              <1> 
    14                              <1>         ;---------------------------------------
    15                              <1>         ; レジスタの保存
    16                              <1>         ;---------------------------------------
    17 000003CE 50                  <1>         push    eax
    18 000003CF 53                  <1>         push    ebx
    19 000003D0 51                  <1>         push    ecx
    20 000003D1 57                  <1>         push    edi
    21                              <1> 
    22                              <1>         ;---------------------------------------
    23                              <1>         ;
    24                              <1>         ;---------------------------------------
    25 000003D2 8B7D0C              <1>         mov     edi, [ebp + 12]					; EDI  = Y座標
    26 000003D5 C1E704              <1>         shl     edi, 4							; EDI *= 16;
    27 000003D8 8DBCBF00000A00      <1>         lea     edi, [edi * 4 + edi + 0xA_0000]	; EDI  = 0xA00000[EDI * 4 + EDI];
    28                              <1> 
    29                              <1> 		;---------------------------------------
    30                              <1> 		; X座標を1/8して加算
    31                              <1> 		;---------------------------------------
    32 000003DF 8B5D08              <1> 		mov		ebx, [ebp + 8]					; EBX  = X座標;
    33 000003E2 89D9                <1> 		mov		ecx, ebx						; ECX  = X座標;（一時保存）
    34 000003E4 C1EB03              <1> 		shr		ebx, 3							; EBX /= 8;
    35 000003E7 01DF                <1> 		add		edi, ebx						; EDI += EBX;
    36                              <1> 
    37                              <1> 		;---------------------------------------
    38                              <1> 		; X座標を8で割った余りからビット位置を計算
    39                              <1> 		; (0=0x80, 1=0x40,... 7=0x01)
    40                              <1> 		;---------------------------------------
    41 000003E9 83E107              <1> 		and		ecx, 0x07						; ECX = X & 0x07;
    42 000003EC BB80000000          <1> 		mov		ebx, 0x80						; EBX = 0x80;
    43 000003F1 D3EB                <1> 		shr		ebx, cl							; EBX >>= ECX;
    44                              <1> 
    45                              <1> 		;---------------------------------------
    46                              <1> 		; 色指定
    47                              <1> 		;---------------------------------------
    48 000003F3 8B4D10              <1> 		mov		ecx, [ebp +16]					; // 表示色
    49                              <1> 
    50                              <1> 		;---------------------------------------
    51                              <1> 		; プレーン毎に出力
    52                              <1> 		;---------------------------------------
    53 000003F6 6A03E84FFDFFFF6683- <1> 		cdecl	vga_set_read_plane, 0x03		; // 輝度(I)プレーンを選択
    53 000003FF C404                <1>
    54 00000401 6A08E85DFDFFFF6683- <1> 		cdecl	vga_set_write_plane, 0x08		; // 輝度(I)プレーンを選択
    54 0000040A C404                <1>
    55 0000040C 516A085753E8BBFDFF- <1> 		cdecl	vram_bit_copy, ebx, edi, 0x08, ecx
    55 00000415 FF6683C410          <1>
    56                              <1> 
    57 0000041A 6A02E82BFDFFFF6683- <1> 		cdecl	vga_set_read_plane, 0x02		; // 赤(R)プレーンを選択
    57 00000423 C404                <1>
    58 00000425 6A04E839FDFFFF6683- <1> 		cdecl	vga_set_write_plane, 0x04		; // 赤(R)プレーンを選択
    58 0000042E C404                <1>
    59 00000430 516A045753E897FDFF- <1> 		cdecl	vram_bit_copy, ebx, edi, 0x04, ecx
    59 00000439 FF6683C410          <1>
    60                              <1> 
    61 0000043E 6A01E807FDFFFF6683- <1> 		cdecl	vga_set_read_plane, 0x01		; // 緑(G)プレーンを選択
    61 00000447 C404                <1>
    62 00000449 6A02E815FDFFFF6683- <1> 		cdecl	vga_set_write_plane, 0x02		; // 緑(G)プレーンを選択
    62 00000452 C404                <1>
    63 00000454 516A025753E873FDFF- <1> 		cdecl	vram_bit_copy, ebx, edi, 0x02, ecx
    63 0000045D FF6683C410          <1>
    64                              <1> 
    65 00000462 6A00E8E3FCFFFF6683- <1> 		cdecl	vga_set_read_plane, 0x00		; // 青(B)プレーンを選択
    65 0000046B C404                <1>
    66 0000046D 6A01E8F1FCFFFF6683- <1> 		cdecl	vga_set_write_plane, 0x01		; // 青(B)プレーンを選択
    66 00000476 C404                <1>
    67 00000478 516A015753E84FFDFF- <1> 		cdecl	vram_bit_copy, ebx, edi, 0x01, ecx
    67 00000481 FF6683C410          <1>
    68                              <1> 
    69                              <1>         ;---------------------------------------
    70                              <1>         ; レジスタの復帰
    71                              <1>         ;---------------------------------------
    72 00000486 5F                  <1>         pop     edi
    73 00000487 59                  <1>         pop     ecx
    74 00000488 5B                  <1>         pop     ebx
    75 00000489 58                  <1>         pop     eax
    76                              <1> 
    77                              <1>         ;---------------------------------------
    78                              <1>         ; スタックフレームの破棄
    79                              <1>         ;---------------------------------------
    80 0000048A 89EC                <1>         mov     esp, ebp
    81 0000048C 5D                  <1>         pop     ebp
    82                              <1> 
    83 0000048D C3                  <1>         ret
    66                                  
    67                                  ;************************************************
    68                                  ;   パディング
    69                                  ;************************************************
    70 0000048E 00<rept>                        times   KERNEL_SIZE - ($ - $$)      db  0x00
