     1                                  %include "../include/define.s"
     1                              <1>     BOOT_LOAD       equ     0x7C00
     2                              <1>     BOOT_END        equ     (BOOT_LOAD + BOOT_SIZE)
     3                              <1> 
     4                              <1>     BOOT_SIZE       equ     (1024 * 8)
     5                              <1>     SECT_SIZE       equ     (512)
     6                              <1>     BOOT_SECT       equ     (BOOT_SIZE / SECT_SIZE)
     7                              <1> 
     8                              <1>     E820_RECORD_SIZE    equ     20
     9                              <1> 
    10                              <1>     KERNEL_LOAD     equ     0x0010_1000
    11                              <1>     KERNEL_SIZE     equ     (1024 * 8)      ; カーネルサイズ
    12                              <1>     KERNEL_SECT     equ     (KERNEL_SIZE / SECT_SIZE)
     2                                  %include "../include/macro.s"
     1                              <1> %macro  cdecl 1-*.nolist
     2                              <1> 
     3                              <1>     %rep    %0 - 1
     4                              <1>         push    %{-1:-1}
     5                              <1>         %rotate -1
     6                              <1>     %endrep
     7                              <1>     %rotate - 1
     8                              <1> 
     9                              <1>         call    %1
    10                              <1> 
    11                              <1>     %if 1 < %0
    12                              <1>         add     sp, (__BITS__ >> 3) * (%0 - 1)
    13                              <1>     %endif
    14                              <1> 
    15                              <1> %endmacro
    16                              <1> 
    17                              <1> struc drive
    18 00000000 <res 00000002>      <1>         .no     resw    1           ; ドライブ番号
    19 00000002 <res 00000002>      <1>         .cyln   resw    1           ; シリンダ
    20 00000004 <res 00000002>      <1>         .head   resw    1           ; ヘッド
    21 00000006 <res 00000002>      <1>         .sect   resw    1           ; セクタ
    22                              <1> endstruc
     3                                  
     4                                          ORG     KERNEL_LOAD
     5                                  
     6                                  [BITS 32]
     7                                  ;************************************************
     8                                  ;   エントリポイント
     9                                  ;************************************************
    10                                  kernel:
    11                                          ;----------------------------------
    12                                          ; フォントアドレスを取得
    13                                          ;----------------------------------
    14 00000000 BE007E0000                      mov     esi, BOOT_LOAD + SECT_SIZE      ; ESI = 0x7C00 + 512;
    15 00000005 0FB706                          movzx   eax, word [esi + 0]             ; EAX = [ESI + 0]; // セグメント
    16 00000008 0FB75E02                        movzx   ebx, word [esi + 2]             ; EBX = [ESI + 2]; // オフセット
    17 0000000C C1E004                          shl     eax, 4                          ; EAX <<= 4;
    18 0000000F 01D8                            add     eax, ebx                        ; EAX += EBX;
    19 00000011 A3[B4010000]                    mov     [FONT_ADR], eax                 ; FONT_ADR[0] = EAX;
    20                                          
    21                                          ;---------------------------------------
    22                                          ; フォントの一覧表示
    23                                          ;---------------------------------------
    24 00000016 6A0D6A3FE810030000-             cdecl   draw_font, 63, 13               ; // フォントの一覧表示
    24 0000001F 6683C408           
    25 00000023 6A046A3FE891030000-             cdecl   draw_color_bar, 63, 4           ; // カラーバーの表示
    25 0000002C 6683C408           
    26                                  
    27 00000030 68[A3010000]680F01-             cdecl   draw_str, 25, 14, 0x010F, .s0
    27 00000038 00006A0E6A19E83103-
    27 00000041 00006683C410       
    28                                  
    29 00000047 6A0F6A006A006A646A-             cdecl   draw_line, 100, 100,   0,   0, 0x0F
    29 00000050 64E8A40400006683C4-
    29 00000059 14                 
    30 0000005A 6A0F6A0068C8000000-             cdecl   draw_line, 100, 100, 200,   0, 0x0F
    30 00000063 6A646A64E88E040000-
    30 0000006C 6683C414           
    31 00000070 6A0F68C800000068C8-             cdecl   draw_line, 100, 100, 200, 200, 0x0F
    31 00000079 0000006A646A64E875-
    31 00000082 0400006683C414     
    32 00000089 6A0F68C80000006A00-             cdecl   draw_line, 100, 100,   0, 200, 0x0F
    32 00000092 6A646A64E85F040000-
    32 0000009B 6683C414           
    33                                          
    34 0000009F 6A026A006A326A646A-             cdecl   draw_line, 100, 100,  50,   0, 0x02
    34 000000A8 64E84C0400006683C4-
    34 000000B1 14                 
    35 000000B2 6A036A006896000000-             cdecl   draw_line, 100, 100, 150,   0, 0x03
    35 000000BB 6A646A64E836040000-
    35 000000C4 6683C414           
    36 000000C8 6A0468C80000006896-             cdecl   draw_line, 100, 100, 150, 200, 0x04
    36 000000D1 0000006A646A64E81D-
    36 000000DA 0400006683C414     
    37 000000E1 6A0568C80000006A32-             cdecl   draw_line, 100, 100,  50, 200, 0x05
    37 000000EA 6A646A64E807040000-
    37 000000F3 6683C414           
    38                                          
    39 000000F7 6A026A326A006A646A-             cdecl   draw_line, 100, 100,   0,  50, 0x02
    39 00000100 64E8F40300006683C4-
    39 00000109 14                 
    40 0000010A 6A036A3268C8000000-             cdecl   draw_line, 100, 100, 200,  50, 0x03
    40 00000113 6A646A64E8DE030000-
    40 0000011C 6683C414           
    41 00000120 6A04689600000068C8-             cdecl   draw_line, 100, 100, 200, 150, 0x04
    41 00000129 0000006A646A64E8C5-
    41 00000132 0300006683C414     
    42 00000139 6A0568960000006A00-             cdecl   draw_line, 100, 100,   0, 150, 0x05
    42 00000142 6A646A64E8AF030000-
    42 0000014B 6683C414           
    43                                          
    44 0000014F 6A0F6A006A646A646A-             cdecl   draw_line, 100, 100, 100,   0, 0x0F
    44 00000158 64E89C0300006683C4-
    44 00000161 14                 
    45 00000162 6A0F6A6468C8000000-             cdecl   draw_line, 100, 100, 200, 100, 0x0F
    45 0000016B 6A646A64E886030000-
    45 00000174 6683C414           
    46 00000178 6A0F68C80000006A64-             cdecl   draw_line, 100, 100, 100, 200, 0x0F
    46 00000181 6A646A64E870030000-
    46 0000018A 6683C414           
    47 0000018E 6A0F6A646A006A646A-             cdecl   draw_line, 100, 100,   0, 100, 0x0F
    47 00000197 64E85D0300006683C4-
    47 000001A0 14                 
    48                                  
    49                                          ;----------------------------------
    50                                          ; 処理の終了
    51                                          ;----------------------------------
    52 000001A1 EBFE                            jmp     $                               ; while(1);     // 無限ループ
    53                                  
    54 000001A3 48656C6C6F206B6572-     .s0:    db  "Hello kernel!", 0
    54 000001AC 6E656C2100         
    55                                  
    56 000001B1 00<rept>                ALIGN 4, db 0
    57 000001B4 00000000                FONT_ADR:       dd  0
    58                                  
    59                                  ;************************************************
    60                                  ;   モジュール
    61                                  ;************************************************
    62                                  %include  "../modules/protect/vga.s"
     1                              <1> vga_set_read_plane:
     2                              <1>         ;---------------------------------
     3                              <1>         ; スタックフレームの構築
     4                              <1>         ;---------------------------------
     5                              <1>                                             ;    + 8| プレーン (インデックス)
     6                              <1>                                             ; ------+---------------
     7 000001B8 55                  <1>         push    ebp                         ;    + 4| EIP (戻り番地)
     8 000001B9 89E5                <1>         mov     ebp, esp                    ; EBP+ 0| EBP (元の値)
     9                              <1>                                             ;-------+---------------
    10                              <1> 
    11                              <1>         ;---------------------------------
    12                              <1>         ; レジスタの保存
    13                              <1>         ;---------------------------------
    14 000001BB 50                  <1>         push    eax
    15 000001BC 52                  <1>         push    edx
    16                              <1> 
    17                              <1>         ;---------------------------------
    18                              <1>         ; 読み込みプレーンの選択
    19                              <1>         ;---------------------------------
    20 000001BD 8A6508              <1>         mov     ah, [ebp + 8]
    21 000001C0 80E403              <1>         and     ah, 0x03
    22 000001C3 B004                <1>         mov     al, 0x04
    23 000001C5 66BACE03            <1>         mov     dx, 0x03CE
    24 000001C9 66EF                <1>         out     dx, ax
    25                              <1> 
    26                              <1>         ;---------------------------------
    27                              <1>         ; レジスタの復帰
    28                              <1>         ;---------------------------------
    29 000001CB 5A                  <1>         pop     edx
    30 000001CC 58                  <1>         pop     eax
    31                              <1> 
    32                              <1>         ;---------------------------------
    33                              <1>         ; スタックフレームの破棄
    34                              <1>         ;---------------------------------
    35 000001CD 89EC                <1>         mov     esp, ebp
    36 000001CF 5D                  <1>         pop     ebp
    37                              <1> 
    38 000001D0 C3                  <1>         ret
    39                              <1> 
    40                              <1> vga_set_write_plane:
    41                              <1>         ;---------------------------------
    42                              <1>         ; スタックフレームの構築
    43                              <1>         ;---------------------------------
    44                              <1>                                             ;    + 8| プレーン (ビット指定)
    45                              <1>                                             ; ------+---------------
    46 000001D1 55                  <1>         push    ebp                         ;    + 4| EIP (戻り番地)
    47 000001D2 89E5                <1>         mov     ebp, esp                    ; EBP+ 0| EBP (元の値)
    48                              <1>                                             ;-------+---------------
    49                              <1> 
    50                              <1>         ;---------------------------------
    51                              <1>         ; レジスタの保存
    52                              <1>         ;---------------------------------
    53 000001D4 50                  <1>         push    eax
    54 000001D5 52                  <1>         push    edx
    55                              <1> 
    56                              <1>         ;---------------------------------
    57                              <1>         ; 書き込みプレーンの選択
    58                              <1>         ;---------------------------------
    59 000001D6 8A6508              <1>         mov     ah, [ebp + 8]
    60 000001D9 80E40F              <1>         and     ah, 0x0F
    61 000001DC B002                <1>         mov     al, 0x02
    62 000001DE 66BAC403            <1>         mov     dx, 0x03C4
    63 000001E2 66EF                <1>         out     dx, ax
    64                              <1> 
    65                              <1>         ;---------------------------------
    66                              <1>         ; レジスタの復帰
    67                              <1>         ;---------------------------------
    68 000001E4 5A                  <1>         pop     edx
    69 000001E5 58                  <1>         pop     eax
    70                              <1> 
    71                              <1>         ;---------------------------------
    72                              <1>         ; スタックフレームの破棄
    73                              <1>         ;---------------------------------
    74 000001E6 89EC                <1>         mov     esp, ebp
    75 000001E8 5D                  <1>         pop     ebp
    76                              <1> 
    77 000001E9 C3                  <1>         ret
    78                              <1> 
    79                              <1> vram_font_copy:
    80                              <1>         ;---------------------------------
    81                              <1>         ; スタックフレームの構築
    82                              <1>         ;---------------------------------
    83                              <1>                                             ;    +20| 描画色
    84                              <1>                                             ;    +16| プレーン(ビット指定)
    85                              <1>                                             ;    +12| VRAMアドレス
    86                              <1>                                             ;    + 8| フォントアドレス
    87                              <1>                                             ; ------+---------------
    88 000001EA 55                  <1>         push    ebp                         ;    + 4| EIP (戻り番地)
    89 000001EB 89E5                <1>         mov     ebp, esp                    ; EBP+ 0| EBP (元の値)
    90                              <1>                                             ; ------+---------------
    91                              <1> 
    92                              <1>         ;---------------------------------
    93                              <1>         ; レジスタの保存
    94                              <1>         ;---------------------------------
    95 000001ED 50                  <1>         push    eax
    96 000001EE 53                  <1>         push    ebx
    97 000001EF 51                  <1>         push    ecx
    98 000001F0 52                  <1>         push    edx
    99 000001F1 56                  <1>         push    esi
   100 000001F2 57                  <1>         push    edi
   101                              <1> 
   102                              <1>         ;---------------------------------
   103                              <1>         ; 処理の開始
   104                              <1>         ;---------------------------------
   105 000001F3 8B7508              <1>         mov     esi, [ebp + 8]
   106 000001F6 8B7D0C              <1>         mov     edi, [ebp +12]
   107 000001F9 0FB64510            <1>         movzx   eax, byte [ebp +16]
   108 000001FD 0FB75D14            <1>         movzx   ebx, word [ebp + 20]
   109                              <1> 
   110 00000201 84C7                <1>         test    bh, al
   111 00000203 0F94C6              <1>         setz    dh
   112 00000206 FECE                <1>         dec     dh
   113                              <1> 
   114 00000208 84C3                <1>         test    bl, al
   115 0000020A 0F94C2              <1>         setz    dl
   116 0000020D FECA                <1>         dec     dl
   117                              <1> 
   118                              <1>         ;---------------------------------
   119                              <1>         ; 16ドットフォントのコピー
   120                              <1>         ;---------------------------------
   121 0000020F FC                  <1>         cld
   122                              <1> 
   123 00000210 B910000000          <1>         mov     ecx, 16
   124                              <1> .10L:
   125                              <1>         ;---------------------------------
   126                              <1>         ; フォントマスクの作成
   127                              <1>         ;---------------------------------
   128 00000215 AC                  <1>         lodsb
   129 00000216 88C4                <1>         mov     ah, al
   130 00000218 F6D4                <1>         not     ah
   131                              <1> 
   132                              <1>         ;---------------------------------
   133                              <1>         ; 前景色
   134                              <1>         ;---------------------------------
   135                              <1> 
   136 0000021A 20D0                <1>         and     al, dl
   137                              <1> 
   138                              <1>         ;---------------------------------
   139                              <1>         ; 背景色
   140                              <1>         ;---------------------------------
   141 0000021C F7C310000000        <1>         test    ebx, 0x0010
   142 00000222 7404                <1>         jz      .11F
   143 00000224 2227                <1>         and     ah, [edi]
   144 00000226 EB02                <1>         jmp     .11E
   145                              <1> .11F:
   146                              <1> 
   147 00000228 20F4                <1>         and     ah, dh
   148                              <1> .11E:
   149                              <1> 
   150                              <1>         ;---------------------------------
   151                              <1>         ; 前景色と背景色を合成
   152                              <1>         ;---------------------------------
   153 0000022A 08E0                <1>         or      al, ah
   154                              <1> 
   155                              <1>         ;---------------------------------
   156                              <1>         ; 新しい値を出力
   157                              <1>         ;---------------------------------
   158 0000022C 8807                <1>         mov     [edi], al
   159                              <1> 
   160 0000022E 83C750              <1>         add     edi, 80
   161 00000231 E2E2                <1>         loop    .10L
   162                              <1> .10E:
   163                              <1> 
   164                              <1>         ;---------------------------------
   165                              <1>         ; レジスタの復帰
   166                              <1>         ;---------------------------------
   167 00000233 5F                  <1>         pop     edi
   168 00000234 5E                  <1>         pop     esi
   169 00000235 5A                  <1>         pop     edx
   170 00000236 59                  <1>         pop     ecx
   171 00000237 5B                  <1>         pop     ebx
   172 00000238 58                  <1>         pop     eax
   173                              <1> 
   174                              <1>         ;---------------------------------
   175                              <1>         ; スタックフレームの破棄
   176                              <1>         ;---------------------------------
   177 00000239 89EC                <1>         mov     esp, ebp
   178 0000023B 5D                  <1>         pop     ebp
   179                              <1> 
   180 0000023C C3                  <1>         ret
   181                              <1> 
   182                              <1> vram_bit_copy:
   183                              <1>         ;---------------------------------------
   184                              <1>         ; スタックフレームの構築
   185                              <1>         ;---------------------------------------
   186                              <1>                                                 ; EBP+20| 色（背景/前景色）
   187                              <1>                                                 ; EBP+16| プレーン（ビット指定）
   188                              <1>                                                 ; EBP+12| VRAMアドレス
   189                              <1>                                                 ; EBP+ 8| 出力ビットパターン
   190                              <1> 	                                        ; ------+----------------
   191 0000023D 55                  <1>         push    ebp				; EBP+ 4| EIP（戻り番地）
   192 0000023E 89E5                <1>         mov     ebp, esp			; EBP+ 0| EBP（元の値）
   193                              <1> 						; ------+----------------
   194                              <1> 
   195                              <1>         ;---------------------------------------
   196                              <1>         ; レジスタの保存
   197                              <1>         ;---------------------------------------
   198 00000240 50                  <1>         push    eax
   199 00000241 53                  <1>         push    ebx
   200 00000242 57                  <1>         push    edi
   201                              <1> 
   202                              <1>         ;---------------------------------------
   203                              <1>         ; 処理の開始
   204                              <1>         ;---------------------------------------
   205 00000243 8B7D0C              <1>         mov     edi, [ebp + 12]                 ; EDI = VRAMアドレス;
   206 00000246 0FB64510            <1>         movzx   eax, byte [ebp + 16]            ; EAX = プレーン(ビット指定);
   207 0000024A 0FB75D14            <1>         movzx   ebx, word [ebp + 20]            ; EBX = 表示色;
   208                              <1> 
   209 0000024E 84C3                <1>         test    bl, al                          ; ZF = (前景色 & プレーン);
   210 00000250 0F94C3              <1>         setz    bl                              ; BL = ZF ? 0x01 : 0x00;
   211 00000253 FECB                <1>         dec     bl                              ; BL--; // 0x00 or 0xFF
   212                              <1> 
   213                              <1>         ;---------------------------------------
   214                              <1>         ;  マスクデータの作成
   215                              <1>         ;---------------------------------------
   216 00000255 8A4508              <1>         mov     al, [ebp + 8]                   ; AL = 出力ビットパターン;
   217 00000258 88C4                <1>         mov     ah, al                          ; AH ~= AL;     // !出力ビットパターン(ビット反転)
   218 0000025A F6D4                <1>         not     ah
   219                              <1> 
   220                              <1>         ;---------------------------------------
   221                              <1>         ; 現在地の出力を取得
   222                              <1>         ;---------------------------------------
   223 0000025C 2227                <1>         and     ah, [edi]                       ; AH = 現在地 & !出力ビットパターン;
   224 0000025E 20D8                <1>         and     al, bl                          ; AL = 表示色 &  出力ビットパターン;
   225 00000260 08E0                <1>         or      al, ah                          ; AL |= AH;
   226                              <1> 
   227                              <1>         ;---------------------------------------
   228                              <1>         ; 新しい値を出力
   229                              <1>         ;---------------------------------------
   230 00000262 8807                <1>         mov     [edi], al                       ; [EDI] = BL;   // プレーンに書き込む
   231                              <1> 
   232                              <1>         ;---------------------------------------
   233                              <1>         ; レジスタの復帰
   234                              <1>         ;---------------------------------------
   235 00000264 5F                  <1>         pop     edi
   236 00000265 5B                  <1>         pop     ebx
   237 00000266 58                  <1>         pop     eax
   238                              <1> 
   239                              <1>         ;---------------------------------------
   240                              <1>         ; スタックフレームの破棄
   241                              <1>         ;---------------------------------------
   242 00000267 89EC                <1>         mov     esp, ebp
   243 00000269 5D                  <1>         pop     ebp
   244                              <1> 
   245 0000026A C3                  <1>         ret
    63                                  %include  "../modules/protect/draw_char.s"
     1                              <1> draw_char:
     2                              <1>     ;---------------------------------
     3                              <1>     ;   スタックフレームの構築
     4                              <1>     ;---------------------------------
     5                              <1>                                         ;     +20| 文字
     6                              <1>                                         ;     +16| 描画色
     7                              <1>                                         ;     +12| 行
     8                              <1>                                         ;     + 8| 列
     9                              <1>                                         ;  ------|------
    10 0000026B 55                  <1>     push    ebp                         ;  EBP+ 4| IP(戻り番地)
    11 0000026C 89E5                <1>     mov     ebp, esp                    ;  EBP+ 0| BP(元の値)
    12                              <1>                                         ;  ------+------
    13                              <1> 
    14                              <1>     ;---------------------------------
    15                              <1>     ; レジスタの保存
    16                              <1>     ;---------------------------------
    17 0000026E 50                  <1>     push    eax
    18 0000026F 53                  <1>     push    ebx
    19 00000270 51                  <1>     push    ecx
    20 00000271 52                  <1>     push    edx
    21 00000272 56                  <1>     push    esi
    22 00000273 57                  <1>     push    edi
    23                              <1> 
    24                              <1>     ;---------------------------------------
    25                              <1>     ; テストアンドセット
    26                              <1>     ;---------------------------------------
    27                              <1> %ifdef	USE_TEST_AND_SET
    28                              <1>     cdecl	test_and_set, IN_USE			; TEST_AND_SET(IN_USE); // リソースの空き待ち
    29                              <1> %endif
    30                              <1> 
    31                              <1>     ;---------------------------------------
    32                              <1>     ; コピー元フォントアドレスを設定
    33                              <1>     ;---------------------------------------
    34 00000274 0FB67514            <1>     movzx   esi, byte [ebp + 20]            ; CL  = 文字コード;
    35 00000278 C1E604              <1>     shl     esi, 4							; CL *= 16; // 1文字16バイト
    36 0000027B 0335[B4010000]      <1>     add     esi, [FONT_ADR]					; ESI = フォントアドレス;
    37                              <1> 
    38                              <1>     ;---------------------------------------
    39                              <1>     ; コピー先アドレスを取得
    40                              <1>     ; Adr = 0xA0000 + (640 / 8 * 16) * y + x
    41                              <1>     ;---------------------------------------
    42 00000281 8B7D0C              <1>     mov     edi, [ebp + 12]                 ; Y（行）
    43 00000284 C1E708              <1>     shl     edi, 8							; EDI = Y * 256;
    44 00000287 8DBCBF00000A00      <1>     lea     edi, [edi * 4 + edi + 0xA0000]	; EDI = Y *   4 + Y;
    45 0000028E 037D08              <1>     add     edi, [ebp + 8]					; X（列）
    46                              <1> 
    47                              <1>     ;---------------------------------------
    48                              <1>     ; 1文字分のフォントを出力
    49                              <1>     ;---------------------------------------
    50 00000291 0FB75D10            <1>     movzx   ebx, word [ebp + 16]            ; // 表示色
    51                              <1> 
    52 00000295 6A03E81CFFFFFF6683- <1>     cdecl   vga_set_read_plane, 0x03		; // 書き込みプレーン：輝度(I)
    52 0000029E C404                <1>
    53 000002A0 6A08E82AFFFFFF6683- <1>     cdecl   vga_set_write_plane, 0x08		; // 読み込みプレーン：輝度(I)
    53 000002A9 C404                <1>
    54 000002AB 536A085756E835FFFF- <1>     cdecl   vram_font_copy, esi, edi, 0x08, ebx
    54 000002B4 FF6683C410          <1>
    55                              <1> 
    56 000002B9 6A02E8F8FEFFFF6683- <1>     cdecl   vga_set_read_plane, 0x02		; // 書き込みプレーン：赤(R)
    56 000002C2 C404                <1>
    57 000002C4 6A04E806FFFFFF6683- <1>     cdecl   vga_set_write_plane, 0x04		; // 読み込みプレーン：赤(R)
    57 000002CD C404                <1>
    58 000002CF 536A045756E811FFFF- <1>     cdecl   vram_font_copy, esi, edi, 0x04, ebx
    58 000002D8 FF6683C410          <1>
    59                              <1> 
    60 000002DD 6A01E8D4FEFFFF6683- <1>     cdecl   vga_set_read_plane, 0x01		; // 書き込みプレーン：緑(G)
    60 000002E6 C404                <1>
    61 000002E8 6A02E8E2FEFFFF6683- <1>     cdecl   vga_set_write_plane, 0x02		; // 読み込みプレーン：緑(G)
    61 000002F1 C404                <1>
    62 000002F3 536A025756E8EDFEFF- <1>     cdecl   vram_font_copy, esi, edi, 0x02, ebx
    62 000002FC FF6683C410          <1>
    63                              <1> 
    64 00000301 6A00E8B0FEFFFF6683- <1>     cdecl   vga_set_read_plane, 0x00		; // 書き込みプレーン：青(B)
    64 0000030A C404                <1>
    65 0000030C 6A01E8BEFEFFFF6683- <1>     cdecl   vga_set_write_plane, 0x01		; // 読み込みプレーン：青(B)
    65 00000315 C404                <1>
    66 00000317 536A015756E8C9FEFF- <1>     cdecl   vram_font_copy, esi, edi, 0x01, ebx
    66 00000320 FF6683C410          <1>
    67                              <1> 
    68                              <1> %ifdef	USE_TEST_AND_SET
    69                              <1>     ;---------------------------------------
    70                              <1>     ; テストアンドセット
    71                              <1>     ;---------------------------------------
    72                              <1>     mov		[IN_USE], dword 0				; 変数のクリア
    73                              <1> %endif
    74                              <1> 
    75                              <1>     ;---------------------------------
    76                              <1>     ; レジスタの復帰
    77                              <1>     ;---------------------------------
    78 00000325 5F                  <1>     pop     edi
    79 00000326 5E                  <1>     pop     esi
    80 00000327 5A                  <1>     pop     edx
    81 00000328 59                  <1>     pop     ecx
    82 00000329 5B                  <1>     pop     ebx
    83 0000032A 58                  <1>     pop     eax
    84                              <1> 
    85                              <1>     ;---------------------------------
    86                              <1>     ; スタックフレームの破棄
    87                              <1>     ;---------------------------------
    88 0000032B 89EC                <1>     mov     esp, ebp
    89 0000032D 5D                  <1>     pop     ebp
    90                              <1> 
    91 0000032E C3                  <1>     ret
    92                              <1> 
    93                              <1> %ifdef USE_TEST_AND_SET
    94                              <1> ALIGN 4, db 0
    95                              <1> IN_USE:	dd	0
    96                              <1> %endif
    64                                  %include  "../modules/protect/draw_font.s"
     1                              <1> draw_font:
     2                              <1>         ;----------------------------------
     3                              <1>         ; スタックフレームの構築
     4                              <1>         ;----------------------------------
     5                              <1> 												; EBP+12| Y（行）
     6                              <1> 												; EBP+ 8| X（列）
     7                              <1> 												; ---------------
     8 0000032F 55                  <1>         push    ebp								; EBP+ 4| EIP（戻り番地）
     9 00000330 89E5                <1>         mov     ebp, esp						; EBP+ 0| EBP（元の値）
    10                              <1> 												; ---------------
    11                              <1> 
    12                              <1>         ;----------------------------------
    13                              <1>         ; レジスタの保存
    14                              <1>         ;----------------------------------
    15 00000332 50                  <1>         push    eax
    16 00000333 53                  <1>         push    ebx
    17 00000334 51                  <1>         push    ecx
    18 00000335 52                  <1>         push    edx
    19 00000336 56                  <1>         push    esi
    20 00000337 57                  <1>         push    edi
    21                              <1> 
    22                              <1>         ;----------------------------------
    23                              <1>         ; 表示位置
    24                              <1>         ;----------------------------------
    25 00000338 8B7508              <1>         mov     esi, [ebp + 8]					; ESI = X（列）
    26 0000033B 8B7D0C              <1>         mov     edi, [ebp +12]					; EDI = Y（行）
    27                              <1> 
    28                              <1>         ;----------------------------------
    29                              <1>         ; フォント一覧を表示
    30                              <1>         ;----------------------------------
    31 0000033E B900000000          <1>         mov     ecx, 0							; for (ECX = 0;
    32 00000343 81F900010000        <1> .10L:   cmp     ecx, 256						;      ECX < 256;
    33 00000349 731F                <1>         jae     .10E                            ;
    34                              <1> 												;      ECX++)
    35                              <1> 												; {
    36                              <1> 												;   // 桁位置の計算
    37 0000034B 89C8                <1>         mov     eax, ecx						;   EAX  = ECX;
    38 0000034D 83E00F              <1>         and     eax, 0x0F						;   EAX &= 0x0F
    39 00000350 01F0                <1>         add     eax, esi						;   EAX += X;
    40                              <1>                                                 ;
    41                              <1> 												;   // 行位置の計算
    42 00000352 89CB                <1>         mov     ebx, ecx						;   EBX  = ECX;
    43 00000354 C1EB04              <1>         shr     ebx, 4							;   EBX /= 16
    44 00000357 01FB                <1>         add     ebx, edi						;   EBX += Y;
    45                              <1> 
    46 00000359 516A075350E808FFFF- <1>         cdecl   draw_char, eax, ebx, 0x07, ecx	;   draw_char();
    46 00000362 FF6683C410          <1>
    47                              <1> 
    48 00000367 41                  <1>         inc     ecx								;   // for (... ECX++)
    49 00000368 EBD9                <1>         jmp     .10L                            ;
    50                              <1> .10E:                                           ; }
    51                              <1> 
    52                              <1> 
    53                              <1> 
    54                              <1>         ;----------------------------------
    55                              <1>         ; レジスタの復帰
    56                              <1>         ;----------------------------------
    57 0000036A 5F                  <1>         pop     edi
    58 0000036B 5E                  <1>         pop     esi
    59 0000036C 5A                  <1>         pop     edx
    60 0000036D 59                  <1>         pop     ecx
    61 0000036E 5B                  <1>         pop     ebx
    62 0000036F 58                  <1>         pop     eax
    63                              <1> 
    64                              <1>         ;----------------------------------
    65                              <1>         ; スタックフレームの破棄
    66                              <1>         ;----------------------------------
    67 00000370 89EC                <1>         mov     esp, ebp
    68 00000372 5D                  <1>         pop     ebp
    69                              <1> 
    70 00000373 C3                  <1>         ret
    65                                  %include  "../modules/protect/draw_str.s"
     1                              <1> draw_str:
     2                              <1>         ;---------------------------------
     3                              <1>         ; スタックフレームの構築
     4                              <1>         ;---------------------------------
     5                              <1>                                             ;     +20| 文字列のアドレス
     6                              <1>                                             ;     +16| 色
     7                              <1>                                             ;     +12| 行
     8                              <1>                                             ;     + 8| 列
     9                              <1>                                             ; -------+--------------
    10 00000374 55                  <1>         push    ebp                         ;     + 4| EIP (戻り番地)
    11 00000375 89E5                <1>         mov     ebp, esp                    ; EBP + 0| EBP (元の値)
    12                              <1> 
    13                              <1>         ;---------------------------------
    14                              <1>         ; レジスタの保存
    15                              <1>         ;---------------------------------
    16 00000377 50                  <1> 		push	eax
    17 00000378 53                  <1> 		push	ebx
    18 00000379 51                  <1> 		push	ecx
    19 0000037A 52                  <1> 		push	edx
    20 0000037B 56                  <1> 		push	esi
    21                              <1> 
    22                              <1>         ;---------------------------------
    23                              <1>         ; 文字列の表示
    24                              <1>         ;---------------------------------
    25 0000037C 8B4D08              <1>         mov     ecx, [ebp + 8]              ; ECX = 列;
    26 0000037F 8B550C              <1>         mov     edx, [ebp + 12]             ; EDX = 行;
    27 00000382 0FB75D10            <1>         movzx   ebx, word [ebp + 16]        ; EBX = 表示色;
    28 00000386 8B7514              <1>         mov     esi, [ebp + 20]             ; ESI = 文字列のアドレス;
    29                              <1> 
    30 00000389 FC                  <1>         cld                                 ; DF = 0;   // アドレス加算
    31                              <1> .10L:                                       ; do
    32                              <1>                                             ; {
    33 0000038A AC                  <1>         lodsb                               ;    AL = *ESI++;
    34 0000038B 3C00                <1>         cmp     al, 0                       ;    if(0 == AL)
    35 0000038D 7425                <1>         je      .10E                        ;      break;
    36                              <1> 
    37                              <1>         ;---------------------------------
    38                              <1>         ; 1文字表示
    39                              <1>         ;---------------------------------
    40 0000038F 50535251E8D3FEFFFF- <1>         cdecl   draw_char, ecx, edx, ebx, eax   ;   draw_char();
    40 00000398 6683C410            <1>
    41                              <1> 
    42                              <1>         ; 次の文字の位置を調整
    43 0000039C 41                  <1>         inc     ecx                         ;   ECX++;
    44 0000039D 83F950              <1>         cmp     ecx, 80                     ;   if(80 <= ECX)
    45 000003A0 7C10                <1>         jl      .12E                        ;   {
    46 000003A2 B900000000          <1>         mov     ecx, 0                      ;      ECX = 0;
    47 000003A7 42                  <1>         inc     edx                         ;      EDX++;
    48 000003A8 83FA1E              <1>         cmp     edx, 30                     ;      if(30 <= EDX)
    49 000003AB 7C05                <1>         jl      .12E                        ;      {
    50 000003AD BA00000000          <1>         mov     edx, 0                      ;         EDX = 0;
    51                              <1> .12E:                                       ;      }
    52 000003B2 EBD6                <1>         jmp     .10L                        ;   }
    53                              <1> .10E:                                       ; } while(1);
    54                              <1>        
    55                              <1>         ;---------------------------------
    56                              <1>         ; レジスタの復帰
    57                              <1>         ;---------------------------------
    58 000003B4 5E                  <1> 		pop		esi
    59 000003B5 5A                  <1> 		pop		edx
    60 000003B6 59                  <1> 		pop		ecx
    61 000003B7 5B                  <1> 		pop		ebx
    62 000003B8 58                  <1> 		pop		eax
    63                              <1> 
    64                              <1>         ;---------------------------------
    65                              <1>         ; スタックフレームの破棄
    66                              <1>         ;---------------------------------
    67 000003B9 89EC                <1>         mov     esp, ebp
    68 000003BB 5D                  <1>         pop     ebp
    69                              <1> 
    70 000003BC C3                  <1>         ret
    66                                  %include  "../modules/protect/draw_color_bar.s"
     1                              <1> draw_color_bar:
     2                              <1>         ;---------------------------------------
     3                              <1>         ; スタックフレームの構築
     4                              <1>         ;---------------------------------------
     5                              <1>                                                 ; ---------------------
     6                              <1>                                                 ;     +12| Y(行)
     7                              <1>                                                 ;     + 8| X(列)
     8                              <1>                                                 ; -------+-------------
     9 000003BD 55                  <1>         push    ebp                             ;     + 4| EIP(戻り番地)
    10 000003BE 89E5                <1>         mov     ebp, esp                        ; EBP + 0| EBP(元の値)
    11                              <1>                                                 ; ---------------------
    12                              <1> 
    13                              <1> 		;---------------------------------------
    14                              <1> 		; レジスタの保存
    15                              <1> 		;---------------------------------------
    16 000003C0 50                  <1> 		push	eax
    17 000003C1 53                  <1> 		push	ebx
    18 000003C2 51                  <1> 		push	ecx
    19 000003C3 52                  <1> 		push	edx
    20 000003C4 56                  <1> 		push	esi
    21 000003C5 57                  <1> 		push	edi
    22                              <1> 
    23                              <1>         ;---------------------------------------
    24                              <1>         ; 表示位置
    25                              <1>         ;---------------------------------------
    26 000003C6 8B7508              <1>         mov     esi, [ebp + 8]                      ; ESI = X(列);
    27 000003C9 8B7D0C              <1>         mov     edi, [ebp +12]                      ; EDI = Y(行);
    28                              <1> 
    29                              <1>         ;---------------------------------------
    30                              <1>         ; カラーバーを表示
    31                              <1>         ;---------------------------------------
    32 000003CC B900000000          <1>         mov     ecx, 0                              ; for(ECX = 0;
    33 000003D1 83F910              <1> .10L:   cmp     ecx, 16                             ;     ECX < 16;
    34 000003D4 732E                <1>         jae     .10E                                ;
    35                              <1>                                                     ;     ECX++)
    36                              <1>                                                     ; {
    37                              <1>                                                     ;    // 桁位置の計算
    38 000003D6 89C8                <1>         mov     eax, ecx                            ;    EAX = ECX;
    39 000003D8 83E001              <1>         and     eax, 0x01                           ;    EAX &= 0x01;
    40 000003DB C1E003              <1>         shl     eax, 3                              ;    EAX *= 8;  // 8文字分乗算
    41 000003DE 01F0                <1>         add     eax, esi                            ;    EAX += X;
    42                              <1>                                                     ;
    43                              <1>                                                     ;    // 行位置の計算
    44 000003E0 89CB                <1>         mov     ebx, ecx                            ;    EBX = ECX;
    45 000003E2 D1EB                <1>         shr     ebx, 1                              ;    EBX /= 2;
    46 000003E4 01FB                <1>         add     ebx, edi                            ;    EBX += Y;
    47                              <1>                                                     ;
    48                              <1>                                                     ;    // 表示色の取得
    49 000003E6 89CA                <1>         mov     edx, ecx                            ;    EDX = ECX;
    50 000003E8 D1E2                <1>         shl     edx, 1                              ;    EDX /= 2;
    51 000003EA 8B92[17040000]      <1>         mov     edx, [.t0 + edx]                    ;    EDX += Y;
    52                              <1> 
    53 000003F0 68[0E040000]525350- <1>         cdecl   draw_str, eax, ebx, edx, .s0        ;    draw_str();
    53 000003F8 E877FFFFFF6683C410  <1>
    54                              <1> 
    55 00000401 41                  <1>         inc     ecx                                 ; // for(... ECX++)
    56 00000402 EBCD                <1>         jmp     .10L                                ;
    57                              <1> .10E:                                               ; }
    58                              <1> 
    59                              <1> 
    60                              <1>         ;---------------------------------------
    61                              <1>         ; レジスタの復帰
    62                              <1>         ;---------------------------------------
    63 00000404 5F                  <1>         pop     edi
    64 00000405 5E                  <1>         pop     esi
    65 00000406 5A                  <1>         pop     edx
    66 00000407 59                  <1>         pop     ecx
    67 00000408 5B                  <1>         pop     ebx
    68 00000409 58                  <1>         pop     eax
    69                              <1> 
    70                              <1>         ;---------------------------------------
    71                              <1>         ; スタックフレームの破棄
    72                              <1>         ;---------------------------------------
    73 0000040A 89EC                <1>         mov     esp, ebp
    74 0000040C 5D                  <1>         pop     ebp
    75                              <1> 
    76 0000040D C3                  <1>         ret
    77                              <1> 
    78 0000040E 202020202020202000  <1> .s0:    db  '        ', 0                           ; 8文字分のスペース（表示色だけを変更）
    79                              <1> 
    80 00000417 00000008            <1> .t0:    dw  0x0000, 0x0800                          ; カラーバーの背景色
    81 0000041B 00010009            <1>         dw  0x0100, 0x0900
    82 0000041F 0002000A            <1>         dw  0x0200, 0x0A00
    83 00000423 0003000B            <1>         dw  0x0300, 0x0B00
    84 00000427 0004000C            <1>         dw  0x0400, 0x0C00
    85 0000042B 0005000D            <1>         dw  0x0500, 0x0D00
    86 0000042F 0006000E            <1>         dw  0x0600, 0x0E00
    87 00000433 0007000F            <1>         dw  0x0700, 0x0F00
    67                                  %include  "../modules/protect/draw_pixel.s"
     1                              <1> draw_pixel:
     2                              <1>         ;---------------------------------------
     3                              <1>         ; スタックフレームの構築
     4                              <1>         ;---------------------------------------
     5                              <1> 												; ------+--------
     6                              <1> 												; EBP+16| 色
     7                              <1> 												; EBP+12| Y
     8                              <1> 												; EBP+ 8| X
     9                              <1> 												; ------+--------
    10 00000437 55                  <1>         push    ebp								; EBP+ 4| EIP（戻り番地）
    11 00000438 89E5                <1>         mov     ebp, esp						; EBP+ 0| EBP（元の値）
    12                              <1> 												; ------+--------
    13                              <1> 
    14                              <1>         ;---------------------------------------
    15                              <1>         ; レジスタの保存
    16                              <1>         ;---------------------------------------
    17 0000043A 50                  <1>         push    eax
    18 0000043B 53                  <1>         push    ebx
    19 0000043C 51                  <1>         push    ecx
    20 0000043D 57                  <1>         push    edi
    21                              <1> 
    22                              <1>         ;---------------------------------------
    23                              <1>         ;
    24                              <1>         ;---------------------------------------
    25 0000043E 8B7D0C              <1>         mov     edi, [ebp + 12]					; EDI  = Y座標
    26 00000441 C1E704              <1>         shl     edi, 4							; EDI *= 16;
    27 00000444 8DBCBF00000A00      <1>         lea     edi, [edi * 4 + edi + 0xA_0000]	; EDI  = 0xA00000[EDI * 4 + EDI];
    28                              <1> 
    29                              <1> 		;---------------------------------------
    30                              <1> 		; X座標を1/8して加算
    31                              <1> 		;---------------------------------------
    32 0000044B 8B5D08              <1> 		mov		ebx, [ebp + 8]					; EBX  = X座標;
    33 0000044E 89D9                <1> 		mov		ecx, ebx						; ECX  = X座標;（一時保存）
    34 00000450 C1EB03              <1> 		shr		ebx, 3							; EBX /= 8;
    35 00000453 01DF                <1> 		add		edi, ebx						; EDI += EBX;
    36                              <1> 
    37                              <1> 		;---------------------------------------
    38                              <1> 		; X座標を8で割った余りからビット位置を計算
    39                              <1> 		; (0=0x80, 1=0x40,... 7=0x01)
    40                              <1> 		;---------------------------------------
    41 00000455 83E107              <1> 		and		ecx, 0x07						; ECX = X & 0x07;
    42 00000458 BB80000000          <1> 		mov		ebx, 0x80						; EBX = 0x80;
    43 0000045D D3EB                <1> 		shr		ebx, cl							; EBX >>= ECX;
    44                              <1> 
    45                              <1> 		;---------------------------------------
    46                              <1> 		; 色指定
    47                              <1> 		;---------------------------------------
    48 0000045F 8B4D10              <1> 		mov		ecx, [ebp +16]					; // 表示色
    49                              <1> 
    50                              <1> 		;---------------------------------------
    51                              <1> 		; プレーン毎に出力
    52                              <1> 		;---------------------------------------
    53 00000462 6A03E84FFDFFFF6683- <1> 		cdecl	vga_set_read_plane, 0x03		; // 輝度(I)プレーンを選択
    53 0000046B C404                <1>
    54 0000046D 6A08E85DFDFFFF6683- <1> 		cdecl	vga_set_write_plane, 0x08		; // 輝度(I)プレーンを選択
    54 00000476 C404                <1>
    55 00000478 516A085753E8BBFDFF- <1> 		cdecl	vram_bit_copy, ebx, edi, 0x08, ecx
    55 00000481 FF6683C410          <1>
    56                              <1> 
    57 00000486 6A02E82BFDFFFF6683- <1> 		cdecl	vga_set_read_plane, 0x02		; // 赤(R)プレーンを選択
    57 0000048F C404                <1>
    58 00000491 6A04E839FDFFFF6683- <1> 		cdecl	vga_set_write_plane, 0x04		; // 赤(R)プレーンを選択
    58 0000049A C404                <1>
    59 0000049C 516A045753E897FDFF- <1> 		cdecl	vram_bit_copy, ebx, edi, 0x04, ecx
    59 000004A5 FF6683C410          <1>
    60                              <1> 
    61 000004AA 6A01E807FDFFFF6683- <1> 		cdecl	vga_set_read_plane, 0x01		; // 緑(G)プレーンを選択
    61 000004B3 C404                <1>
    62 000004B5 6A02E815FDFFFF6683- <1> 		cdecl	vga_set_write_plane, 0x02		; // 緑(G)プレーンを選択
    62 000004BE C404                <1>
    63 000004C0 516A025753E873FDFF- <1> 		cdecl	vram_bit_copy, ebx, edi, 0x02, ecx
    63 000004C9 FF6683C410          <1>
    64                              <1> 
    65 000004CE 6A00E8E3FCFFFF6683- <1> 		cdecl	vga_set_read_plane, 0x00		; // 青(B)プレーンを選択
    65 000004D7 C404                <1>
    66 000004D9 6A01E8F1FCFFFF6683- <1> 		cdecl	vga_set_write_plane, 0x01		; // 青(B)プレーンを選択
    66 000004E2 C404                <1>
    67 000004E4 516A015753E84FFDFF- <1> 		cdecl	vram_bit_copy, ebx, edi, 0x01, ecx
    67 000004ED FF6683C410          <1>
    68                              <1> 
    69                              <1>         ;---------------------------------------
    70                              <1>         ; レジスタの復帰
    71                              <1>         ;---------------------------------------
    72 000004F2 5F                  <1>         pop     edi
    73 000004F3 59                  <1>         pop     ecx
    74 000004F4 5B                  <1>         pop     ebx
    75 000004F5 58                  <1>         pop     eax
    76                              <1> 
    77                              <1>         ;---------------------------------------
    78                              <1>         ; スタックフレームの破棄
    79                              <1>         ;---------------------------------------
    80 000004F6 89EC                <1>         mov     esp, ebp
    81 000004F8 5D                  <1>         pop     ebp
    82                              <1> 
    83 000004F9 C3                  <1>         ret
    68                                  %include  "../modules/protect/draw_line.s"
     1                              <1> draw_line:
     2                              <1>         ;---------------------------------------
     3                              <1>         ; スタックフレームの構築
     4                              <1>         ;---------------------------------------
     5                              <1> 												; ---------------
     6                              <1> 												;    +24| 色
     7                              <1> 												;    +20| Y1
     8                              <1> 												;    +16| X1
     9                              <1> 												;    +12| Y0
    10                              <1> 												;    + 8| X0
    11                              <1> 												; ---------------
    12 000004FA 55                  <1>         push    ebp								; EBP+ 4| EIP（戻り番地）
    13 000004FB 89E5                <1>         mov     ebp, esp						; EBP+ 0| EBP（元の値）
    14                              <1> 												; ---------------
    15 000004FD 6A00                <1> 		push	dword 0							;    - 4| sum   = 0; // 相対軸の積算値
    16 000004FF 6A00                <1> 		push	dword 0							;    - 8| x0    = 0; // X座標
    17 00000501 6A00                <1> 		push	dword 0							;    -12| dx    = 0; // X増分
    18 00000503 6A00                <1> 		push	dword 0							;    -16| inc_x = 0; // X座標増分(1 or -1)
    19 00000505 6A00                <1> 		push	dword 0							;    -20| x0    = 0; // Y座標
    20 00000507 6A00                <1> 		push	dword 0							;    -24| dx    = 0; // Y増分
    21 00000509 6A00                <1>         push    dword 0							;    -28| inc_x = 0; // Y座標増分(1 or -1)
    22                              <1> 												; ------|--------
    23                              <1> 
    24                              <1>         ;---------------------------------------
    25                              <1>         ; レジスタの保存
    26                              <1>         ;---------------------------------------
    27 0000050B 50                  <1>         push    eax
    28 0000050C 53                  <1>         push    ebx
    29 0000050D 51                  <1>         push    ecx
    30 0000050E 52                  <1>         push    edx
    31 0000050F 56                  <1>         push    esi
    32 00000510 57                  <1>         push    edi
    33                              <1> 
    34                              <1> 		;---------------------------------------
    35                              <1> 		; 幅を計算（X軸）
    36                              <1> 		;---------------------------------------
    37 00000511 8B4508              <1> 		mov		eax, [ebp + 8]					; EAX = X0;
    38 00000514 8B5D10              <1> 		mov		ebx, [ebp +16]					; EBX = X1;
    39 00000517 29C3                <1> 		sub		ebx, eax						; EBX = X1 - X0; // 幅
    40 00000519 7D09                <1> 		jge		.10F							; if (幅 < 0)
    41                              <1> 												; {
    42 0000051B F7DB                <1> 		neg		ebx								;   幅   *= -1;
    43 0000051D BEFFFFFFFF          <1> 		mov		esi, -1							;   // X座標の増分
    44 00000522 EB05                <1> 		jmp		.10E							; }
    45                              <1> .10F:											; else
    46                              <1> 												; {
    47 00000524 BE01000000          <1> 		mov		esi, 1							;   // X座標の増分
    48                              <1> .10E:											; }
    49                              <1> 
    50                              <1> 		;---------------------------------------
    51                              <1> 		; 高さを計算（Y軸）
    52                              <1> 		;---------------------------------------
    53 00000529 8B4D0C              <1> 		mov		ecx, [ebp +12]					; ECX = Y0
    54 0000052C 8B5514              <1> 		mov		edx, [ebp +20]					; EDX = Y1
    55 0000052F 29CA                <1> 		sub		edx, ecx						; EDX = Y1 - Y0; // 高さ
    56 00000531 7D09                <1> 		jge		.20F							; if (高さ < 0)
    57                              <1> 												; {
    58 00000533 F7DA                <1> 		neg		edx								;   高さ *= -1;
    59 00000535 BFFFFFFFFF          <1> 		mov		edi, -1							;   // Y座標の増分
    60 0000053A EB05                <1> 		jmp		.20E							; }
    61                              <1> .20F:											; else
    62                              <1> 												; {
    63 0000053C BF01000000          <1> 		mov		edi, 1							;   // Y座標の増分
    64                              <1> .20E:											; }
    65                              <1> 
    66                              <1> 		;---------------------------------------
    67                              <1> 		; X軸
    68                              <1> 		;---------------------------------------
    69 00000541 8945F8              <1> 		mov		[ebp - 8], eax					;   // X軸:開始座標
    70 00000544 895DF4              <1> 		mov		[ebp -12], ebx					;   // X軸:描画幅
    71 00000547 8975F0              <1> 		mov		[ebp -16], esi					;   // X軸:増分(基準軸：1 or -1)
    72                              <1> 
    73                              <1> 		;---------------------------------------
    74                              <1> 		; Y軸
    75                              <1> 		;---------------------------------------
    76 0000054A 894DEC              <1> 		mov		[ebp -20], ecx					;   // Y軸:開始座標
    77 0000054D 8955E8              <1> 		mov		[ebp -24], edx					;   // Y軸:描画幅
    78 00000550 897DE4              <1> 		mov		[ebp -28], edi					;   // Y軸:増分(基準軸：1 or -1)
    79                              <1> 
    80                              <1> 		;---------------------------------------
    81                              <1> 		; 基準軸を決める
    82                              <1> 		;---------------------------------------
    83 00000553 39D3                <1> 		cmp		ebx, edx						; if (幅 <= 高さ)
    84 00000555 7F08                <1> 		jg		.22F							; {
    85                              <1> 												;   
    86 00000557 8D75EC              <1> 		lea		esi, [ebp -20]					;   // X軸が基準軸
    87 0000055A 8D7DF8              <1> 		lea		edi, [ebp - 8]					;   // Y軸が相対軸
    88                              <1> 												;   
    89 0000055D EB06                <1> 		jmp		.22E							; }
    90                              <1> .22F:											; else
    91                              <1> 												; {
    92 0000055F 8D75F8              <1> 		lea		esi, [ebp - 8]					;   // Y軸が基準軸
    93 00000562 8D7DEC              <1> 		lea		edi, [ebp -20]					;   // X軸が相対軸
    94                              <1> .22E:											; }
    95                              <1> 
    96                              <1> 		;---------------------------------------
    97                              <1> 		; 繰り返し回数(基準軸のドット数)
    98                              <1> 		;---------------------------------------
    99 00000565 8B4EFC              <1> 		mov		ecx, [esi - 4]					; ECX = 基準軸描画幅;
   100 00000568 83F900              <1> 		cmp		ecx, 0							; if (0 == ECX)
   101 0000056B 7505                <1> 		jnz		.30E							; {
   102 0000056D B901000000          <1> 		mov		ecx, 1							;   ECX = 1;
   103                              <1> .30E:											; }
   104                              <1> 
   105                              <1> 		;---------------------------------------
   106                              <1> 		; 線を描画
   107                              <1> 		;---------------------------------------
   108                              <1> .50L:											; do
   109                              <1> 												; {
   110                              <1> %ifdef	USE_SYSTEM_CALL
   111                              <1> 		mov		eax, ecx						;   // 繰り返し回数を保存
   112                              <1> 
   113                              <1> 		mov		ebx, [ebp +24]					;   EBX = 表示色;
   114                              <1> 		mov		ecx, [ebp - 8]					;   ECX = X座標;
   115                              <1> 		mov		edx, [ebp -20]					;   EDX = Y座標;
   116                              <1> 		int		0x82							;   sys_call(1, X, Y, 色, 文字); BX(C), CX(X), DX(Y)
   117                              <1> 
   118                              <1> 		mov		ecx, eax
   119                              <1> %else
   122 00000572 FF7518FF75ECFF75F8- <1> 		cdecl	draw_pixel, dword [ebp - 8], 							dword [ebp -20], 							dword [ebp +24]		;   // 点の描画
   122 0000057B E8B7FEFFFF6683C40C  <1>
   123                              <1> %endif
   124                              <1> 												;   // 基準軸を更新(1ドット分)
   125 00000584 8B46F8              <1> 		mov		eax, [esi - 8]					;   EAX = 基準軸増分(1 or -1);
   126 00000587 0106                <1> 		add		[esi - 0], eax					;   
   127                              <1> 
   128                              <1> 												;   // 相対軸を更新
   129 00000589 8B45FC              <1> 		mov		eax, [ebp - 4]					;   EAX  = sum; // 相対軸の積算値;
   130 0000058C 0347FC              <1> 		add		eax, [edi - 4]					;   EAX += dy;  // 増分(相対軸の描画幅)
   131 0000058F 8B5EFC              <1> 		mov		ebx, [esi - 4]					;   EBX  = dx;  // 増分(基準軸の描画幅)
   132                              <1> 
   133 00000592 39D8                <1> 		cmp		eax, ebx						;   if (積算値 <= 相対軸の増分)
   134 00000594 7C07                <1> 		jl		.52E							;   {
   135 00000596 29D8                <1> 		sub		eax, ebx						;     EAX -= EBX; // 積算値から相対軸の増分を減算
   136                              <1> 												;     
   137                              <1> 												;     // 相対軸の座標を更新(1ドット分)
   138 00000598 8B5FF8              <1> 		mov		ebx, [edi - 8]					;     EBX =  相対軸増分;
   139 0000059B 011F                <1> 		add		[edi - 0], ebx					;     
   140                              <1> .52E:											;   }
   141 0000059D 8945FC              <1> 		mov		[ebp - 4], eax					;   // 積算値を更新
   142                              <1> 												;   
   143 000005A0 E2D0                <1> 		loop	.50L							;   
   144                              <1> .50E:											; } while (ループ回数--);
   145                              <1> 
   146                              <1>         ;---------------------------------------
   147                              <1>         ; レジスタの復帰
   148                              <1>         ;---------------------------------------
   149 000005A2 5F                  <1>         pop     edi
   150 000005A3 5E                  <1>         pop     esi
   151 000005A4 5A                  <1>         pop     edx
   152 000005A5 59                  <1>         pop     ecx
   153 000005A6 5B                  <1>         pop     ebx
   154 000005A7 58                  <1>         pop     eax
   155                              <1> 
   156                              <1>         ;---------------------------------------
   157                              <1>         ; スタックフレームの破棄
   158                              <1>         ;---------------------------------------
   159 000005A8 89EC                <1>         mov     esp, ebp
   160 000005AA 5D                  <1>         pop     ebp
   161                              <1> 
   162 000005AB C3                  <1>         ret
    69                                  
    70                                  ;************************************************
    71                                  ;   パディング
    72                                  ;************************************************
    73 000005AC 00<rept>                        times   KERNEL_SIZE - ($ - $$)      db  0x00
