     1                                  ;**************************************
     2                                  ;   エントリポイント
     3                                  ;**************************************
     4                                  entry:
     5 00000000 EB58                        jmp ipl                             ; IPLへジャンプ
     6                                  
     7                                      ;----------------------------------
     8                                      ;  BPB(BIOS Parameter Block)
     9                                      ;----------------------------------
    10 00000002 90<rept>                    times   90 - ($ - $$) db 0x90       ;
    11                                  
    12                                      ;----------------------------------
    13                                      ;  IPL(Intial Program Loader)
    14                                      ;----------------------------------
    15                                  ipl:
    16                                      ;----------------------------------
    17                                      ;  処理の終了
    18                                      ;----------------------------------
    19 0000005A EBFE                        jmp     $                           ; while(1); // 無限ループ
    20                                  
    21                                  ;**************************************
    22                                  ;   ブートフラグ(先頭512バイトの終了)
    23                                  ;**************************************
    24 0000005C 00<rept>                    times   510 - ($ - $$) db 0x00
    25 000001FE 55AA                        db  0x55, 0xAA
