     1                                  %include "../include/define.s"
     1                              <1>     BOOT_LOAD       equ     0x7C00
     2                              <1>     BOOT_END        equ     (BOOT_LOAD + BOOT_SIZE)
     3                              <1> 
     4                              <1>     BOOT_SIZE       equ     (1024 * 8)
     5                              <1>     SECT_SIZE       equ     (512)
     6                              <1>     BOOT_SECT       equ     (BOOT_SIZE / SECT_SIZE)
     7                              <1> 
     8                              <1>     E820_RECORD_SIZE    equ     20
     9                              <1> 
    10                              <1>     KERNEL_LOAD     equ     0x0010_1000
    11                              <1>     KERNEL_SIZE     equ     (1024 * 8)      ; カーネルサイズ
    12                              <1>     KERNEL_SECT     equ     (KERNEL_SIZE / SECT_SIZE)
     2                                  %include "../include/macro.s"
     1                              <1> %macro  cdecl 1-*.nolist
     2                              <1> 
     3                              <1>     %rep    %0 - 1
     4                              <1>         push    %{-1:-1}
     5                              <1>         %rotate -1
     6                              <1>     %endrep
     7                              <1>     %rotate - 1
     8                              <1> 
     9                              <1>         call    %1
    10                              <1> 
    11                              <1>     %if 1 < %0
    12                              <1>         add     sp, (__BITS__ >> 3) * (%0 - 1)
    13                              <1>     %endif
    14                              <1> 
    15                              <1> %endmacro
    16                              <1> 
    17                              <1> struc drive
    18 00000000 <res 00000002>      <1>         .no     resw    1           ; ドライブ番号
    19 00000002 <res 00000002>      <1>         .cyln   resw    1           ; シリンダ
    20 00000004 <res 00000002>      <1>         .head   resw    1           ; ヘッド
    21 00000006 <res 00000002>      <1>         .sect   resw    1           ; セクタ
    22                              <1> endstruc
     3                                  
     4                                          ORG     KERNEL_LOAD
     5                                  
     6                                  [BITS 32]
     7                                  ;************************************************
     8                                  ;   エントリポイント
     9                                  ;************************************************
    10                                  kernel:
    11                                          ;----------------------------------
    12                                          ; フォントアドレスを取得
    13                                          ;----------------------------------
    14 00000000 BE007E0000                      mov     esi, BOOT_LOAD + SECT_SIZE      ; ESI = 0x7C00 + 512;
    15 00000005 0FB706                          movzx   eax, word [esi + 0]             ; EAX = [ESI + 0]; // セグメント
    16 00000008 0FB75E02                        movzx   ebx, word [esi + 2]             ; EBX = [ESI + 2]; // オフセット
    17 0000000C C1E004                          shl     eax, 4                          ; EAX <<= 4;
    18 0000000F 01D8                            add     eax, ebx                        ; EAX += EBX;
    19 00000011 A3[B0000000]                    mov     [FONT_ADR], eax                 ; FONT_ADR[0] = EAX;
    20                                          
    21                                          ;---------------------------------------
    22                                          ; フォントの一覧表示
    23                                          ;---------------------------------------
    24 00000016 6A0D6A3FE80C020000-             cdecl   draw_font, 63, 13               ; // フォントの一覧表示
    24 0000001F 6683C408           
    25 00000023 6A046A3FE88D020000-             cdecl   draw_color_bar, 63, 4           ; // カラーバーの表示
    25 0000002C 6683C408           
    26                                  
    27 00000030 68[9D000000]680F01-             cdecl   draw_str, 25, 14, 0x010F, .s0
    27 00000038 00006A0E6A19E82D02-
    27 00000041 00006683C410       
    28                                  
    29 00000047 6A0368C800000068C8-             cdecl   draw_rect, 100, 100, 200, 200, 0x03
    29 00000050 0000006A646A64E84C-
    29 00000059 0400006683C414     
    30 00000060 6A0568960000006896-             cdecl   draw_rect, 400, 250, 150, 150, 0x05
    30 00000069 00000068FA00000068-
    30 00000072 90010000E82D040000-
    30 0000007B 6683C414           
    31 0000007F 6A066A64682C010000-             cdecl   draw_rect, 350, 400, 300, 100, 0x06
    31 00000088 6890010000685E0100-
    31 00000091 00E8110400006683C4-
    31 0000009A 14                 
    32                                  
    33                                          ;----------------------------------
    34                                          ; 処理の終了
    35                                          ;----------------------------------
    36 0000009B EBFE                            jmp     $                               ; while(1);     // 無限ループ
    37                                  
    38 0000009D 2048656C6C6F2C206B-     .s0:    db  " Hello, kernel!", 0
    38 000000A6 65726E656C2100     
    39                                  
    40 000000AD 00<rept>                ALIGN 4, db 0
    41 000000B0 00000000                FONT_ADR:       dd  0
    42                                  
    43                                  ;************************************************
    44                                  ;   モジュール
    45                                  ;************************************************
    46                                  %include  "../modules/protect/vga.s"
     1                              <1> vga_set_read_plane:
     2                              <1>         ;---------------------------------
     3                              <1>         ; スタックフレームの構築
     4                              <1>         ;---------------------------------
     5                              <1>                                             ;    + 8| プレーン (インデックス)
     6                              <1>                                             ; ------+---------------
     7 000000B4 55                  <1>         push    ebp                         ;    + 4| EIP (戻り番地)
     8 000000B5 89E5                <1>         mov     ebp, esp                    ; EBP+ 0| EBP (元の値)
     9                              <1>                                             ;-------+---------------
    10                              <1> 
    11                              <1>         ;---------------------------------
    12                              <1>         ; レジスタの保存
    13                              <1>         ;---------------------------------
    14 000000B7 50                  <1>         push    eax
    15 000000B8 52                  <1>         push    edx
    16                              <1> 
    17                              <1>         ;---------------------------------
    18                              <1>         ; 読み込みプレーンの選択
    19                              <1>         ;---------------------------------
    20 000000B9 8A6508              <1>         mov     ah, [ebp + 8]
    21 000000BC 80E403              <1>         and     ah, 0x03
    22 000000BF B004                <1>         mov     al, 0x04
    23 000000C1 66BACE03            <1>         mov     dx, 0x03CE
    24 000000C5 66EF                <1>         out     dx, ax
    25                              <1> 
    26                              <1>         ;---------------------------------
    27                              <1>         ; レジスタの復帰
    28                              <1>         ;---------------------------------
    29 000000C7 5A                  <1>         pop     edx
    30 000000C8 58                  <1>         pop     eax
    31                              <1> 
    32                              <1>         ;---------------------------------
    33                              <1>         ; スタックフレームの破棄
    34                              <1>         ;---------------------------------
    35 000000C9 89EC                <1>         mov     esp, ebp
    36 000000CB 5D                  <1>         pop     ebp
    37                              <1> 
    38 000000CC C3                  <1>         ret
    39                              <1> 
    40                              <1> vga_set_write_plane:
    41                              <1>         ;---------------------------------
    42                              <1>         ; スタックフレームの構築
    43                              <1>         ;---------------------------------
    44                              <1>                                             ;    + 8| プレーン (ビット指定)
    45                              <1>                                             ; ------+---------------
    46 000000CD 55                  <1>         push    ebp                         ;    + 4| EIP (戻り番地)
    47 000000CE 89E5                <1>         mov     ebp, esp                    ; EBP+ 0| EBP (元の値)
    48                              <1>                                             ;-------+---------------
    49                              <1> 
    50                              <1>         ;---------------------------------
    51                              <1>         ; レジスタの保存
    52                              <1>         ;---------------------------------
    53 000000D0 50                  <1>         push    eax
    54 000000D1 52                  <1>         push    edx
    55                              <1> 
    56                              <1>         ;---------------------------------
    57                              <1>         ; 書き込みプレーンの選択
    58                              <1>         ;---------------------------------
    59 000000D2 8A6508              <1>         mov     ah, [ebp + 8]
    60 000000D5 80E40F              <1>         and     ah, 0x0F
    61 000000D8 B002                <1>         mov     al, 0x02
    62 000000DA 66BAC403            <1>         mov     dx, 0x03C4
    63 000000DE 66EF                <1>         out     dx, ax
    64                              <1> 
    65                              <1>         ;---------------------------------
    66                              <1>         ; レジスタの復帰
    67                              <1>         ;---------------------------------
    68 000000E0 5A                  <1>         pop     edx
    69 000000E1 58                  <1>         pop     eax
    70                              <1> 
    71                              <1>         ;---------------------------------
    72                              <1>         ; スタックフレームの破棄
    73                              <1>         ;---------------------------------
    74 000000E2 89EC                <1>         mov     esp, ebp
    75 000000E4 5D                  <1>         pop     ebp
    76                              <1> 
    77 000000E5 C3                  <1>         ret
    78                              <1> 
    79                              <1> vram_font_copy:
    80                              <1>         ;---------------------------------
    81                              <1>         ; スタックフレームの構築
    82                              <1>         ;---------------------------------
    83                              <1>                                             ;    +20| 描画色
    84                              <1>                                             ;    +16| プレーン(ビット指定)
    85                              <1>                                             ;    +12| VRAMアドレス
    86                              <1>                                             ;    + 8| フォントアドレス
    87                              <1>                                             ; ------+---------------
    88 000000E6 55                  <1>         push    ebp                         ;    + 4| EIP (戻り番地)
    89 000000E7 89E5                <1>         mov     ebp, esp                    ; EBP+ 0| EBP (元の値)
    90                              <1>                                             ; ------+---------------
    91                              <1> 
    92                              <1>         ;---------------------------------
    93                              <1>         ; レジスタの保存
    94                              <1>         ;---------------------------------
    95 000000E9 50                  <1>         push    eax
    96 000000EA 53                  <1>         push    ebx
    97 000000EB 51                  <1>         push    ecx
    98 000000EC 52                  <1>         push    edx
    99 000000ED 56                  <1>         push    esi
   100 000000EE 57                  <1>         push    edi
   101                              <1> 
   102                              <1>         ;---------------------------------
   103                              <1>         ; 処理の開始
   104                              <1>         ;---------------------------------
   105 000000EF 8B7508              <1>         mov     esi, [ebp + 8]
   106 000000F2 8B7D0C              <1>         mov     edi, [ebp +12]
   107 000000F5 0FB64510            <1>         movzx   eax, byte [ebp +16]
   108 000000F9 0FB75D14            <1>         movzx   ebx, word [ebp + 20]
   109                              <1> 
   110 000000FD 84C7                <1>         test    bh, al
   111 000000FF 0F94C6              <1>         setz    dh
   112 00000102 FECE                <1>         dec     dh
   113                              <1> 
   114 00000104 84C3                <1>         test    bl, al
   115 00000106 0F94C2              <1>         setz    dl
   116 00000109 FECA                <1>         dec     dl
   117                              <1> 
   118                              <1>         ;---------------------------------
   119                              <1>         ; 16ドットフォントのコピー
   120                              <1>         ;---------------------------------
   121 0000010B FC                  <1>         cld
   122                              <1> 
   123 0000010C B910000000          <1>         mov     ecx, 16
   124                              <1> .10L:
   125                              <1>         ;---------------------------------
   126                              <1>         ; フォントマスクの作成
   127                              <1>         ;---------------------------------
   128 00000111 AC                  <1>         lodsb
   129 00000112 88C4                <1>         mov     ah, al
   130 00000114 F6D4                <1>         not     ah
   131                              <1> 
   132                              <1>         ;---------------------------------
   133                              <1>         ; 前景色
   134                              <1>         ;---------------------------------
   135                              <1> 
   136 00000116 20D0                <1>         and     al, dl
   137                              <1> 
   138                              <1>         ;---------------------------------
   139                              <1>         ; 背景色
   140                              <1>         ;---------------------------------
   141 00000118 F7C310000000        <1>         test    ebx, 0x0010
   142 0000011E 7404                <1>         jz      .11F
   143 00000120 2227                <1>         and     ah, [edi]
   144 00000122 EB02                <1>         jmp     .11E
   145                              <1> .11F:
   146                              <1> 
   147 00000124 20F4                <1>         and     ah, dh
   148                              <1> .11E:
   149                              <1> 
   150                              <1>         ;---------------------------------
   151                              <1>         ; 前景色と背景色を合成
   152                              <1>         ;---------------------------------
   153 00000126 08E0                <1>         or      al, ah
   154                              <1> 
   155                              <1>         ;---------------------------------
   156                              <1>         ; 新しい値を出力
   157                              <1>         ;---------------------------------
   158 00000128 8807                <1>         mov     [edi], al
   159                              <1> 
   160 0000012A 83C750              <1>         add     edi, 80
   161 0000012D E2E2                <1>         loop    .10L
   162                              <1> .10E:
   163                              <1> 
   164                              <1>         ;---------------------------------
   165                              <1>         ; レジスタの復帰
   166                              <1>         ;---------------------------------
   167 0000012F 5F                  <1>         pop     edi
   168 00000130 5E                  <1>         pop     esi
   169 00000131 5A                  <1>         pop     edx
   170 00000132 59                  <1>         pop     ecx
   171 00000133 5B                  <1>         pop     ebx
   172 00000134 58                  <1>         pop     eax
   173                              <1> 
   174                              <1>         ;---------------------------------
   175                              <1>         ; スタックフレームの破棄
   176                              <1>         ;---------------------------------
   177 00000135 89EC                <1>         mov     esp, ebp
   178 00000137 5D                  <1>         pop     ebp
   179                              <1> 
   180 00000138 C3                  <1>         ret
   181                              <1> 
   182                              <1> vram_bit_copy:
   183                              <1>         ;---------------------------------------
   184                              <1>         ; スタックフレームの構築
   185                              <1>         ;---------------------------------------
   186                              <1>                                                 ; EBP+20| 色（背景/前景色）
   187                              <1>                                                 ; EBP+16| プレーン（ビット指定）
   188                              <1>                                                 ; EBP+12| VRAMアドレス
   189                              <1>                                                 ; EBP+ 8| 出力ビットパターン
   190                              <1> 	                                        ; ------+----------------
   191 00000139 55                  <1>         push    ebp				; EBP+ 4| EIP（戻り番地）
   192 0000013A 89E5                <1>         mov     ebp, esp			; EBP+ 0| EBP（元の値）
   193                              <1> 						; ------+----------------
   194                              <1> 
   195                              <1>         ;---------------------------------------
   196                              <1>         ; レジスタの保存
   197                              <1>         ;---------------------------------------
   198 0000013C 50                  <1>         push    eax
   199 0000013D 53                  <1>         push    ebx
   200 0000013E 57                  <1>         push    edi
   201                              <1> 
   202                              <1>         ;---------------------------------------
   203                              <1>         ; 処理の開始
   204                              <1>         ;---------------------------------------
   205 0000013F 8B7D0C              <1>         mov     edi, [ebp + 12]                 ; EDI = VRAMアドレス;
   206 00000142 0FB64510            <1>         movzx   eax, byte [ebp + 16]            ; EAX = プレーン(ビット指定);
   207 00000146 0FB75D14            <1>         movzx   ebx, word [ebp + 20]            ; EBX = 表示色;
   208                              <1> 
   209 0000014A 84C3                <1>         test    bl, al                          ; ZF = (前景色 & プレーン);
   210 0000014C 0F94C3              <1>         setz    bl                              ; BL = ZF ? 0x01 : 0x00;
   211 0000014F FECB                <1>         dec     bl                              ; BL--; // 0x00 or 0xFF
   212                              <1> 
   213                              <1>         ;---------------------------------------
   214                              <1>         ;  マスクデータの作成
   215                              <1>         ;---------------------------------------
   216 00000151 8A4508              <1>         mov     al, [ebp + 8]                   ; AL = 出力ビットパターン;
   217 00000154 88C4                <1>         mov     ah, al                          ; AH ~= AL;     // !出力ビットパターン(ビット反転)
   218 00000156 F6D4                <1>         not     ah
   219                              <1> 
   220                              <1>         ;---------------------------------------
   221                              <1>         ; 現在地の出力を取得
   222                              <1>         ;---------------------------------------
   223 00000158 2227                <1>         and     ah, [edi]                       ; AH = 現在地 & !出力ビットパターン;
   224 0000015A 20D8                <1>         and     al, bl                          ; AL = 表示色 &  出力ビットパターン;
   225 0000015C 08E0                <1>         or      al, ah                          ; AL |= AH;
   226                              <1> 
   227                              <1>         ;---------------------------------------
   228                              <1>         ; 新しい値を出力
   229                              <1>         ;---------------------------------------
   230 0000015E 8807                <1>         mov     [edi], al                       ; [EDI] = BL;   // プレーンに書き込む
   231                              <1> 
   232                              <1>         ;---------------------------------------
   233                              <1>         ; レジスタの復帰
   234                              <1>         ;---------------------------------------
   235 00000160 5F                  <1>         pop     edi
   236 00000161 5B                  <1>         pop     ebx
   237 00000162 58                  <1>         pop     eax
   238                              <1> 
   239                              <1>         ;---------------------------------------
   240                              <1>         ; スタックフレームの破棄
   241                              <1>         ;---------------------------------------
   242 00000163 89EC                <1>         mov     esp, ebp
   243 00000165 5D                  <1>         pop     ebp
   244                              <1> 
   245 00000166 C3                  <1>         ret
    47                                  %include  "../modules/protect/draw_char.s"
     1                              <1> draw_char:
     2                              <1>     ;---------------------------------
     3                              <1>     ;   スタックフレームの構築
     4                              <1>     ;---------------------------------
     5                              <1>                                         ;     +20| 文字
     6                              <1>                                         ;     +16| 描画色
     7                              <1>                                         ;     +12| 行
     8                              <1>                                         ;     + 8| 列
     9                              <1>                                         ;  ------|------
    10 00000167 55                  <1>     push    ebp                         ;  EBP+ 4| IP(戻り番地)
    11 00000168 89E5                <1>     mov     ebp, esp                    ;  EBP+ 0| BP(元の値)
    12                              <1>                                         ;  ------+------
    13                              <1> 
    14                              <1>     ;---------------------------------
    15                              <1>     ; レジスタの保存
    16                              <1>     ;---------------------------------
    17 0000016A 50                  <1>     push    eax
    18 0000016B 53                  <1>     push    ebx
    19 0000016C 51                  <1>     push    ecx
    20 0000016D 52                  <1>     push    edx
    21 0000016E 56                  <1>     push    esi
    22 0000016F 57                  <1>     push    edi
    23                              <1> 
    24                              <1>     ;---------------------------------------
    25                              <1>     ; テストアンドセット
    26                              <1>     ;---------------------------------------
    27                              <1> %ifdef	USE_TEST_AND_SET
    28                              <1>     cdecl	test_and_set, IN_USE			; TEST_AND_SET(IN_USE); // リソースの空き待ち
    29                              <1> %endif
    30                              <1> 
    31                              <1>     ;---------------------------------------
    32                              <1>     ; コピー元フォントアドレスを設定
    33                              <1>     ;---------------------------------------
    34 00000170 0FB67514            <1>     movzx   esi, byte [ebp + 20]            ; CL  = 文字コード;
    35 00000174 C1E604              <1>     shl     esi, 4							; CL *= 16; // 1文字16バイト
    36 00000177 0335[B0000000]      <1>     add     esi, [FONT_ADR]					; ESI = フォントアドレス;
    37                              <1> 
    38                              <1>     ;---------------------------------------
    39                              <1>     ; コピー先アドレスを取得
    40                              <1>     ; Adr = 0xA0000 + (640 / 8 * 16) * y + x
    41                              <1>     ;---------------------------------------
    42 0000017D 8B7D0C              <1>     mov     edi, [ebp + 12]                 ; Y（行）
    43 00000180 C1E708              <1>     shl     edi, 8							; EDI = Y * 256;
    44 00000183 8DBCBF00000A00      <1>     lea     edi, [edi * 4 + edi + 0xA0000]	; EDI = Y *   4 + Y;
    45 0000018A 037D08              <1>     add     edi, [ebp + 8]					; X（列）
    46                              <1> 
    47                              <1>     ;---------------------------------------
    48                              <1>     ; 1文字分のフォントを出力
    49                              <1>     ;---------------------------------------
    50 0000018D 0FB75D10            <1>     movzx   ebx, word [ebp + 16]            ; // 表示色
    51                              <1> 
    52 00000191 6A03E81CFFFFFF6683- <1>     cdecl   vga_set_read_plane, 0x03		; // 書き込みプレーン：輝度(I)
    52 0000019A C404                <1>
    53 0000019C 6A08E82AFFFFFF6683- <1>     cdecl   vga_set_write_plane, 0x08		; // 読み込みプレーン：輝度(I)
    53 000001A5 C404                <1>
    54 000001A7 536A085756E835FFFF- <1>     cdecl   vram_font_copy, esi, edi, 0x08, ebx
    54 000001B0 FF6683C410          <1>
    55                              <1> 
    56 000001B5 6A02E8F8FEFFFF6683- <1>     cdecl   vga_set_read_plane, 0x02		; // 書き込みプレーン：赤(R)
    56 000001BE C404                <1>
    57 000001C0 6A04E806FFFFFF6683- <1>     cdecl   vga_set_write_plane, 0x04		; // 読み込みプレーン：赤(R)
    57 000001C9 C404                <1>
    58 000001CB 536A045756E811FFFF- <1>     cdecl   vram_font_copy, esi, edi, 0x04, ebx
    58 000001D4 FF6683C410          <1>
    59                              <1> 
    60 000001D9 6A01E8D4FEFFFF6683- <1>     cdecl   vga_set_read_plane, 0x01		; // 書き込みプレーン：緑(G)
    60 000001E2 C404                <1>
    61 000001E4 6A02E8E2FEFFFF6683- <1>     cdecl   vga_set_write_plane, 0x02		; // 読み込みプレーン：緑(G)
    61 000001ED C404                <1>
    62 000001EF 536A025756E8EDFEFF- <1>     cdecl   vram_font_copy, esi, edi, 0x02, ebx
    62 000001F8 FF6683C410          <1>
    63                              <1> 
    64 000001FD 6A00E8B0FEFFFF6683- <1>     cdecl   vga_set_read_plane, 0x00		; // 書き込みプレーン：青(B)
    64 00000206 C404                <1>
    65 00000208 6A01E8BEFEFFFF6683- <1>     cdecl   vga_set_write_plane, 0x01		; // 読み込みプレーン：青(B)
    65 00000211 C404                <1>
    66 00000213 536A015756E8C9FEFF- <1>     cdecl   vram_font_copy, esi, edi, 0x01, ebx
    66 0000021C FF6683C410          <1>
    67                              <1> 
    68                              <1> %ifdef	USE_TEST_AND_SET
    69                              <1>     ;---------------------------------------
    70                              <1>     ; テストアンドセット
    71                              <1>     ;---------------------------------------
    72                              <1>     mov		[IN_USE], dword 0				; 変数のクリア
    73                              <1> %endif
    74                              <1> 
    75                              <1>     ;---------------------------------
    76                              <1>     ; レジスタの復帰
    77                              <1>     ;---------------------------------
    78 00000221 5F                  <1>     pop     edi
    79 00000222 5E                  <1>     pop     esi
    80 00000223 5A                  <1>     pop     edx
    81 00000224 59                  <1>     pop     ecx
    82 00000225 5B                  <1>     pop     ebx
    83 00000226 58                  <1>     pop     eax
    84                              <1> 
    85                              <1>     ;---------------------------------
    86                              <1>     ; スタックフレームの破棄
    87                              <1>     ;---------------------------------
    88 00000227 89EC                <1>     mov     esp, ebp
    89 00000229 5D                  <1>     pop     ebp
    90                              <1> 
    91 0000022A C3                  <1>     ret
    92                              <1> 
    93                              <1> %ifdef USE_TEST_AND_SET
    94                              <1> ALIGN 4, db 0
    95                              <1> IN_USE:	dd	0
    96                              <1> %endif
    48                                  %include  "../modules/protect/draw_font.s"
     1                              <1> draw_font:
     2                              <1>         ;----------------------------------
     3                              <1>         ; スタックフレームの構築
     4                              <1>         ;----------------------------------
     5                              <1> 												; EBP+12| Y（行）
     6                              <1> 												; EBP+ 8| X（列）
     7                              <1> 												; ---------------
     8 0000022B 55                  <1>         push    ebp								; EBP+ 4| EIP（戻り番地）
     9 0000022C 89E5                <1>         mov     ebp, esp						; EBP+ 0| EBP（元の値）
    10                              <1> 												; ---------------
    11                              <1> 
    12                              <1>         ;----------------------------------
    13                              <1>         ; レジスタの保存
    14                              <1>         ;----------------------------------
    15 0000022E 50                  <1>         push    eax
    16 0000022F 53                  <1>         push    ebx
    17 00000230 51                  <1>         push    ecx
    18 00000231 52                  <1>         push    edx
    19 00000232 56                  <1>         push    esi
    20 00000233 57                  <1>         push    edi
    21                              <1> 
    22                              <1>         ;----------------------------------
    23                              <1>         ; 表示位置
    24                              <1>         ;----------------------------------
    25 00000234 8B7508              <1>         mov     esi, [ebp + 8]					; ESI = X（列）
    26 00000237 8B7D0C              <1>         mov     edi, [ebp +12]					; EDI = Y（行）
    27                              <1> 
    28                              <1>         ;----------------------------------
    29                              <1>         ; フォント一覧を表示
    30                              <1>         ;----------------------------------
    31 0000023A B900000000          <1>         mov     ecx, 0							; for (ECX = 0;
    32 0000023F 81F900010000        <1> .10L:   cmp     ecx, 256						;      ECX < 256;
    33 00000245 731F                <1>         jae     .10E                            ;
    34                              <1> 												;      ECX++)
    35                              <1> 												; {
    36                              <1> 												;   // 桁位置の計算
    37 00000247 89C8                <1>         mov     eax, ecx						;   EAX  = ECX;
    38 00000249 83E00F              <1>         and     eax, 0x0F						;   EAX &= 0x0F
    39 0000024C 01F0                <1>         add     eax, esi						;   EAX += X;
    40                              <1>                                                 ;
    41                              <1> 												;   // 行位置の計算
    42 0000024E 89CB                <1>         mov     ebx, ecx						;   EBX  = ECX;
    43 00000250 C1EB04              <1>         shr     ebx, 4							;   EBX /= 16
    44 00000253 01FB                <1>         add     ebx, edi						;   EBX += Y;
    45                              <1> 
    46 00000255 516A075350E808FFFF- <1>         cdecl   draw_char, eax, ebx, 0x07, ecx	;   draw_char();
    46 0000025E FF6683C410          <1>
    47                              <1> 
    48 00000263 41                  <1>         inc     ecx								;   // for (... ECX++)
    49 00000264 EBD9                <1>         jmp     .10L                            ;
    50                              <1> .10E:                                           ; }
    51                              <1> 
    52                              <1> 
    53                              <1> 
    54                              <1>         ;----------------------------------
    55                              <1>         ; レジスタの復帰
    56                              <1>         ;----------------------------------
    57 00000266 5F                  <1>         pop     edi
    58 00000267 5E                  <1>         pop     esi
    59 00000268 5A                  <1>         pop     edx
    60 00000269 59                  <1>         pop     ecx
    61 0000026A 5B                  <1>         pop     ebx
    62 0000026B 58                  <1>         pop     eax
    63                              <1> 
    64                              <1>         ;----------------------------------
    65                              <1>         ; スタックフレームの破棄
    66                              <1>         ;----------------------------------
    67 0000026C 89EC                <1>         mov     esp, ebp
    68 0000026E 5D                  <1>         pop     ebp
    69                              <1> 
    70 0000026F C3                  <1>         ret
    49                                  %include  "../modules/protect/draw_str.s"
     1                              <1> draw_str:
     2                              <1>         ;---------------------------------
     3                              <1>         ; スタックフレームの構築
     4                              <1>         ;---------------------------------
     5                              <1>                                             ;     +20| 文字列のアドレス
     6                              <1>                                             ;     +16| 色
     7                              <1>                                             ;     +12| 行
     8                              <1>                                             ;     + 8| 列
     9                              <1>                                             ; -------+--------------
    10 00000270 55                  <1>         push    ebp                         ;     + 4| EIP (戻り番地)
    11 00000271 89E5                <1>         mov     ebp, esp                    ; EBP + 0| EBP (元の値)
    12                              <1> 
    13                              <1>         ;---------------------------------
    14                              <1>         ; レジスタの保存
    15                              <1>         ;---------------------------------
    16 00000273 50                  <1> 		push	eax
    17 00000274 53                  <1> 		push	ebx
    18 00000275 51                  <1> 		push	ecx
    19 00000276 52                  <1> 		push	edx
    20 00000277 56                  <1> 		push	esi
    21                              <1> 
    22                              <1>         ;---------------------------------
    23                              <1>         ; 文字列の表示
    24                              <1>         ;---------------------------------
    25 00000278 8B4D08              <1>         mov     ecx, [ebp + 8]              ; ECX = 列;
    26 0000027B 8B550C              <1>         mov     edx, [ebp + 12]             ; EDX = 行;
    27 0000027E 0FB75D10            <1>         movzx   ebx, word [ebp + 16]        ; EBX = 表示色;
    28 00000282 8B7514              <1>         mov     esi, [ebp + 20]             ; ESI = 文字列のアドレス;
    29                              <1> 
    30 00000285 FC                  <1>         cld                                 ; DF = 0;   // アドレス加算
    31                              <1> .10L:                                       ; do
    32                              <1>                                             ; {
    33 00000286 AC                  <1>         lodsb                               ;    AL = *ESI++;
    34 00000287 3C00                <1>         cmp     al, 0                       ;    if(0 == AL)
    35 00000289 7425                <1>         je      .10E                        ;      break;
    36                              <1> 
    37                              <1>         ;---------------------------------
    38                              <1>         ; 1文字表示
    39                              <1>         ;---------------------------------
    40 0000028B 50535251E8D3FEFFFF- <1>         cdecl   draw_char, ecx, edx, ebx, eax   ;   draw_char();
    40 00000294 6683C410            <1>
    41                              <1> 
    42                              <1>         ; 次の文字の位置を調整
    43 00000298 41                  <1>         inc     ecx                         ;   ECX++;
    44 00000299 83F950              <1>         cmp     ecx, 80                     ;   if(80 <= ECX)
    45 0000029C 7C10                <1>         jl      .12E                        ;   {
    46 0000029E B900000000          <1>         mov     ecx, 0                      ;      ECX = 0;
    47 000002A3 42                  <1>         inc     edx                         ;      EDX++;
    48 000002A4 83FA1E              <1>         cmp     edx, 30                     ;      if(30 <= EDX)
    49 000002A7 7C05                <1>         jl      .12E                        ;      {
    50 000002A9 BA00000000          <1>         mov     edx, 0                      ;         EDX = 0;
    51                              <1> .12E:                                       ;      }
    52 000002AE EBD6                <1>         jmp     .10L                        ;   }
    53                              <1> .10E:                                       ; } while(1);
    54                              <1>        
    55                              <1>         ;---------------------------------
    56                              <1>         ; レジスタの復帰
    57                              <1>         ;---------------------------------
    58 000002B0 5E                  <1> 		pop		esi
    59 000002B1 5A                  <1> 		pop		edx
    60 000002B2 59                  <1> 		pop		ecx
    61 000002B3 5B                  <1> 		pop		ebx
    62 000002B4 58                  <1> 		pop		eax
    63                              <1> 
    64                              <1>         ;---------------------------------
    65                              <1>         ; スタックフレームの破棄
    66                              <1>         ;---------------------------------
    67 000002B5 89EC                <1>         mov     esp, ebp
    68 000002B7 5D                  <1>         pop     ebp
    69                              <1> 
    70 000002B8 C3                  <1>         ret
    50                                  %include  "../modules/protect/draw_color_bar.s"
     1                              <1> draw_color_bar:
     2                              <1>         ;---------------------------------------
     3                              <1>         ; スタックフレームの構築
     4                              <1>         ;---------------------------------------
     5                              <1>                                                 ; ---------------------
     6                              <1>                                                 ;     +12| Y(行)
     7                              <1>                                                 ;     + 8| X(列)
     8                              <1>                                                 ; -------+-------------
     9 000002B9 55                  <1>         push    ebp                             ;     + 4| EIP(戻り番地)
    10 000002BA 89E5                <1>         mov     ebp, esp                        ; EBP + 0| EBP(元の値)
    11                              <1>                                                 ; ---------------------
    12                              <1> 
    13                              <1> 		;---------------------------------------
    14                              <1> 		; レジスタの保存
    15                              <1> 		;---------------------------------------
    16 000002BC 50                  <1> 		push	eax
    17 000002BD 53                  <1> 		push	ebx
    18 000002BE 51                  <1> 		push	ecx
    19 000002BF 52                  <1> 		push	edx
    20 000002C0 56                  <1> 		push	esi
    21 000002C1 57                  <1> 		push	edi
    22                              <1> 
    23                              <1>         ;---------------------------------------
    24                              <1>         ; 表示位置
    25                              <1>         ;---------------------------------------
    26 000002C2 8B7508              <1>         mov     esi, [ebp + 8]                      ; ESI = X(列);
    27 000002C5 8B7D0C              <1>         mov     edi, [ebp +12]                      ; EDI = Y(行);
    28                              <1> 
    29                              <1>         ;---------------------------------------
    30                              <1>         ; カラーバーを表示
    31                              <1>         ;---------------------------------------
    32 000002C8 B900000000          <1>         mov     ecx, 0                              ; for(ECX = 0;
    33 000002CD 83F910              <1> .10L:   cmp     ecx, 16                             ;     ECX < 16;
    34 000002D0 732E                <1>         jae     .10E                                ;
    35                              <1>                                                     ;     ECX++)
    36                              <1>                                                     ; {
    37                              <1>                                                     ;    // 桁位置の計算
    38 000002D2 89C8                <1>         mov     eax, ecx                            ;    EAX = ECX;
    39 000002D4 83E001              <1>         and     eax, 0x01                           ;    EAX &= 0x01;
    40 000002D7 C1E003              <1>         shl     eax, 3                              ;    EAX *= 8;  // 8文字分乗算
    41 000002DA 01F0                <1>         add     eax, esi                            ;    EAX += X;
    42                              <1>                                                     ;
    43                              <1>                                                     ;    // 行位置の計算
    44 000002DC 89CB                <1>         mov     ebx, ecx                            ;    EBX = ECX;
    45 000002DE D1EB                <1>         shr     ebx, 1                              ;    EBX /= 2;
    46 000002E0 01FB                <1>         add     ebx, edi                            ;    EBX += Y;
    47                              <1>                                                     ;
    48                              <1>                                                     ;    // 表示色の取得
    49 000002E2 89CA                <1>         mov     edx, ecx                            ;    EDX = ECX;
    50 000002E4 D1E2                <1>         shl     edx, 1                              ;    EDX /= 2;
    51 000002E6 8B92[13030000]      <1>         mov     edx, [.t0 + edx]                    ;    EDX += Y;
    52                              <1> 
    53 000002EC 68[0A030000]525350- <1>         cdecl   draw_str, eax, ebx, edx, .s0        ;    draw_str();
    53 000002F4 E877FFFFFF6683C410  <1>
    54                              <1> 
    55 000002FD 41                  <1>         inc     ecx                                 ; // for(... ECX++)
    56 000002FE EBCD                <1>         jmp     .10L                                ;
    57                              <1> .10E:                                               ; }
    58                              <1> 
    59                              <1> 
    60                              <1>         ;---------------------------------------
    61                              <1>         ; レジスタの復帰
    62                              <1>         ;---------------------------------------
    63 00000300 5F                  <1>         pop     edi
    64 00000301 5E                  <1>         pop     esi
    65 00000302 5A                  <1>         pop     edx
    66 00000303 59                  <1>         pop     ecx
    67 00000304 5B                  <1>         pop     ebx
    68 00000305 58                  <1>         pop     eax
    69                              <1> 
    70                              <1>         ;---------------------------------------
    71                              <1>         ; スタックフレームの破棄
    72                              <1>         ;---------------------------------------
    73 00000306 89EC                <1>         mov     esp, ebp
    74 00000308 5D                  <1>         pop     ebp
    75                              <1> 
    76 00000309 C3                  <1>         ret
    77                              <1> 
    78 0000030A 202020202020202000  <1> .s0:    db  '        ', 0                           ; 8文字分のスペース（表示色だけを変更）
    79                              <1> 
    80 00000313 00000008            <1> .t0:    dw  0x0000, 0x0800                          ; カラーバーの背景色
    81 00000317 00010009            <1>         dw  0x0100, 0x0900
    82 0000031B 0002000A            <1>         dw  0x0200, 0x0A00
    83 0000031F 0003000B            <1>         dw  0x0300, 0x0B00
    84 00000323 0004000C            <1>         dw  0x0400, 0x0C00
    85 00000327 0005000D            <1>         dw  0x0500, 0x0D00
    86 0000032B 0006000E            <1>         dw  0x0600, 0x0E00
    87 0000032F 0007000F            <1>         dw  0x0700, 0x0F00
    51                                  %include  "../modules/protect/draw_pixel.s"
     1                              <1> draw_pixel:
     2                              <1>         ;---------------------------------------
     3                              <1>         ; スタックフレームの構築
     4                              <1>         ;---------------------------------------
     5                              <1> 												; ------+--------
     6                              <1> 												; EBP+16| 色
     7                              <1> 												; EBP+12| Y
     8                              <1> 												; EBP+ 8| X
     9                              <1> 												; ------+--------
    10 00000333 55                  <1>         push    ebp								; EBP+ 4| EIP（戻り番地）
    11 00000334 89E5                <1>         mov     ebp, esp						; EBP+ 0| EBP（元の値）
    12                              <1> 												; ------+--------
    13                              <1> 
    14                              <1>         ;---------------------------------------
    15                              <1>         ; レジスタの保存
    16                              <1>         ;---------------------------------------
    17 00000336 50                  <1>         push    eax
    18 00000337 53                  <1>         push    ebx
    19 00000338 51                  <1>         push    ecx
    20 00000339 57                  <1>         push    edi
    21                              <1> 
    22                              <1>         ;---------------------------------------
    23                              <1>         ;
    24                              <1>         ;---------------------------------------
    25 0000033A 8B7D0C              <1>         mov     edi, [ebp + 12]					; EDI  = Y座標
    26 0000033D C1E704              <1>         shl     edi, 4							; EDI *= 16;
    27 00000340 8DBCBF00000A00      <1>         lea     edi, [edi * 4 + edi + 0xA_0000]	; EDI  = 0xA00000[EDI * 4 + EDI];
    28                              <1> 
    29                              <1> 		;---------------------------------------
    30                              <1> 		; X座標を1/8して加算
    31                              <1> 		;---------------------------------------
    32 00000347 8B5D08              <1> 		mov		ebx, [ebp + 8]					; EBX  = X座標;
    33 0000034A 89D9                <1> 		mov		ecx, ebx						; ECX  = X座標;（一時保存）
    34 0000034C C1EB03              <1> 		shr		ebx, 3							; EBX /= 8;
    35 0000034F 01DF                <1> 		add		edi, ebx						; EDI += EBX;
    36                              <1> 
    37                              <1> 		;---------------------------------------
    38                              <1> 		; X座標を8で割った余りからビット位置を計算
    39                              <1> 		; (0=0x80, 1=0x40,... 7=0x01)
    40                              <1> 		;---------------------------------------
    41 00000351 83E107              <1> 		and		ecx, 0x07						; ECX = X & 0x07;
    42 00000354 BB80000000          <1> 		mov		ebx, 0x80						; EBX = 0x80;
    43 00000359 D3EB                <1> 		shr		ebx, cl							; EBX >>= ECX;
    44                              <1> 
    45                              <1> 		;---------------------------------------
    46                              <1> 		; 色指定
    47                              <1> 		;---------------------------------------
    48 0000035B 8B4D10              <1> 		mov		ecx, [ebp +16]					; // 表示色
    49                              <1> 
    50                              <1> 		;---------------------------------------
    51                              <1> 		; プレーン毎に出力
    52                              <1> 		;---------------------------------------
    53 0000035E 6A03E84FFDFFFF6683- <1> 		cdecl	vga_set_read_plane, 0x03		; // 輝度(I)プレーンを選択
    53 00000367 C404                <1>
    54 00000369 6A08E85DFDFFFF6683- <1> 		cdecl	vga_set_write_plane, 0x08		; // 輝度(I)プレーンを選択
    54 00000372 C404                <1>
    55 00000374 516A085753E8BBFDFF- <1> 		cdecl	vram_bit_copy, ebx, edi, 0x08, ecx
    55 0000037D FF6683C410          <1>
    56                              <1> 
    57 00000382 6A02E82BFDFFFF6683- <1> 		cdecl	vga_set_read_plane, 0x02		; // 赤(R)プレーンを選択
    57 0000038B C404                <1>
    58 0000038D 6A04E839FDFFFF6683- <1> 		cdecl	vga_set_write_plane, 0x04		; // 赤(R)プレーンを選択
    58 00000396 C404                <1>
    59 00000398 516A045753E897FDFF- <1> 		cdecl	vram_bit_copy, ebx, edi, 0x04, ecx
    59 000003A1 FF6683C410          <1>
    60                              <1> 
    61 000003A6 6A01E807FDFFFF6683- <1> 		cdecl	vga_set_read_plane, 0x01		; // 緑(G)プレーンを選択
    61 000003AF C404                <1>
    62 000003B1 6A02E815FDFFFF6683- <1> 		cdecl	vga_set_write_plane, 0x02		; // 緑(G)プレーンを選択
    62 000003BA C404                <1>
    63 000003BC 516A025753E873FDFF- <1> 		cdecl	vram_bit_copy, ebx, edi, 0x02, ecx
    63 000003C5 FF6683C410          <1>
    64                              <1> 
    65 000003CA 6A00E8E3FCFFFF6683- <1> 		cdecl	vga_set_read_plane, 0x00		; // 青(B)プレーンを選択
    65 000003D3 C404                <1>
    66 000003D5 6A01E8F1FCFFFF6683- <1> 		cdecl	vga_set_write_plane, 0x01		; // 青(B)プレーンを選択
    66 000003DE C404                <1>
    67 000003E0 516A015753E84FFDFF- <1> 		cdecl	vram_bit_copy, ebx, edi, 0x01, ecx
    67 000003E9 FF6683C410          <1>
    68                              <1> 
    69                              <1>         ;---------------------------------------
    70                              <1>         ; レジスタの復帰
    71                              <1>         ;---------------------------------------
    72 000003EE 5F                  <1>         pop     edi
    73 000003EF 59                  <1>         pop     ecx
    74 000003F0 5B                  <1>         pop     ebx
    75 000003F1 58                  <1>         pop     eax
    76                              <1> 
    77                              <1>         ;---------------------------------------
    78                              <1>         ; スタックフレームの破棄
    79                              <1>         ;---------------------------------------
    80 000003F2 89EC                <1>         mov     esp, ebp
    81 000003F4 5D                  <1>         pop     ebp
    82                              <1> 
    83 000003F5 C3                  <1>         ret
    52                                  %include  "../modules/protect/draw_line.s"
     1                              <1> draw_line:
     2                              <1>         ;---------------------------------------
     3                              <1>         ; スタックフレームの構築
     4                              <1>         ;---------------------------------------
     5                              <1> 												; ---------------
     6                              <1> 												;    +24| 色
     7                              <1> 												;    +20| Y1
     8                              <1> 												;    +16| X1
     9                              <1> 												;    +12| Y0
    10                              <1> 												;    + 8| X0
    11                              <1> 												; ---------------
    12 000003F6 55                  <1>         push    ebp								; EBP+ 4| EIP（戻り番地）
    13 000003F7 89E5                <1>         mov     ebp, esp						; EBP+ 0| EBP（元の値）
    14                              <1> 												; ---------------
    15 000003F9 6A00                <1> 		push	dword 0							;    - 4| sum   = 0; // 相対軸の積算値
    16 000003FB 6A00                <1> 		push	dword 0							;    - 8| x0    = 0; // X座標
    17 000003FD 6A00                <1> 		push	dword 0							;    -12| dx    = 0; // X増分
    18 000003FF 6A00                <1> 		push	dword 0							;    -16| inc_x = 0; // X座標増分(1 or -1)
    19 00000401 6A00                <1> 		push	dword 0							;    -20| x0    = 0; // Y座標
    20 00000403 6A00                <1> 		push	dword 0							;    -24| dx    = 0; // Y増分
    21 00000405 6A00                <1>         push    dword 0							;    -28| inc_x = 0; // Y座標増分(1 or -1)
    22                              <1> 												; ------|--------
    23                              <1> 
    24                              <1>         ;---------------------------------------
    25                              <1>         ; レジスタの保存
    26                              <1>         ;---------------------------------------
    27 00000407 50                  <1>         push    eax
    28 00000408 53                  <1>         push    ebx
    29 00000409 51                  <1>         push    ecx
    30 0000040A 52                  <1>         push    edx
    31 0000040B 56                  <1>         push    esi
    32 0000040C 57                  <1>         push    edi
    33                              <1> 
    34                              <1> 		;---------------------------------------
    35                              <1> 		; 幅を計算（X軸）
    36                              <1> 		;---------------------------------------
    37 0000040D 8B4508              <1> 		mov		eax, [ebp + 8]					; EAX = X0;
    38 00000410 8B5D10              <1> 		mov		ebx, [ebp +16]					; EBX = X1;
    39 00000413 29C3                <1> 		sub		ebx, eax						; EBX = X1 - X0; // 幅
    40 00000415 7D09                <1> 		jge		.10F							; if (幅 < 0)
    41                              <1> 												; {
    42 00000417 F7DB                <1> 		neg		ebx								;   幅   *= -1;
    43 00000419 BEFFFFFFFF          <1> 		mov		esi, -1							;   // X座標の増分
    44 0000041E EB05                <1> 		jmp		.10E							; }
    45                              <1> .10F:											; else
    46                              <1> 												; {
    47 00000420 BE01000000          <1> 		mov		esi, 1							;   // X座標の増分
    48                              <1> .10E:											; }
    49                              <1> 
    50                              <1> 		;---------------------------------------
    51                              <1> 		; 高さを計算（Y軸）
    52                              <1> 		;---------------------------------------
    53 00000425 8B4D0C              <1> 		mov		ecx, [ebp +12]					; ECX = Y0
    54 00000428 8B5514              <1> 		mov		edx, [ebp +20]					; EDX = Y1
    55 0000042B 29CA                <1> 		sub		edx, ecx						; EDX = Y1 - Y0; // 高さ
    56 0000042D 7D09                <1> 		jge		.20F							; if (高さ < 0)
    57                              <1> 												; {
    58 0000042F F7DA                <1> 		neg		edx								;   高さ *= -1;
    59 00000431 BFFFFFFFFF          <1> 		mov		edi, -1							;   // Y座標の増分
    60 00000436 EB05                <1> 		jmp		.20E							; }
    61                              <1> .20F:											; else
    62                              <1> 												; {
    63 00000438 BF01000000          <1> 		mov		edi, 1							;   // Y座標の増分
    64                              <1> .20E:											; }
    65                              <1> 
    66                              <1> 		;---------------------------------------
    67                              <1> 		; X軸
    68                              <1> 		;---------------------------------------
    69 0000043D 8945F8              <1> 		mov		[ebp - 8], eax					;   // X軸:開始座標
    70 00000440 895DF4              <1> 		mov		[ebp -12], ebx					;   // X軸:描画幅
    71 00000443 8975F0              <1> 		mov		[ebp -16], esi					;   // X軸:増分(基準軸：1 or -1)
    72                              <1> 
    73                              <1> 		;---------------------------------------
    74                              <1> 		; Y軸
    75                              <1> 		;---------------------------------------
    76 00000446 894DEC              <1> 		mov		[ebp -20], ecx					;   // Y軸:開始座標
    77 00000449 8955E8              <1> 		mov		[ebp -24], edx					;   // Y軸:描画幅
    78 0000044C 897DE4              <1> 		mov		[ebp -28], edi					;   // Y軸:増分(基準軸：1 or -1)
    79                              <1> 
    80                              <1> 		;---------------------------------------
    81                              <1> 		; 基準軸を決める
    82                              <1> 		;---------------------------------------
    83 0000044F 39D3                <1> 		cmp		ebx, edx						; if (幅 <= 高さ)
    84 00000451 7F08                <1> 		jg		.22F							; {
    85                              <1> 												;   
    86 00000453 8D75EC              <1> 		lea		esi, [ebp -20]					;   // X軸が基準軸
    87 00000456 8D7DF8              <1> 		lea		edi, [ebp - 8]					;   // Y軸が相対軸
    88                              <1> 												;   
    89 00000459 EB06                <1> 		jmp		.22E							; }
    90                              <1> .22F:											; else
    91                              <1> 												; {
    92 0000045B 8D75F8              <1> 		lea		esi, [ebp - 8]					;   // Y軸が基準軸
    93 0000045E 8D7DEC              <1> 		lea		edi, [ebp -20]					;   // X軸が相対軸
    94                              <1> .22E:											; }
    95                              <1> 
    96                              <1> 		;---------------------------------------
    97                              <1> 		; 繰り返し回数(基準軸のドット数)
    98                              <1> 		;---------------------------------------
    99 00000461 8B4EFC              <1> 		mov		ecx, [esi - 4]					; ECX = 基準軸描画幅;
   100 00000464 83F900              <1> 		cmp		ecx, 0							; if (0 == ECX)
   101 00000467 7505                <1> 		jnz		.30E							; {
   102 00000469 B901000000          <1> 		mov		ecx, 1							;   ECX = 1;
   103                              <1> .30E:											; }
   104                              <1> 
   105                              <1> 		;---------------------------------------
   106                              <1> 		; 線を描画
   107                              <1> 		;---------------------------------------
   108                              <1> .50L:											; do
   109                              <1> 												; {
   110                              <1> %ifdef	USE_SYSTEM_CALL
   111                              <1> 		mov		eax, ecx						;   // 繰り返し回数を保存
   112                              <1> 
   113                              <1> 		mov		ebx, [ebp +24]					;   EBX = 表示色;
   114                              <1> 		mov		ecx, [ebp - 8]					;   ECX = X座標;
   115                              <1> 		mov		edx, [ebp -20]					;   EDX = Y座標;
   116                              <1> 		int		0x82							;   sys_call(1, X, Y, 色, 文字); BX(C), CX(X), DX(Y)
   117                              <1> 
   118                              <1> 		mov		ecx, eax
   119                              <1> %else
   122 0000046E FF7518FF75ECFF75F8- <1> 		cdecl	draw_pixel, dword [ebp - 8], 							dword [ebp -20], 							dword [ebp +24]		;   // 点の描画
   122 00000477 E8B7FEFFFF6683C40C  <1>
   123                              <1> %endif
   124                              <1> 												;   // 基準軸を更新(1ドット分)
   125 00000480 8B46F8              <1> 		mov		eax, [esi - 8]					;   EAX = 基準軸増分(1 or -1);
   126 00000483 0106                <1> 		add		[esi - 0], eax					;   
   127                              <1> 
   128                              <1> 												;   // 相対軸を更新
   129 00000485 8B45FC              <1> 		mov		eax, [ebp - 4]					;   EAX  = sum; // 相対軸の積算値;
   130 00000488 0347FC              <1> 		add		eax, [edi - 4]					;   EAX += dy;  // 増分(相対軸の描画幅)
   131 0000048B 8B5EFC              <1> 		mov		ebx, [esi - 4]					;   EBX  = dx;  // 増分(基準軸の描画幅)
   132                              <1> 
   133 0000048E 39D8                <1> 		cmp		eax, ebx						;   if (積算値 <= 相対軸の増分)
   134 00000490 7C07                <1> 		jl		.52E							;   {
   135 00000492 29D8                <1> 		sub		eax, ebx						;     EAX -= EBX; // 積算値から相対軸の増分を減算
   136                              <1> 												;     
   137                              <1> 												;     // 相対軸の座標を更新(1ドット分)
   138 00000494 8B5FF8              <1> 		mov		ebx, [edi - 8]					;     EBX =  相対軸増分;
   139 00000497 011F                <1> 		add		[edi - 0], ebx					;     
   140                              <1> .52E:											;   }
   141 00000499 8945FC              <1> 		mov		[ebp - 4], eax					;   // 積算値を更新
   142                              <1> 												;   
   143 0000049C E2D0                <1> 		loop	.50L							;   
   144                              <1> .50E:											; } while (ループ回数--);
   145                              <1> 
   146                              <1>         ;---------------------------------------
   147                              <1>         ; レジスタの復帰
   148                              <1>         ;---------------------------------------
   149 0000049E 5F                  <1>         pop     edi
   150 0000049F 5E                  <1>         pop     esi
   151 000004A0 5A                  <1>         pop     edx
   152 000004A1 59                  <1>         pop     ecx
   153 000004A2 5B                  <1>         pop     ebx
   154 000004A3 58                  <1>         pop     eax
   155                              <1> 
   156                              <1>         ;---------------------------------------
   157                              <1>         ; スタックフレームの破棄
   158                              <1>         ;---------------------------------------
   159 000004A4 89EC                <1>         mov     esp, ebp
   160 000004A6 5D                  <1>         pop     ebp
   161                              <1> 
   162 000004A7 C3                  <1>         ret
    53                                  %include  "../modules/protect/draw_rect.s"
     1                              <1> draw_rect:
     2                              <1>         ;---------------------------------------
     3                              <1>         ; スタックフレームの構築
     4                              <1>         ;---------------------------------------
     5                              <1> 												; ------|--------
     6                              <1> 												; EBP+24| 色
     7                              <1> 												; EBP+20| Y1
     8                              <1> 												; EBP+16| X1
     9                              <1> 												; EBP+12| Y0
    10                              <1> 												; EBP+ 8| X0
    11                              <1> 												; ---------------
    12 000004A8 55                  <1> 		push	ebp								; EBP+ 4| EIP（戻り番地）
    13 000004A9 89E5                <1> 		mov		ebp, esp						; EBP+ 0| EBP（元の値）
    14                              <1> 												; ------|--------
    15                              <1> 
    16                              <1>         ;---------------------------------------
    17                              <1>         ; レジスタの保存
    18                              <1>         ;---------------------------------------
    19 000004AB 50                  <1>         push    eax
    20 000004AC 53                  <1>         push    ebx
    21 000004AD 51                  <1>         push    ecx
    22 000004AE 52                  <1>         push    edx
    23 000004AF 56                  <1>         push    esi
    24                              <1> 
    25                              <1> 		;---------------------------------------
    26                              <1> 		; 矩形を描画
    27                              <1> 		;---------------------------------------
    28 000004B0 8B4508              <1> 		mov		eax, [ebp + 8]					; EAX = X0;
    29 000004B3 8B5D0C              <1> 		mov		ebx, [ebp +12]					; EBX = Y0;
    30 000004B6 8B4D10              <1> 		mov		ecx, [ebp +16]					; ECX = X1;
    31 000004B9 8B5514              <1> 		mov		edx, [ebp +20]					; EDX = Y1;
    32 000004BC 8B7518              <1> 		mov		esi, [ebp +24]					; ESI = 色;
    33                              <1> 
    34                              <1> 		;---------------------------------------
    35                              <1> 		; 座標軸の大小を確定
    36                              <1> 		;---------------------------------------
    37 000004BF 39C8                <1> 		cmp		eax, ecx						; if (X1 < X0)
    38 000004C1 7C01                <1> 		jl		.10E							; {
    39 000004C3 91                  <1> 		xchg	eax, ecx						;   X0とX1を入れ替える;
    40                              <1> .10E:											; }
    41                              <1> 
    42 000004C4 39D3                <1> 		cmp		ebx, edx						; if (Y1 < Y0)
    43 000004C6 7C02                <1> 		jl		.20E							; {
    44 000004C8 87DA                <1> 		xchg	ebx, edx						;   Y0とY1を入れ替える;
    45                              <1> .20E:											; }
    46                              <1> 
    47                              <1> 		;---------------------------------------
    48                              <1> 		; 矩形を描画
    49                              <1> 		;---------------------------------------
    50 000004CA 5653515350E822FFFF- <1> 		cdecl	draw_line, eax, ebx, ecx, ebx, esi	; 上線
    50 000004D3 FF6683C414          <1>
    51 000004D8 5652505350E814FFFF- <1> 		cdecl	draw_line, eax, ebx, eax, edx, esi	; 左線
    51 000004E1 FF6683C414          <1>
    52                              <1> 
    53 000004E6 4A                  <1> 		dec		edx									; EDX--; // 下線は1ドット上げる
    54 000004E7 5652515250E805FFFF- <1> 		cdecl	draw_line, eax, edx, ecx, edx, esi	; 下線
    54 000004F0 FF6683C414          <1>
    55 000004F5 42                  <1> 		inc		edx
    56                              <1> 
    57 000004F6 49                  <1> 		dec		ecx									; ECX--; // 右線は1ドット左に移動
    58 000004F7 5652515351E8F5FEFF- <1> 		cdecl	draw_line, ecx, ebx, ecx, edx, esi	; 右線
    58 00000500 FF6683C414          <1>
    59                              <1> 
    60                              <1>         ;---------------------------------------
    61                              <1>         ; レジスタの復帰
    62                              <1>         ;---------------------------------------
    63 00000505 5E                  <1>         pop     esi
    64 00000506 5A                  <1>         pop     edx
    65 00000507 59                  <1>         pop     ecx
    66 00000508 5B                  <1>         pop     ebx
    67 00000509 58                  <1>         pop     eax
    68                              <1> 
    69                              <1>         ;---------------------------------------
    70                              <1>         ; スタックフレームの破棄
    71                              <1>         ;---------------------------------------
    72 0000050A 89EC                <1>         mov     esp, ebp
    73 0000050C 5D                  <1>         pop     ebp
    74                              <1> 
    75 0000050D C3                  <1>         ret
    54                                  
    55                                  ;************************************************
    56                                  ;   パディング
    57                                  ;************************************************
    58 0000050E 00<rept>                        times   KERNEL_SIZE - ($ - $$)      db  0x00
