     1                                  %include "../include/define.s"
     1                              <1>     BOOT_LOAD       equ     0x7C00
     2                              <1>     BOOT_END        equ     (BOOT_LOAD + BOOT_SIZE)
     3                              <1> 
     4                              <1>     BOOT_SIZE       equ     (1024 * 8)
     5                              <1>     SECT_SIZE       equ     (512)
     6                              <1>     BOOT_SECT       equ     (BOOT_SIZE / SECT_SIZE)
     7                              <1> 
     8                              <1>     E820_RECORD_SIZE    equ     20
     9                              <1> 
    10                              <1>     KERNEL_LOAD     equ     0x0010_1000
    11                              <1>     KERNEL_SIZE     equ     (1024 * 8)      ; カーネルサイズ
    12                              <1>     KERNEL_SECT     equ     (KERNEL_SIZE / SECT_SIZE)
     2                                  %include "../include/macro.s"
     1                              <1> %macro  cdecl 1-*.nolist
     2                              <1> 
     3                              <1>     %rep    %0 - 1
     4                              <1>         push    %{-1:-1}
     5                              <1>         %rotate -1
     6                              <1>     %endrep
     7                              <1>     %rotate - 1
     8                              <1> 
     9                              <1>         call    %1
    10                              <1> 
    11                              <1>     %if 1 < %0
    12                              <1>         add     sp, (__BITS__ >> 3) * (%0 - 1)
    13                              <1>     %endif
    14                              <1> 
    15                              <1> %endmacro
    16                              <1> 
    17                              <1> struc drive
    18 00000000 <res 00000002>      <1>         .no     resw    1           ; ドライブ番号
    19 00000002 <res 00000002>      <1>         .cyln   resw    1           ; シリンダ
    20 00000004 <res 00000002>      <1>         .head   resw    1           ; ヘッド
    21 00000006 <res 00000002>      <1>         .sect   resw    1           ; セクタ
    22                              <1> endstruc
     3                                  
     4                                          ORG     KERNEL_LOAD
     5                                  
     6                                  [BITS 32]
     7                                  ;************************************************
     8                                  ;   エントリポイント
     9                                  ;************************************************
    10                                  kernel:
    11                                          ;----------------------------------
    12                                          ; フォントアドレスを取得
    13                                          ;----------------------------------
    14 00000000 BE007E0000                      mov     esi, BOOT_LOAD + SECT_SIZE      ; ESI = 0x7C00 + 512;
    15 00000005 0FB706                          movzx   eax, word [esi + 0]             ; EAX = [ESI + 0]; // セグメント
    16 00000008 0FB75E02                        movzx   ebx, word [esi + 2]             ; EBX = [ESI + 2]; // オフセット
    17 0000000C C1E004                          shl     eax, 4                          ; EAX <<= 4;
    18 0000000F 01D8                            add     eax, ebx                        ; EAX += EBX;
    19 00000011 A3[4C000000]                    mov     [FONT_ADR], eax                 ; FONT_ADR[0] = EAX;
    20                                          
    21                                          ;---------------------------------------
    22                                          ; フォントの一覧表示
    23                                          ;---------------------------------------
    24 00000016 6A0D6A3FE87A010000-             cdecl   draw_font, 63, 13               ; // フォントの一覧表示
    24 0000001F 6683C408           
    25                                  
    26 00000023 68[3C000000]680F01-             cdecl   draw_str, 25, 14, 0x010F, .s0
    26 0000002B 00006A0E6A19E8A801-
    26 00000034 00006683C410       
    27                                  
    28                                          ;----------------------------------
    29                                          ; 処理の終了
    30                                          ;----------------------------------
    31 0000003A EBFE                            jmp     $                               ; while(1);     // 無限ループ
    32                                  
    33 0000003C 48656C6C6F206B6572-     .s0:    db  "Hello kernel!", 0
    33 00000045 6E656C2100         
    34                                  
    35 0000004A 00<rept>                ALIGN 4, db 0
    36 0000004C 00000000                FONT_ADR:       dd  0
    37                                  
    38                                  ;************************************************
    39                                  ;   モジュール
    40                                  ;************************************************
    41                                  %include  "../modules/protect/vga.s"
     1                              <1> vga_set_read_plane:
     2                              <1>         ;---------------------------------
     3                              <1>         ; スタックフレームの構築
     4                              <1>         ;---------------------------------
     5                              <1>                                             ;    + 8| プレーン (インデックス)
     6                              <1>                                             ; ------+---------------
     7 00000050 55                  <1>         push    ebp                         ;    + 4| EIP (戻り番地)
     8 00000051 89E5                <1>         mov     ebp, esp                    ; EBP+ 0| EBP (元の値)
     9                              <1>                                             ;-------+---------------
    10                              <1> 
    11                              <1>         ;---------------------------------
    12                              <1>         ; レジスタの保存
    13                              <1>         ;---------------------------------
    14 00000053 50                  <1>         push    eax
    15 00000054 52                  <1>         push    edx
    16                              <1> 
    17                              <1>         ;---------------------------------
    18                              <1>         ; 読み込みプレーンの選択
    19                              <1>         ;---------------------------------
    20 00000055 8A6508              <1>         mov     ah, [ebp + 8]
    21 00000058 80E403              <1>         and     ah, 0x03
    22 0000005B B004                <1>         mov     al, 0x04
    23 0000005D 66BACE03            <1>         mov     dx, 0x03CE
    24 00000061 66EF                <1>         out     dx, ax
    25                              <1> 
    26                              <1>         ;---------------------------------
    27                              <1>         ; レジスタの復帰
    28                              <1>         ;---------------------------------
    29 00000063 5A                  <1>         pop     edx
    30 00000064 58                  <1>         pop     eax
    31                              <1> 
    32                              <1>         ;---------------------------------
    33                              <1>         ; スタックフレームの破棄
    34                              <1>         ;---------------------------------
    35 00000065 89EC                <1>         mov     esp, ebp
    36 00000067 5D                  <1>         pop     ebp
    37                              <1> 
    38 00000068 C3                  <1>         ret
    39                              <1> 
    40                              <1> vga_set_write_plane:
    41                              <1>         ;---------------------------------
    42                              <1>         ; スタックフレームの構築
    43                              <1>         ;---------------------------------
    44                              <1>                                             ;    + 8| プレーン (ビット指定)
    45                              <1>                                             ; ------+---------------
    46 00000069 55                  <1>         push    ebp                         ;    + 4| EIP (戻り番地)
    47 0000006A 89E5                <1>         mov     ebp, esp                    ; EBP+ 0| EBP (元の値)
    48                              <1>                                             ;-------+---------------
    49                              <1> 
    50                              <1>         ;---------------------------------
    51                              <1>         ; レジスタの保存
    52                              <1>         ;---------------------------------
    53 0000006C 50                  <1>         push    eax
    54 0000006D 52                  <1>         push    edx
    55                              <1> 
    56                              <1>         ;---------------------------------
    57                              <1>         ; 書き込みプレーンの選択
    58                              <1>         ;---------------------------------
    59 0000006E 8A6508              <1>         mov     ah, [ebp + 8]
    60 00000071 80E40F              <1>         and     ah, 0x0F
    61 00000074 B002                <1>         mov     al, 0x02
    62 00000076 66BAC403            <1>         mov     dx, 0x03C4
    63 0000007A 66EF                <1>         out     dx, ax
    64                              <1> 
    65                              <1>         ;---------------------------------
    66                              <1>         ; レジスタの復帰
    67                              <1>         ;---------------------------------
    68 0000007C 5A                  <1>         pop     edx
    69 0000007D 58                  <1>         pop     eax
    70                              <1> 
    71                              <1>         ;---------------------------------
    72                              <1>         ; スタックフレームの破棄
    73                              <1>         ;---------------------------------
    74 0000007E 89EC                <1>         mov     esp, ebp
    75 00000080 5D                  <1>         pop     ebp
    76                              <1> 
    77 00000081 C3                  <1>         ret
    78                              <1> 
    79                              <1> vram_font_copy:
    80                              <1>         ;---------------------------------
    81                              <1>         ; スタックフレームの構築
    82                              <1>         ;---------------------------------
    83                              <1>                                             ;    +20| 描画色
    84                              <1>                                             ;    +16| プレーン(ビット指定)
    85                              <1>                                             ;    +12| VRAMアドレス
    86                              <1>                                             ;    + 8| フォントアドレス
    87                              <1>                                             ; ------+---------------
    88 00000082 55                  <1>         push    ebp                         ;    + 4| EIP (戻り番地)
    89 00000083 89E5                <1>         mov     ebp, esp                    ; EBP+ 0| EBP (元の値)
    90                              <1>                                             ; ------+---------------
    91                              <1> 
    92                              <1>         ;---------------------------------
    93                              <1>         ; レジスタの保存
    94                              <1>         ;---------------------------------
    95 00000085 50                  <1>         push    eax
    96 00000086 53                  <1>         push    ebx
    97 00000087 51                  <1>         push    ecx
    98 00000088 52                  <1>         push    edx
    99 00000089 56                  <1>         push    esi
   100 0000008A 57                  <1>         push    edi
   101                              <1> 
   102                              <1>         ;---------------------------------
   103                              <1>         ; 処理の開始
   104                              <1>         ;---------------------------------
   105 0000008B 8B7508              <1>         mov     esi, [ebp + 8]
   106 0000008E 8B7D0C              <1>         mov     edi, [ebp +12]
   107 00000091 0FB64510            <1>         movzx   eax, byte [ebp +16]
   108 00000095 0FB75D14            <1>         movzx   ebx, word [ebp + 20]
   109                              <1> 
   110 00000099 84C7                <1>         test    bh, al
   111 0000009B 0F94C6              <1>         setz    dh
   112 0000009E FECE                <1>         dec     dh
   113                              <1> 
   114 000000A0 84C3                <1>         test    bl, al
   115 000000A2 0F94C2              <1>         setz    dl
   116 000000A5 FECA                <1>         dec     dl
   117                              <1> 
   118                              <1>         ;---------------------------------
   119                              <1>         ; 16ドットフォントのコピー
   120                              <1>         ;---------------------------------
   121 000000A7 FC                  <1>         cld
   122                              <1> 
   123 000000A8 B910000000          <1>         mov     ecx, 16
   124                              <1> .10L:
   125                              <1>         ;---------------------------------
   126                              <1>         ; フォントマスクの作成
   127                              <1>         ;---------------------------------
   128 000000AD AC                  <1>         lodsb
   129 000000AE 88C4                <1>         mov     ah, al
   130 000000B0 F6D4                <1>         not     ah
   131                              <1> 
   132                              <1>         ;---------------------------------
   133                              <1>         ; 前景色
   134                              <1>         ;---------------------------------
   135                              <1> 
   136 000000B2 20D0                <1>         and     al, dl
   137                              <1> 
   138                              <1>         ;---------------------------------
   139                              <1>         ; 背景色
   140                              <1>         ;---------------------------------
   141 000000B4 F7C310000000        <1>         test    ebx, 0x0010
   142 000000BA 7404                <1>         jz      .11F
   143 000000BC 2227                <1>         and     ah, [edi]
   144 000000BE EB02                <1>         jmp     .11E
   145                              <1> .11F:
   146                              <1> 
   147 000000C0 20F4                <1>         and     ah, dh
   148                              <1> .11E:
   149                              <1> 
   150                              <1>         ;---------------------------------
   151                              <1>         ; 前景色と背景色を合成
   152                              <1>         ;---------------------------------
   153 000000C2 08E0                <1>         or      al, ah
   154                              <1> 
   155                              <1>         ;---------------------------------
   156                              <1>         ; 新しい値を出力
   157                              <1>         ;---------------------------------
   158 000000C4 8807                <1>         mov     [edi], al
   159                              <1> 
   160 000000C6 83C750              <1>         add     edi, 80
   161 000000C9 E2E2                <1>         loop    .10L
   162                              <1> .10E:
   163                              <1> 
   164                              <1>         ;---------------------------------
   165                              <1>         ; レジスタの復帰
   166                              <1>         ;---------------------------------
   167 000000CB 5F                  <1>         pop     edi
   168 000000CC 5E                  <1>         pop     esi
   169 000000CD 5A                  <1>         pop     edx
   170 000000CE 59                  <1>         pop     ecx
   171 000000CF 5B                  <1>         pop     ebx
   172 000000D0 58                  <1>         pop     eax
   173                              <1> 
   174                              <1>         ;---------------------------------
   175                              <1>         ; スタックフレームの破棄
   176                              <1>         ;---------------------------------
   177 000000D1 89EC                <1>         mov     esp, ebp
   178 000000D3 5D                  <1>         pop     ebp
   179                              <1> 
   180 000000D4 C3                  <1>         ret
    42                                  %include  "../modules/protect/draw_char.s"
     1                              <1> draw_char:
     2                              <1>     ;---------------------------------
     3                              <1>     ;   スタックフレームの構築
     4                              <1>     ;---------------------------------
     5                              <1>                                         ;     +20| 文字
     6                              <1>                                         ;     +16| 描画色
     7                              <1>                                         ;     +12| 行
     8                              <1>                                         ;     + 8| 列
     9                              <1>                                         ;  ------|------
    10 000000D5 55                  <1>     push    ebp                         ;  EBP+ 4| IP(戻り番地)
    11 000000D6 89E5                <1>     mov     ebp, esp                    ;  EBP+ 0| BP(元の値)
    12                              <1>                                         ;  ------+------
    13                              <1> 
    14                              <1>     ;---------------------------------
    15                              <1>     ; レジスタの保存
    16                              <1>     ;---------------------------------
    17 000000D8 50                  <1>     push    eax
    18 000000D9 53                  <1>     push    ebx
    19 000000DA 51                  <1>     push    ecx
    20 000000DB 52                  <1>     push    edx
    21 000000DC 56                  <1>     push    esi
    22 000000DD 57                  <1>     push    edi
    23                              <1> 
    24                              <1>     ;---------------------------------------
    25                              <1>     ; テストアンドセット
    26                              <1>     ;---------------------------------------
    27                              <1> %ifdef	USE_TEST_AND_SET
    28                              <1>     cdecl	test_and_set, IN_USE			; TEST_AND_SET(IN_USE); // リソースの空き待ち
    29                              <1> %endif
    30                              <1> 
    31                              <1>     ;---------------------------------------
    32                              <1>     ; コピー元フォントアドレスを設定
    33                              <1>     ;---------------------------------------
    34 000000DE 0FB67514            <1>     movzx   esi, byte [ebp + 20]            ; CL  = 文字コード;
    35 000000E2 C1E604              <1>     shl     esi, 4							; CL *= 16; // 1文字16バイト
    36 000000E5 0335[4C000000]      <1>     add     esi, [FONT_ADR]					; ESI = フォントアドレス;
    37                              <1> 
    38                              <1>     ;---------------------------------------
    39                              <1>     ; コピー先アドレスを取得
    40                              <1>     ; Adr = 0xA0000 + (640 / 8 * 16) * y + x
    41                              <1>     ;---------------------------------------
    42 000000EB 8B7D0C              <1>     mov     edi, [ebp + 12]                 ; Y（行）
    43 000000EE C1E708              <1>     shl     edi, 8							; EDI = Y * 256;
    44 000000F1 8DBCBF00000A00      <1>     lea     edi, [edi * 4 + edi + 0xA0000]	; EDI = Y *   4 + Y;
    45 000000F8 037D08              <1>     add     edi, [ebp + 8]					; X（列）
    46                              <1> 
    47                              <1>     ;---------------------------------------
    48                              <1>     ; 1文字分のフォントを出力
    49                              <1>     ;---------------------------------------
    50 000000FB 0FB75D10            <1>     movzx   ebx, word [ebp + 16]            ; // 表示色
    51                              <1> 
    52 000000FF 6A03E84AFFFFFF6683- <1>     cdecl   vga_set_read_plane, 0x03		; // 書き込みプレーン：輝度(I)
    52 00000108 C404                <1>
    53 0000010A 6A08E858FFFFFF6683- <1>     cdecl   vga_set_write_plane, 0x08		; // 読み込みプレーン：輝度(I)
    53 00000113 C404                <1>
    54 00000115 536A085756E863FFFF- <1>     cdecl   vram_font_copy, esi, edi, 0x08, ebx
    54 0000011E FF6683C410          <1>
    55                              <1> 
    56 00000123 6A02E826FFFFFF6683- <1>     cdecl   vga_set_read_plane, 0x02		; // 書き込みプレーン：赤(R)
    56 0000012C C404                <1>
    57 0000012E 6A04E834FFFFFF6683- <1>     cdecl   vga_set_write_plane, 0x04		; // 読み込みプレーン：赤(R)
    57 00000137 C404                <1>
    58 00000139 536A045756E83FFFFF- <1>     cdecl   vram_font_copy, esi, edi, 0x04, ebx
    58 00000142 FF6683C410          <1>
    59                              <1> 
    60 00000147 6A01E802FFFFFF6683- <1>     cdecl   vga_set_read_plane, 0x01		; // 書き込みプレーン：緑(G)
    60 00000150 C404                <1>
    61 00000152 6A02E810FFFFFF6683- <1>     cdecl   vga_set_write_plane, 0x02		; // 読み込みプレーン：緑(G)
    61 0000015B C404                <1>
    62 0000015D 536A025756E81BFFFF- <1>     cdecl   vram_font_copy, esi, edi, 0x02, ebx
    62 00000166 FF6683C410          <1>
    63                              <1> 
    64 0000016B 6A00E8DEFEFFFF6683- <1>     cdecl   vga_set_read_plane, 0x00		; // 書き込みプレーン：青(B)
    64 00000174 C404                <1>
    65 00000176 6A01E8ECFEFFFF6683- <1>     cdecl   vga_set_write_plane, 0x01		; // 読み込みプレーン：青(B)
    65 0000017F C404                <1>
    66 00000181 536A015756E8F7FEFF- <1>     cdecl   vram_font_copy, esi, edi, 0x01, ebx
    66 0000018A FF6683C410          <1>
    67                              <1> 
    68                              <1> %ifdef	USE_TEST_AND_SET
    69                              <1>     ;---------------------------------------
    70                              <1>     ; テストアンドセット
    71                              <1>     ;---------------------------------------
    72                              <1>     mov		[IN_USE], dword 0				; 変数のクリア
    73                              <1> %endif
    74                              <1> 
    75                              <1>     ;---------------------------------
    76                              <1>     ; レジスタの復帰
    77                              <1>     ;---------------------------------
    78 0000018F 5F                  <1>     pop     edi
    79 00000190 5E                  <1>     pop     esi
    80 00000191 5A                  <1>     pop     edx
    81 00000192 59                  <1>     pop     ecx
    82 00000193 5B                  <1>     pop     ebx
    83 00000194 58                  <1>     pop     eax
    84                              <1> 
    85                              <1>     ;---------------------------------
    86                              <1>     ; スタックフレームの破棄
    87                              <1>     ;---------------------------------
    88 00000195 89EC                <1>     mov     esp, ebp
    89 00000197 5D                  <1>     pop     ebp
    90                              <1> 
    91 00000198 C3                  <1>     ret
    92                              <1> 
    93                              <1> %ifdef USE_TEST_AND_SET
    94                              <1> ALIGN 4, db 0
    95                              <1> IN_USE:	dd	0
    96                              <1> %endif
    43                                  %include  "../modules/protect/draw_font.s"
     1                              <1> draw_font:
     2                              <1>         ;----------------------------------
     3                              <1>         ; スタックフレームの構築
     4                              <1>         ;----------------------------------
     5                              <1> 												; EBP+12| Y（行）
     6                              <1> 												; EBP+ 8| X（列）
     7                              <1> 												; ---------------
     8 00000199 55                  <1>         push    ebp								; EBP+ 4| EIP（戻り番地）
     9 0000019A 89E5                <1>         mov     ebp, esp						; EBP+ 0| EBP（元の値）
    10                              <1> 												; ---------------
    11                              <1> 
    12                              <1>         ;----------------------------------
    13                              <1>         ; レジスタの保存
    14                              <1>         ;----------------------------------
    15 0000019C 50                  <1>         push    eax
    16 0000019D 53                  <1>         push    ebx
    17 0000019E 51                  <1>         push    ecx
    18 0000019F 52                  <1>         push    edx
    19 000001A0 56                  <1>         push    esi
    20 000001A1 57                  <1>         push    edi
    21                              <1> 
    22                              <1>         ;----------------------------------
    23                              <1>         ; 表示位置
    24                              <1>         ;----------------------------------
    25 000001A2 8B7508              <1>         mov     esi, [ebp + 8]					; ESI = X（列）
    26 000001A5 8B7D0C              <1>         mov     edi, [ebp +12]					; EDI = Y（行）
    27                              <1> 
    28                              <1>         ;----------------------------------
    29                              <1>         ; フォント一覧を表示
    30                              <1>         ;----------------------------------
    31 000001A8 B900000000          <1>         mov     ecx, 0							; for (ECX = 0;
    32 000001AD 81F900010000        <1> .10L:   cmp     ecx, 256						;      ECX < 256;
    33 000001B3 731F                <1>         jae     .10E                            ;
    34                              <1> 												;      ECX++)
    35                              <1> 												; {
    36                              <1> 												;   // 桁位置の計算
    37 000001B5 89C8                <1>         mov     eax, ecx						;   EAX  = ECX;
    38 000001B7 83E00F              <1>         and     eax, 0x0F						;   EAX &= 0x0F
    39 000001BA 01F0                <1>         add     eax, esi						;   EAX += X;
    40                              <1>                                                 ;
    41                              <1> 												;   // 行位置の計算
    42 000001BC 89CB                <1>         mov     ebx, ecx						;   EBX  = ECX;
    43 000001BE C1EB04              <1>         shr     ebx, 4							;   EBX /= 16
    44 000001C1 01FB                <1>         add     ebx, edi						;   EBX += Y;
    45                              <1> 
    46 000001C3 516A075350E808FFFF- <1>         cdecl   draw_char, eax, ebx, 0x07, ecx	;   draw_char();
    46 000001CC FF6683C410          <1>
    47                              <1> 
    48 000001D1 41                  <1>         inc     ecx								;   // for (... ECX++)
    49 000001D2 EBD9                <1>         jmp     .10L                            ;
    50                              <1> .10E:                                           ; }
    51                              <1> 
    52                              <1> 
    53                              <1> 
    54                              <1>         ;----------------------------------
    55                              <1>         ; レジスタの復帰
    56                              <1>         ;----------------------------------
    57 000001D4 5F                  <1>         pop     edi
    58 000001D5 5E                  <1>         pop     esi
    59 000001D6 5A                  <1>         pop     edx
    60 000001D7 59                  <1>         pop     ecx
    61 000001D8 5B                  <1>         pop     ebx
    62 000001D9 58                  <1>         pop     eax
    63                              <1> 
    64                              <1>         ;----------------------------------
    65                              <1>         ; スタックフレームの破棄
    66                              <1>         ;----------------------------------
    67 000001DA 89EC                <1>         mov     esp, ebp
    68 000001DC 5D                  <1>         pop     ebp
    69                              <1> 
    70 000001DD C3                  <1>         ret
    44                                  %include  "../modules/protect/draw_str.s"
     1                              <1> draw_str:
     2                              <1>         ;---------------------------------
     3                              <1>         ; スタックフレームの構築
     4                              <1>         ;---------------------------------
     5 000001DE 55                  <1>         push    ebp
     6 000001DF 89E5                <1>         mov     ebp, esp
     7                              <1> 
     8                              <1>         ;---------------------------------
     9                              <1>         ; レジスタの保存
    10                              <1>         ;---------------------------------
    11 000001E1 50                  <1> 		push	eax
    12 000001E2 53                  <1> 		push	ebx
    13 000001E3 51                  <1> 		push	ecx
    14 000001E4 52                  <1> 		push	edx
    15 000001E5 56                  <1> 		push	esi
    16                              <1> 
    17                              <1>         ;
    18                              <1>         ;
    19                              <1>         ;
    20 000001E6 8B4D08              <1>         mov     ecx, [ebp + 8]
    21 000001E9 8B550C              <1>         mov     edx, [ebp + 12]
    22 000001EC 0FB75D10            <1>         movzx   ebx, word [ebp + 16]
    23 000001F0 8B7514              <1>         mov     esi, [ebp + 20]
    24                              <1> 
    25 000001F3 FC                  <1>         cld
    26                              <1> .10L:
    27                              <1> 
    28 000001F4 AC                  <1>         lodsb
    29 000001F5 3C00                <1>         cmp     al, 0
    30 000001F7 7425                <1>         je      .10E
    31                              <1> 
    32 000001F9 50535251E8D3FEFFFF- <1>         cdecl   draw_char, ecx, edx, ebx, eax
    32 00000202 6683C410            <1>
    33                              <1> 
    34 00000206 41                  <1>         inc     ecx
    35 00000207 83F950              <1>         cmp     ecx, 80
    36 0000020A 7C10                <1>         jl      .12E
    37 0000020C B900000000          <1>         mov     ecx, 0
    38 00000211 42                  <1>         inc     edx
    39 00000212 83FA1E              <1>         cmp     edx, 30
    40 00000215 7C05                <1>         jl      .12E
    41 00000217 BA00000000          <1>         mov     edx, 0
    42                              <1> .12E:
    43 0000021C EBD6                <1>         jmp     .10L
    44                              <1> .10E:
    45                              <1>        
    46                              <1>         ;---------------------------------
    47                              <1>         ; レジスタの復帰
    48                              <1>         ;---------------------------------
    49 0000021E 5E                  <1> 		pop		esi
    50 0000021F 5A                  <1> 		pop		edx
    51 00000220 59                  <1> 		pop		ecx
    52 00000221 5B                  <1> 		pop		ebx
    53 00000222 58                  <1> 		pop		eax
    54                              <1> 
    55                              <1>         ;---------------------------------
    56                              <1>         ; スタックフレームの破棄
    57                              <1>         ;---------------------------------
    58 00000223 89EC                <1>         mov     esp, ebp
    59 00000225 5D                  <1>         pop     ebp
    60                              <1> 
    61 00000226 C3                  <1>         ret
    45                                  
    46                                  ;************************************************
    47                                  ;   パディング
    48                                  ;************************************************
    49 00000227 00<rept>                        times   KERNEL_SIZE - ($ - $$)      db  0x00
