     1                                      BOOT_LOAD   equ     0x7C00          ; ブートプログラムのロード位置
     2                                  
     3                                      ORG     BOOT_LOAD                   ; ロードアドレスをアセンブラに指示
     4                                  
     5                                  ;**************************************
     6                                  ;   エントリポイント
     7                                  ;**************************************
     8                                  entry:
     9 00000000 EB58                        jmp ipl                             ; IPLへジャンプ
    10                                  
    11                                      ;----------------------------------
    12                                      ;  BPB(BIOS Parameter Block)
    13                                      ;----------------------------------
    14 00000002 90<rept>                    times   90 - ($ - $$) db 0x90       ;
    15                                  
    16                                      ;----------------------------------
    17                                      ;  IPL(Intial Program Loader)
    18                                      ;----------------------------------
    19                                  ipl:
    20 0000005A FA                          cli                                 ; // 割り込み禁止
    21                                  
    22 0000005B B80000                      mov     ax, 0x0000                  ; AX = 0x0000;
    23 0000005E 8ED8                        mov     ds, ax                      ; DS = 0x0000;
    24 00000060 8EC0                        mov     es, ax                      ; ES = 0x0000;
    25 00000062 8ED0                        mov     ss, ax                      ; SS = 0x0000;
    26 00000064 BC007C                      mov     sp, BOOT_LOAD               ; SP = 0x7C00;
    27                                  
    28 00000067 FB                          sti                                 ; // 割り込み許可
    29                                  
    30 00000068 8816[6E00]                  mov     [BOOT.DRIVE], dl            ; ブートドライブを保持
    31                                  
    32                                      ;----------------------------------
    33                                      ;  処理の終了
    34                                      ;----------------------------------
    35 0000006C EBFE                        jmp     $                           ; while(1); // 無限ループ
    36                                  
    37                                  ALIGN 2, db 0
    38                                  BOOT:                                   ; ブートドライブに関する情報
    39 0000006E 0000                    .DRIVE:     dw  0                       ; ドライブ番号
    40                                  
    41                                  ;**************************************
    42                                  ;   ブートフラグ(先頭512バイトの終了)
    43                                  ;**************************************
    44 00000070 00<rept>                    times   510 - ($ - $$) db 0x00
    45 000001FE 55AA                        db  0x55, 0xAA
