     1                                  %include "../include/define.s"
     1                              <1>     BOOT_LOAD       equ     0x7C00
     2                              <1>     BOOT_END        equ     (BOOT_LOAD + BOOT_SIZE)
     3                              <1> 
     4                              <1>     BOOT_SIZE       equ     (1024 * 8)
     5                              <1>     SECT_SIZE       equ     (512)
     6                              <1>     BOOT_SECT       equ     (BOOT_SIZE / SECT_SIZE)
     7                              <1> 
     8                              <1>     E820_RECORD_SIZE    equ     20
     9                              <1> 
    10                              <1>     KERNEL_LOAD     equ     0x0010_1000
    11                              <1>     KERNEL_SIZE     equ     (1024 * 8)      ; カーネルサイズ
    12                              <1>     KERNEL_SECT     equ     (KERNEL_SIZE / SECT_SIZE)
     2                                  %include "../include/macro.s"
     1                              <1> %macro  cdecl 1-*.nolist
     2                              <1> 
     3                              <1>     %rep    %0 - 1
     4                              <1>         push    %{-1:-1}
     5                              <1>         %rotate -1
     6                              <1>     %endrep
     7                              <1>     %rotate - 1
     8                              <1> 
     9                              <1>         call    %1
    10                              <1> 
    11                              <1>     %if 1 < %0
    12                              <1>         add     sp, (__BITS__ >> 3) * (%0 - 1)
    13                              <1>     %endif
    14                              <1> 
    15                              <1> %endmacro
    16                              <1> 
    17                              <1> struc drive
    18 00000000 <res 00000002>      <1>         .no     resw    1           ; ドライブ番号
    19 00000002 <res 00000002>      <1>         .cyln   resw    1           ; シリンダ
    20 00000004 <res 00000002>      <1>         .head   resw    1           ; ヘッド
    21 00000006 <res 00000002>      <1>         .sect   resw    1           ; セクタ
    22                              <1> endstruc
     3                                  
     4                                          ORG     KERNEL_LOAD
     5                                  
     6                                  [BITS 32]
     7                                  ;************************************************
     8                                  ;   エントリポイント
     9                                  ;************************************************
    10                                  kernel:
    11                                          ;----------------------------------
    12                                          ; フォントアドレスを取得
    13                                          ;----------------------------------
    14 00000000 BE007E0000                      mov     esi, BOOT_LOAD + SECT_SIZE      ; ESI = 0x7C00 + 512;
    15 00000005 0FB706                          movzx   eax, word [esi + 0]             ; EAX = [ESI + 0]; // セグメント
    16 00000008 0FB75E02                        movzx   ebx, word [esi + 2]             ; EBX = [ESI + 2]; // オフセット
    17 0000000C C1E004                          shl     eax, 4                          ; EAX <<= 4;
    18 0000000F 01D8                            add     eax, ebx                        ; EAX += EBX;
    19 00000011 A3[28000000]                    mov     [FONT_ADR], eax                 ; FONT_ADR[0] = EAX;
    20                                          
    21                                          ;----------------------------------
    22                                          ; 文字の表示
    23                                          ;----------------------------------
    24 00000016 6A0D6A3FE856010000-             cdecl   draw_font, 63, 13
    24 0000001F 6683C408           
    25                                  
    26                                          ;----------------------------------
    27                                          ; 処理の終了
    28                                          ;----------------------------------
    29 00000023 EBFE                            jmp     $                               ; while(1);     // 無限ループ
    30                                  
    31 00000025 00<rept>                ALIGN 4, db 0
    32 00000028 00000000                FONT_ADR:       dd  0
    33                                  
    34                                  ;************************************************
    35                                  ;   モジュール
    36                                  ;************************************************
    37                                  %include  "../modules/protect/vga.s"
     1                              <1> vga_set_read_plane:
     2                              <1>         ;---------------------------------
     3                              <1>         ; スタックフレームの構築
     4                              <1>         ;---------------------------------
     5                              <1>                                             ;    + 8| プレーン (インデックス)
     6                              <1>                                             ; ------+---------------
     7 0000002C 55                  <1>         push    ebp                         ;    + 4| EIP (戻り番地)
     8 0000002D 89E5                <1>         mov     ebp, esp                    ; EBP+ 0| EBP (元の値)
     9                              <1>                                             ;-------+---------------
    10                              <1> 
    11                              <1>         ;---------------------------------
    12                              <1>         ; レジスタの保存
    13                              <1>         ;---------------------------------
    14 0000002F 50                  <1>         push    eax
    15 00000030 52                  <1>         push    edx
    16                              <1> 
    17                              <1>         ;---------------------------------
    18                              <1>         ; 読み込みプレーンの選択
    19                              <1>         ;---------------------------------
    20 00000031 8A6508              <1>         mov     ah, [ebp + 8]
    21 00000034 80E403              <1>         and     ah, 0x03
    22 00000037 B004                <1>         mov     al, 0x04
    23 00000039 66BACE03            <1>         mov     dx, 0x03CE
    24 0000003D 66EF                <1>         out     dx, ax
    25                              <1> 
    26                              <1>         ;---------------------------------
    27                              <1>         ; レジスタの復帰
    28                              <1>         ;---------------------------------
    29 0000003F 5A                  <1>         pop     edx
    30 00000040 58                  <1>         pop     eax
    31                              <1> 
    32                              <1>         ;---------------------------------
    33                              <1>         ; スタックフレームの破棄
    34                              <1>         ;---------------------------------
    35 00000041 89EC                <1>         mov     esp, ebp
    36 00000043 5D                  <1>         pop     ebp
    37                              <1> 
    38 00000044 C3                  <1>         ret
    39                              <1> 
    40                              <1> vga_set_write_plane:
    41                              <1>         ;---------------------------------
    42                              <1>         ; スタックフレームの構築
    43                              <1>         ;---------------------------------
    44                              <1>                                             ;    + 8| プレーン (ビット指定)
    45                              <1>                                             ; ------+---------------
    46 00000045 55                  <1>         push    ebp                         ;    + 4| EIP (戻り番地)
    47 00000046 89E5                <1>         mov     ebp, esp                    ; EBP+ 0| EBP (元の値)
    48                              <1>                                             ;-------+---------------
    49                              <1> 
    50                              <1>         ;---------------------------------
    51                              <1>         ; レジスタの保存
    52                              <1>         ;---------------------------------
    53 00000048 50                  <1>         push    eax
    54 00000049 52                  <1>         push    edx
    55                              <1> 
    56                              <1>         ;---------------------------------
    57                              <1>         ; 書き込みプレーンの選択
    58                              <1>         ;---------------------------------
    59 0000004A 8A6508              <1>         mov     ah, [ebp + 8]
    60 0000004D 80E40F              <1>         and     ah, 0x0F
    61 00000050 B002                <1>         mov     al, 0x02
    62 00000052 66BAC403            <1>         mov     dx, 0x03C4
    63 00000056 66EF                <1>         out     dx, ax
    64                              <1> 
    65                              <1>         ;---------------------------------
    66                              <1>         ; レジスタの復帰
    67                              <1>         ;---------------------------------
    68 00000058 5A                  <1>         pop     edx
    69 00000059 58                  <1>         pop     eax
    70                              <1> 
    71                              <1>         ;---------------------------------
    72                              <1>         ; スタックフレームの破棄
    73                              <1>         ;---------------------------------
    74 0000005A 89EC                <1>         mov     esp, ebp
    75 0000005C 5D                  <1>         pop     ebp
    76                              <1> 
    77 0000005D C3                  <1>         ret
    78                              <1> 
    79                              <1> vram_font_copy:
    80                              <1>         ;---------------------------------
    81                              <1>         ; スタックフレームの構築
    82                              <1>         ;---------------------------------
    83                              <1>                                             ;    +20| 描画色
    84                              <1>                                             ;    +16| プレーン(ビット指定)
    85                              <1>                                             ;    +12| VRAMアドレス
    86                              <1>                                             ;    + 8| フォントアドレス
    87                              <1>                                             ; ------+---------------
    88 0000005E 55                  <1>         push    ebp                         ;    + 4| EIP (戻り番地)
    89 0000005F 89E5                <1>         mov     ebp, esp                    ; EBP+ 0| EBP (元の値)
    90                              <1>                                             ; ------+---------------
    91                              <1> 
    92                              <1>         ;---------------------------------
    93                              <1>         ; レジスタの保存
    94                              <1>         ;---------------------------------
    95 00000061 50                  <1>         push    eax
    96 00000062 53                  <1>         push    ebx
    97 00000063 51                  <1>         push    ecx
    98 00000064 52                  <1>         push    edx
    99 00000065 56                  <1>         push    esi
   100 00000066 57                  <1>         push    edi
   101                              <1> 
   102                              <1>         ;---------------------------------
   103                              <1>         ; 処理の開始
   104                              <1>         ;---------------------------------
   105 00000067 8B7508              <1>         mov     esi, [ebp + 8]
   106 0000006A 8B7D0C              <1>         mov     edi, [ebp +12]
   107 0000006D 0FB64510            <1>         movzx   eax, byte [ebp +16]
   108 00000071 0FB75D14            <1>         movzx   ebx, word [ebp + 20]
   109                              <1> 
   110 00000075 84C7                <1>         test    bh, al
   111 00000077 0F94C6              <1>         setz    dh
   112 0000007A FECE                <1>         dec     dh
   113                              <1> 
   114 0000007C 84C3                <1>         test    bl, al
   115 0000007E 0F94C2              <1>         setz    dl
   116 00000081 FECA                <1>         dec     dl
   117                              <1> 
   118                              <1>         ;---------------------------------
   119                              <1>         ; 16ドットフォントのコピー
   120                              <1>         ;---------------------------------
   121 00000083 FC                  <1>         cld
   122                              <1> 
   123 00000084 B910000000          <1>         mov     ecx, 16
   124                              <1> .10L:
   125                              <1>         ;---------------------------------
   126                              <1>         ; フォントマスクの作成
   127                              <1>         ;---------------------------------
   128 00000089 AC                  <1>         lodsb
   129 0000008A 88C4                <1>         mov     ah, al
   130 0000008C F6D4                <1>         not     ah
   131                              <1> 
   132                              <1>         ;---------------------------------
   133                              <1>         ; 前景色
   134                              <1>         ;---------------------------------
   135                              <1> 
   136 0000008E 20D0                <1>         and     al, dl
   137                              <1> 
   138                              <1>         ;---------------------------------
   139                              <1>         ; 背景色
   140                              <1>         ;---------------------------------
   141 00000090 F7C310000000        <1>         test    ebx, 0x0010
   142 00000096 7404                <1>         jz      .11F
   143 00000098 2227                <1>         and     ah, [edi]
   144 0000009A EB02                <1>         jmp     .11E
   145                              <1> .11F:
   146                              <1> 
   147 0000009C 20F4                <1>         and     ah, dh
   148                              <1> .11E:
   149                              <1> 
   150                              <1>         ;---------------------------------
   151                              <1>         ; 前景色と背景色を合成
   152                              <1>         ;---------------------------------
   153 0000009E 08E0                <1>         or      al, ah
   154                              <1> 
   155                              <1>         ;---------------------------------
   156                              <1>         ; 新しい値を出力
   157                              <1>         ;---------------------------------
   158 000000A0 8807                <1>         mov     [edi], al
   159                              <1> 
   160 000000A2 83C750              <1>         add     edi, 80
   161 000000A5 E2E2                <1>         loop    .10L
   162                              <1> .10E:
   163                              <1> 
   164                              <1>         ;---------------------------------
   165                              <1>         ; レジスタの復帰
   166                              <1>         ;---------------------------------
   167 000000A7 5F                  <1>         pop     edi
   168 000000A8 5E                  <1>         pop     esi
   169 000000A9 5A                  <1>         pop     edx
   170 000000AA 59                  <1>         pop     ecx
   171 000000AB 5B                  <1>         pop     ebx
   172 000000AC 58                  <1>         pop     eax
   173                              <1> 
   174                              <1>         ;---------------------------------
   175                              <1>         ; スタックフレームの破棄
   176                              <1>         ;---------------------------------
   177 000000AD 89EC                <1>         mov     esp, ebp
   178 000000AF 5D                  <1>         pop     ebp
   179                              <1> 
   180 000000B0 C3                  <1>         ret
    38                                  %include  "../modules/protect/draw_char.s"
     1                              <1> draw_char:
     2                              <1>     ;---------------------------------
     3                              <1>     ;   スタックフレームの構築
     4                              <1>     ;---------------------------------
     5                              <1>                                         ;     +20| 文字
     6                              <1>                                         ;     +16| 描画色
     7                              <1>                                         ;     +12| 行
     8                              <1>                                         ;     + 8| 列
     9                              <1>                                         ;  ------|------
    10 000000B1 55                  <1>     push    ebp                         ;  EBP+ 4| IP(戻り番地)
    11 000000B2 89E5                <1>     mov     ebp, esp                    ;  EBP+ 0| BP(元の値)
    12                              <1>                                         ;  ------+------
    13                              <1> 
    14                              <1>     ;---------------------------------
    15                              <1>     ; レジスタの保存
    16                              <1>     ;---------------------------------
    17 000000B4 50                  <1>     push    eax
    18 000000B5 53                  <1>     push    ebx
    19 000000B6 51                  <1>     push    ecx
    20 000000B7 52                  <1>     push    edx
    21 000000B8 56                  <1>     push    esi
    22 000000B9 57                  <1>     push    edi
    23                              <1> 
    24                              <1>     ;---------------------------------------
    25                              <1>     ; テストアンドセット
    26                              <1>     ;---------------------------------------
    27                              <1> %ifdef	USE_TEST_AND_SET
    28                              <1>     cdecl	test_and_set, IN_USE			; TEST_AND_SET(IN_USE); // リソースの空き待ち
    29                              <1> %endif
    30                              <1> 
    31                              <1>     ;---------------------------------------
    32                              <1>     ; コピー元フォントアドレスを設定
    33                              <1>     ;---------------------------------------
    34 000000BA 0FB67514            <1>     movzx   esi, byte [ebp + 20]            ; CL  = 文字コード;
    35 000000BE C1E604              <1>     shl     esi, 4							; CL *= 16; // 1文字16バイト
    36 000000C1 0335[28000000]      <1>     add     esi, [FONT_ADR]					; ESI = フォントアドレス;
    37                              <1> 
    38                              <1>     ;---------------------------------------
    39                              <1>     ; コピー先アドレスを取得
    40                              <1>     ; Adr = 0xA0000 + (640 / 8 * 16) * y + x
    41                              <1>     ;---------------------------------------
    42 000000C7 8B7D0C              <1>     mov     edi, [ebp + 12]                 ; Y（行）
    43 000000CA C1E708              <1>     shl     edi, 8							; EDI = Y * 256;
    44 000000CD 8DBCBF00000A00      <1>     lea     edi, [edi * 4 + edi + 0xA0000]	; EDI = Y *   4 + Y;
    45 000000D4 037D08              <1>     add     edi, [ebp + 8]					; X（列）
    46                              <1> 
    47                              <1>     ;---------------------------------------
    48                              <1>     ; 1文字分のフォントを出力
    49                              <1>     ;---------------------------------------
    50 000000D7 0FB75D10            <1>     movzx   ebx, word [ebp + 16]            ; // 表示色
    51                              <1> 
    52 000000DB 6A03E84AFFFFFF6683- <1>     cdecl   vga_set_read_plane, 0x03		; // 書き込みプレーン：輝度(I)
    52 000000E4 C404                <1>
    53 000000E6 6A08E858FFFFFF6683- <1>     cdecl   vga_set_write_plane, 0x08		; // 読み込みプレーン：輝度(I)
    53 000000EF C404                <1>
    54 000000F1 536A085756E863FFFF- <1>     cdecl   vram_font_copy, esi, edi, 0x08, ebx
    54 000000FA FF6683C410          <1>
    55                              <1> 
    56 000000FF 6A02E826FFFFFF6683- <1>     cdecl   vga_set_read_plane, 0x02		; // 書き込みプレーン：赤(R)
    56 00000108 C404                <1>
    57 0000010A 6A04E834FFFFFF6683- <1>     cdecl   vga_set_write_plane, 0x04		; // 読み込みプレーン：赤(R)
    57 00000113 C404                <1>
    58 00000115 536A045756E83FFFFF- <1>     cdecl   vram_font_copy, esi, edi, 0x04, ebx
    58 0000011E FF6683C410          <1>
    59                              <1> 
    60 00000123 6A01E802FFFFFF6683- <1>     cdecl   vga_set_read_plane, 0x01		; // 書き込みプレーン：緑(G)
    60 0000012C C404                <1>
    61 0000012E 6A02E810FFFFFF6683- <1>     cdecl   vga_set_write_plane, 0x02		; // 読み込みプレーン：緑(G)
    61 00000137 C404                <1>
    62 00000139 536A025756E81BFFFF- <1>     cdecl   vram_font_copy, esi, edi, 0x02, ebx
    62 00000142 FF6683C410          <1>
    63                              <1> 
    64 00000147 6A00E8DEFEFFFF6683- <1>     cdecl   vga_set_read_plane, 0x00		; // 書き込みプレーン：青(B)
    64 00000150 C404                <1>
    65 00000152 6A01E8ECFEFFFF6683- <1>     cdecl   vga_set_write_plane, 0x01		; // 読み込みプレーン：青(B)
    65 0000015B C404                <1>
    66 0000015D 536A015756E8F7FEFF- <1>     cdecl   vram_font_copy, esi, edi, 0x01, ebx
    66 00000166 FF6683C410          <1>
    67                              <1> 
    68                              <1> %ifdef	USE_TEST_AND_SET
    69                              <1>     ;---------------------------------------
    70                              <1>     ; テストアンドセット
    71                              <1>     ;---------------------------------------
    72                              <1>     mov		[IN_USE], dword 0				; 変数のクリア
    73                              <1> %endif
    74                              <1> 
    75                              <1>     ;---------------------------------
    76                              <1>     ; レジスタの復帰
    77                              <1>     ;---------------------------------
    78 0000016B 5F                  <1>     pop     edi
    79 0000016C 5E                  <1>     pop     esi
    80 0000016D 5A                  <1>     pop     edx
    81 0000016E 59                  <1>     pop     ecx
    82 0000016F 5B                  <1>     pop     ebx
    83 00000170 58                  <1>     pop     eax
    84                              <1> 
    85                              <1>     ;---------------------------------
    86                              <1>     ; スタックフレームの破棄
    87                              <1>     ;---------------------------------
    88 00000171 89EC                <1>     mov     esp, ebp
    89 00000173 5D                  <1>     pop     ebp
    90                              <1> 
    91 00000174 C3                  <1>     ret
    92                              <1> 
    93                              <1> %ifdef USE_TEST_AND_SET
    94                              <1> ALIGN 4, db 0
    95                              <1> IN_USE:	dd	0
    96                              <1> %endif
    39                                  %include  "../modules/protect/draw_font.s"
     1                              <1> draw_font:
     2                              <1>         ;
     3                              <1>         ;
     4                              <1>         ;
     5                              <1> 
     6 00000175 55                  <1>         push    ebp
     7 00000176 89E5                <1>         mov     ebp, esp
     8                              <1> 
     9                              <1>         ;
    10                              <1>         ;
    11                              <1>         ;
    12 00000178 50                  <1>         push    eax
    13 00000179 53                  <1>         push    ebx
    14 0000017A 51                  <1>         push    ecx
    15 0000017B 52                  <1>         push    edx
    16 0000017C 56                  <1>         push    esi
    17 0000017D 57                  <1>         push    edi
    18                              <1> 
    19                              <1>         ;
    20                              <1>         ;
    21                              <1>         ;
    22 0000017E 8B7508              <1>         mov     esi, [ebp + 8]
    23 00000181 8B7D0C              <1>         mov     edi, [ebp + 12]
    24                              <1> 
    25                              <1>         ;
    26                              <1>         ;
    27                              <1>         ;
    28 00000184 B900000000          <1>         mov     ecx, 0
    29 00000189 81F900010000        <1> .10L:   cmp     ecx, 256
    30 0000018F 731F                <1>         jae     .10E
    31                              <1>     
    32 00000191 89C8                <1>         mov     eax, ecx
    33 00000193 83E00F              <1>         and     eax, 0x0F
    34 00000196 01F0                <1>         add     eax, esi
    35                              <1> 
    36 00000198 89CB                <1>         mov     ebx, ecx
    37 0000019A C1EB04              <1>         shr     ebx, 4
    38 0000019D 01FB                <1>         add     ebx, edi
    39                              <1>         
    40 0000019F 516A075350E808FFFF- <1>         cdecl   draw_char, eax, ebx, 0x07, ecx
    40 000001A8 FF6683C410          <1>
    41                              <1> 
    42 000001AD 41                  <1>         inc     ecx
    43 000001AE EBD9                <1>         jmp     .10L
    44                              <1> .10E:
    45                              <1> 
    46                              <1> 
    47                              <1> 
    48                              <1>         ;
    49                              <1>         ;
    50                              <1>         ;
    51 000001B0 5F                  <1>         pop     edi
    52 000001B1 5E                  <1>         pop     esi
    53 000001B2 5A                  <1>         pop     edx
    54 000001B3 59                  <1>         pop     ecx
    55 000001B4 5B                  <1>         pop     ebx
    56 000001B5 58                  <1>         pop     eax
    57                              <1> 
    58                              <1>         ;
    59                              <1>         ;
    60                              <1>         ;
    61 000001B6 89EC                <1>         mov     esp, ebp
    62 000001B8 5D                  <1>         pop     ebp
    63                              <1> 
    64 000001B9 C3                  <1>         ret
    40                                  
    41                                  ;************************************************
    42                                  ;   パディング
    43                                  ;************************************************
    44 000001BA 00<rept>                        times   KERNEL_SIZE - ($ - $$)      db  0x00
